INFO:__main__:Parsing paid list file data/pricing-10-under-b.csv
INFO:__main__:['com.blogspot.astroidedu.vocabstoriespro', 'com.blogspot.tdlmedia.tropic', 'com.blogspot.techandtopics.alcoholparty', 'com.BrenoArtes.SpaceDomination.Premium', 'com.brightson.soft.knowledge.CPT_Phlebotomy', 'com.broadspectrumpaid.kg5jst', 'com.buffstudio.bka', 'com.builtclean.android.livewallpapers.bacon.donate', 'com.Buket.BabyPop', 'com.bussola.pro', 'com.bytexgames.irisquest', 'com.canozcelik.can.engineeringeconomy', 'com.cassetteandpencil.jga', 'com.castle3d.livewallpaper', 'com.cava.androidsyn', 'com.ceilingmike.subredditwallpaperpaid', 'com.cesd.lottonumbers.lottonumberspro', 'com.cesd.www.tbltennispro', 'com.chordtrainer', 'com.clidoapps.ringtones', 'com.cognithema.chessvariations', 'com.commonmathstats.couponassistant.paid', 'com.comsofinteractive.tipcalculator', 'com.countdownr.android', 'com.creativaperu.sokoban', 'com.crimi.phaseout', 'com.cyphercove.animaltime', 'com.daklab.timertimer', 'com.dancadar.mobile.dashboard.gps.speedometer', 'com.david.metaltrivial', 'com.dazwierz42.lottopicker', 'com.derekjgrove.prompft.prompft', 'com.devhomc.soundplayer.pro', 'com.deviabox.quinielazos', 'com.dighentis.xylophone', 'com.digimindsoft.wallpaper.seastorm3d.pro', 'com.digitalbananas.moodanalyzer', 'com.digitalbananas.relaxingsounds', 'com.discountbook', 'com.dmartmor.loadplacespro', 'com.dotfinger.sudoku.pro', 'com.downplaygames.summergames', 'com.dri.moodscapes.nature.stillpond', 'com.droidheads.hotometer', 'com.droidheads.voicemailsanta', 'com.droidheads.voicemailtoothfairy', 'com.droidplant.mapmaster', 'com.duksel.halloweenslot.vip', 'com.duksel.mafia.slot.vip', 'com.duksel.slotpirates.vip', 'com.duksel.zombielandslot.vip', 'com.dummies.desolver', 'com.dutadev.lwp.papersea', 'com.dwappfactory.pocketcounselor', 'com.edba.woodbridges', 'com.ed_morana.iss_transit_prediction_pro', 'com.egproject.thehouse', 'com.elahinnovations.idealworkout.iwapp', 'com.eliteface.wear.watchface.efa11', 'com.emailtutor.quadsolve', 'com.emoticons_symbols.pre', 'com.epublica.android.kidsmusicplayer', 'com.eukata.speeduh', 'com.evilindiegames.chiptunerunner', 'com.exomut.android.buzzin', 'com.expandedlabs.behavioraltimer', 'com.extreme3dstudios.mathlabpro', 'com.eyeballmonkeymedia.dodge', 'com.eyeballmonkeymedia.tictactoe', 'com.e_deen.nasai', 'com.fakegaming.multidyndnsupater', 'com.falkenberg.bluetoothtimer', 'com.famlinkup.trainer', 'com.fatpixelgames.liquifyfull', 'com.fifthdimension.financiergold', 'com.finestandroid.rocket', 'com.floydbloke.touristconverterpro', 'com.forwardthinking.conversionmaster', 'com.fox.wallpaper.schnuffel', 'com.fox.wallpaper.volcanodragon', 'com.frantic.vlad', 'com.fredpitoizet.mlfw', 'com.freeland.runner', 'com.freequotesapp.pro', 'com.freezeappsstudio.calculatorpro', 'com.freezenova.maskedshootersfull', 'com.fruitmobile.app.backup', 'com.fruitmobile.app.btexplorer', 'com.future.brainsqueeze', 'com.future.fireworkstouch', 'com.gagan.smart.lock', 'com.game.mrs_clownfish', 'com.gameswithlogic.duo2', 'com.gamezen.brixbuster_G', 'com.gamezen.jewelbuster_G', 'com.gappscorp.diffuser', 'com.gappscorp.xbooster.prime', 'com.garrok.pipes', 'com.geoffsgames.bomber', 'com.ggsfx.gfz', 'com.gionel.locationsharing', 'com.gkproggy.gkproggypoker', 'com.glapplications.crazyeight', 'com.goatella.flutedots', 'com.goatella.saxdots', 'com.gocapricorn.flashlightpro', 'com.gohonzon', 'com.goliathonline.android.ohioliquor', 'com.greenrift.wordmaster', 'com.groovyapps.simplempg', 'com.gymsterpaid', 'com.hamilton.joel.physicsflakes', 'com.hektorapps.kurves', 'com.holfeldapps.speakgreek', 'com.home24.weightcontrol', 'com.hugoboss.userinterface', 'com.hulme.inchtommpro', 'com.hulme.tiresizeanalyzer', 'com.icondice.screenshotpro', 'com.iconnex.engspeak', 'com.iquestionbanks.bankexams', 'com.japanesegardenlivewallpaper', 'com.jaredshack.geoimageoverlay', 'com.jayassist.homescreenwidgetmaker', 'com.JC.easy_reminder', 'com.JC.inventory_and_checkout_250', 'com.jdartsoft.questions', 'com.jg.spongeminds.alphabetbubbles', 'com.jns.game.socialchinesechess.markethd', 'com.johnnywag.lunarcommander', 'com.joynow.enruphrasebook', 'com.jp.readers.tools.clip2dic', 'com.kalitechnologies.gaze.pro', 'com.kappel.walljumpwaterfall', 'com.kauf.birdminigolffreestylefun.google.premium', 'com.keithwiley.android.wildspectramobilepro', 'com.kidswriting.everykidsapps.en', 'com.kitalab.simplevolume', 'com.kiumiu.ca.statusbar', 'com.kukantech.molqulator', 'com.kuriusgames.tractorcrew', 'com.landsproject.alert', 'com.lauracaponeeditore.ilgiocodellabottiglia', 'com.lecacheur.android.ezshare.pro', 'com.leodev.real.mayafuturetellingengpro', 'com.lessonplan.lessonplan.lessonplanpro', 'com.linderdaum.engine.multibricks', 'com.livella.pro', 'com.lovewallpaper', 'com.luckyme.alertpopup', 'com.ludicflame.minifan.full', 'com.luisroberto.lrpda', 'com.lunarpixel.dragonsdungeonrpg', 'com.magicfind.infinity', 'com.maliukh.wallpaper.unreal3d', 'com.massivecoding.lightmyhearts', 'com.mathathon.paid', 'com.Maths.fifthgradegooglepro', 'com.mauiit.jqueryproquickguide', 'com.mauiit.phpproquickguide', 'com.mauiit.sqlproquickguide', 'com.maxcom.biorhythm', 'com.mcmwebsite.mcmeventreminder', 'com.meteo.pro', 'com.metosphere.shoe', 'com.microbull.microtorch', 'com.mikhaylov.kolesov.plasticinebeach', 'com.mikron.ClosedAreaFull', 'com.mindsetapp', 'com.miragelab.boomland.full', 'com.mjdapp.decaycalc', 'com.mmtlabs.sparkler', 'com.mnocompany.pickupviber', 'com.mobilebabytoys.animalsounds', 'com.mobimarketlabs.mechanic', 'com.mobisystems.msgs', 'com.mobitech.choice', 'com.mosync.app_ICanHebrew_Sampler', 'com.moz.racing2015.pro', 'com.mrmethane.fartapp', 'com.munyanmedia.carsandtrucks', 'com.nadisam.citybombing.pro', 'com.nddev360.ice_invaders', 'com.nnc.launcher', 'com.nobu_games.android.zoolicious', 'com.nomix.significatodeinomi', 'com.noodlecake.leagueofevil', 'com.ocean.aquarium.livewallpaper', 'com.onecwireless.movietrivia.full', 'com.onecwireless.spider1.full', 'com.ovogame.smileyspop', 'com.paemaideas.homebuying', 'com.partyPowered.GPS_EASY_CAR_PRO', 'com.pgc.fastfacts', 'com.pgc.heavylyrics', 'com.pgc.pubquiz.history', 'com.pgc.pubquiz.music', 'com.pgc.pubquiz.sports', 'com.pgc.tvtrivia', 'com.philygsteak.matchgame', 'com.philygsteak.pixelarmy', 'com.phrenopolis.colorclock', 'com.pimentoso.android.candyfall', 'com.placebo.android.livewallpapers', 'com.platsnetvinsfull', 'com.playcoolzombiesportgames.mine.craft.pocket.lite.exploration.voxel.adventure.world.girl.girls.minecraft.princess.ads.free', 'com.playito.deathmetal', 'com.pmadelaine.aerocalc', 'com.poash.linuxreferencepro', 'com.poash.lwp.funnyfarm', 'com.poash.lwp.waterfall3d', 'com.protoss5482.classiclines', 'com.ps.dmeasytrack', 'com.puzzlehouse.santasworkout2', 'com.puzzles.bridges', 'com.qefe.africawin.guaranteed', 'com.qefe.lottowin.guaranteed', 'com.queen3software.DinnerBell', 'com.ramandeepbakshi.remotesecuritysuiteroot', 'com.ramzichaich.emergency', 'com.rayhouseproductions.lasercrash', 'com.raypho.sweetcandyiconpack', 'com.rdx.englishletters', 'com.realspace3d.livewallpaper', 'com.requestanapp.kenoanalyzerpaid', 'com.requestanapp.wageslavepaid', 'com.rlw.livewallpaper', 'com.roc.dreamdays', 'com.roqapps.mycurrency', 'com.russpuppy.alphabettoddler', 'com.saicum', 'com.savan.discountchart', 'com.scorerbox.boxscoreforbb', 'com.sd.airplaneslwp', 'com.sd.coasterlwp', 'com.seapps.android.bills', 'com.semen.simplyeconomy', 'com.serviceme.silentmanager', 'com.seventyeightgames.particle_fun', 'com.sheldoncooper.calculatuparo_donacion', 'com.sheldoncooper.dontbotherme', 'com.shen.merge55', 'com.silvercrk.backgammon_thd', 'com.silvercrk.euchre', 'com.silvercrk.hearts', 'com.simplyusefulapps.android.wallpaper.tesla', 'com.skyarts.android.mugennumberplace', 'com.skyarts.android.neopiano', 'com.slaminsoftware.android.ParachuteDrop', 'com.smart.clipboard']
INFO:__main__:Read 250 lines
INFO:__main__:Using geckodriver /home/ioreyes/Programming/auto-buy/geckodriver/geckodriver-linux64
INFO:__main__:Using profile /tmp/tmpdsuoreoq/webdriver-py-profilecopy
INFO:__main__:Loading https://play.google.com/store/apps/details?id=com.blogspot.astroidedu.vocabstoriespro
INFO:__main__:com.blogspot.astroidedu.vocabstoriespro has already been purchased, skipping
INFO:__main__:Loading https://play.google.com/store/apps/details?id=com.blogspot.tdlmedia.tropic
INFO:__main__:com.blogspot.tdlmedia.tropic has already been purchased, skipping
INFO:__main__:Loading https://play.google.com/store/apps/details?id=com.blogspot.techandtopics.alcoholparty
INFO:__main__:com.blogspot.techandtopics.alcoholparty has already been purchased, skipping
INFO:__main__:Loading https://play.google.com/store/apps/details?id=com.BrenoArtes.SpaceDomination.Premium
INFO:__main__:com.BrenoArtes.SpaceDomination.Premium has already been purchased, skipping
INFO:__main__:Loading https://play.google.com/store/apps/details?id=com.brightson.soft.knowledge.CPT_Phlebotomy
INFO:__main__:com.brightson.soft.knowledge.CPT_Phlebotomy has already been purchased, skipping
INFO:__main__:Loading https://play.google.com/store/apps/details?id=com.broadspectrumpaid.kg5jst
INFO:__main__:com.broadspectrumpaid.kg5jst has already been purchased, skipping
INFO:__main__:Loading https://play.google.com/store/apps/details?id=com.buffstudio.bka
INFO:__main__:com.buffstudio.bka has already been purchased, skipping
INFO:__main__:Loading https://play.google.com/store/apps/details?id=com.builtclean.android.livewallpapers.bacon.donate
INFO:__main__:com.builtclean.android.livewallpapers.bacon.donate has already been purchased, skipping
INFO:__main__:Loading https://play.google.com/store/apps/details?id=com.Buket.BabyPop
INFO:__main__:com.Buket.BabyPop has already been purchased, skipping
INFO:__main__:Loading https://play.google.com/store/apps/details?id=com.bussola.pro
INFO:__main__:com.bussola.pro has already been purchased, skipping
INFO:__main__:Loading https://play.google.com/store/apps/details?id=com.bytexgames.irisquest
INFO:__main__:com.bytexgames.irisquest has already been purchased, skipping
INFO:__main__:Loading https://play.google.com/store/apps/details?id=com.canozcelik.can.engineeringeconomy
INFO:__main__:com.canozcelik.can.engineeringeconomy has already been purchased, skipping
INFO:__main__:Loading https://play.google.com/store/apps/details?id=com.cassetteandpencil.jga
INFO:__main__:com.cassetteandpencil.jga has already been purchased, skipping
INFO:__main__:Loading https://play.google.com/store/apps/details?id=com.castle3d.livewallpaper
INFO:__main__:com.castle3d.livewallpaper has already been purchased, skipping
INFO:__main__:Loading https://play.google.com/store/apps/details?id=com.cava.androidsyn
INFO:__main__:com.cava.androidsyn has already been purchased, skipping
INFO:__main__:Loading https://play.google.com/store/apps/details?id=com.ceilingmike.subredditwallpaperpaid
INFO:__main__:com.ceilingmike.subredditwallpaperpaid has already been purchased, skipping
INFO:__main__:Loading https://play.google.com/store/apps/details?id=com.cesd.lottonumbers.lottonumberspro
INFO:__main__:com.cesd.lottonumbers.lottonumberspro has already been purchased, skipping
INFO:__main__:Loading https://play.google.com/store/apps/details?id=com.cesd.www.tbltennispro
INFO:__main__:com.cesd.www.tbltennispro has already been purchased, skipping
INFO:__main__:Loading https://play.google.com/store/apps/details?id=com.chordtrainer
INFO:__main__:com.chordtrainer has already been purchased, skipping
INFO:__main__:Loading https://play.google.com/store/apps/details?id=com.clidoapps.ringtones
INFO:__main__:com.clidoapps.ringtones has already been purchased, skipping
INFO:__main__:Loading https://play.google.com/store/apps/details?id=com.cognithema.chessvariations
INFO:__main__:com.cognithema.chessvariations has already been purchased, skipping
INFO:__main__:Loading https://play.google.com/store/apps/details?id=com.commonmathstats.couponassistant.paid
INFO:__main__:com.commonmathstats.couponassistant.paid has already been purchased, skipping
INFO:__main__:Loading https://play.google.com/store/apps/details?id=com.comsofinteractive.tipcalculator
INFO:__main__:com.comsofinteractive.tipcalculator has already been purchased, skipping
INFO:__main__:Loading https://play.google.com/store/apps/details?id=com.countdownr.android
INFO:__main__:com.countdownr.android has already been purchased, skipping
INFO:__main__:Loading https://play.google.com/store/apps/details?id=com.creativaperu.sokoban
INFO:__main__:com.creativaperu.sokoban has already been purchased, skipping
INFO:__main__:Loading https://play.google.com/store/apps/details?id=com.crimi.phaseout
INFO:__main__:com.crimi.phaseout has already been purchased, skipping
INFO:__main__:Loading https://play.google.com/store/apps/details?id=com.cyphercove.animaltime
INFO:__main__:com.cyphercove.animaltime has already been purchased, skipping
INFO:__main__:Loading https://play.google.com/store/apps/details?id=com.daklab.timertimer
INFO:__main__:com.daklab.timertimer has already been purchased, skipping
INFO:__main__:Loading https://play.google.com/store/apps/details?id=com.dancadar.mobile.dashboard.gps.speedometer
INFO:__main__:com.dancadar.mobile.dashboard.gps.speedometer has already been purchased, skipping
INFO:__main__:Loading https://play.google.com/store/apps/details?id=com.david.metaltrivial
INFO:__main__:com.david.metaltrivial has already been purchased, skipping
INFO:__main__:Loading https://play.google.com/store/apps/details?id=com.dazwierz42.lottopicker
INFO:__main__:com.dazwierz42.lottopicker has already been purchased, skipping
INFO:__main__:Loading https://play.google.com/store/apps/details?id=com.derekjgrove.prompft.prompft
INFO:__main__:com.derekjgrove.prompft.prompft has already been purchased, skipping
INFO:__main__:Loading https://play.google.com/store/apps/details?id=com.devhomc.soundplayer.pro
INFO:__main__:com.devhomc.soundplayer.pro has already been purchased, skipping
INFO:__main__:Loading https://play.google.com/store/apps/details?id=com.deviabox.quinielazos
INFO:__main__:com.deviabox.quinielazos has already been purchased, skipping
INFO:__main__:Loading https://play.google.com/store/apps/details?id=com.dighentis.xylophone
INFO:__main__:com.dighentis.xylophone has already been purchased, skipping
INFO:__main__:Loading https://play.google.com/store/apps/details?id=com.digimindsoft.wallpaper.seastorm3d.pro
INFO:__main__:com.digimindsoft.wallpaper.seastorm3d.pro has already been purchased, skipping
INFO:__main__:Loading https://play.google.com/store/apps/details?id=com.digitalbananas.moodanalyzer
INFO:__main__:com.digitalbananas.moodanalyzer has already been purchased, skipping
INFO:__main__:Loading https://play.google.com/store/apps/details?id=com.digitalbananas.relaxingsounds
INFO:__main__:com.digitalbananas.relaxingsounds has already been purchased, skipping
INFO:__main__:Loading https://play.google.com/store/apps/details?id=com.discountbook
INFO:__main__:com.discountbook has already been purchased, skipping
INFO:__main__:Loading https://play.google.com/store/apps/details?id=com.dmartmor.loadplacespro
INFO:__main__:com.dmartmor.loadplacespro has already been purchased, skipping
INFO:__main__:Loading https://play.google.com/store/apps/details?id=com.dotfinger.sudoku.pro
INFO:__main__:com.dotfinger.sudoku.pro has already been purchased, skipping
INFO:__main__:Loading https://play.google.com/store/apps/details?id=com.downplaygames.summergames
INFO:__main__:com.downplaygames.summergames has already been purchased, skipping
INFO:__main__:Loading https://play.google.com/store/apps/details?id=com.dri.moodscapes.nature.stillpond
INFO:__main__:com.dri.moodscapes.nature.stillpond has already been purchased, skipping
INFO:__main__:Loading https://play.google.com/store/apps/details?id=com.droidheads.hotometer
INFO:__main__:com.droidheads.hotometer has already been purchased, skipping
INFO:__main__:Loading https://play.google.com/store/apps/details?id=com.droidheads.voicemailsanta
INFO:__main__:com.droidheads.voicemailsanta has already been purchased, skipping
INFO:__main__:Loading https://play.google.com/store/apps/details?id=com.droidheads.voicemailtoothfairy
INFO:__main__:com.droidheads.voicemailtoothfairy has already been purchased, skipping
INFO:__main__:Loading https://play.google.com/store/apps/details?id=com.droidplant.mapmaster
INFO:__main__:com.droidplant.mapmaster has already been purchased, skipping
INFO:__main__:Loading https://play.google.com/store/apps/details?id=com.duksel.halloweenslot.vip
INFO:__main__:com.duksel.halloweenslot.vip has already been purchased, skipping
INFO:__main__:Loading https://play.google.com/store/apps/details?id=com.duksel.mafia.slot.vip
INFO:__main__:com.duksel.mafia.slot.vip has already been purchased, skipping
INFO:__main__:Loading https://play.google.com/store/apps/details?id=com.duksel.slotpirates.vip
INFO:__main__:com.duksel.slotpirates.vip has already been purchased, skipping
INFO:__main__:Loading https://play.google.com/store/apps/details?id=com.duksel.zombielandslot.vip
INFO:__main__:com.duksel.zombielandslot.vip has already been purchased, skipping
INFO:__main__:Loading https://play.google.com/store/apps/details?id=com.dummies.desolver
INFO:__main__:com.dummies.desolver has already been purchased, skipping
INFO:__main__:Loading https://play.google.com/store/apps/details?id=com.dutadev.lwp.papersea
INFO:__main__:com.dutadev.lwp.papersea has already been purchased, skipping
INFO:__main__:Loading https://play.google.com/store/apps/details?id=com.dwappfactory.pocketcounselor
INFO:__main__:com.dwappfactory.pocketcounselor has already been purchased, skipping
INFO:__main__:Loading https://play.google.com/store/apps/details?id=com.edba.woodbridges
INFO:__main__:com.edba.woodbridges has already been purchased, skipping
INFO:__main__:Loading https://play.google.com/store/apps/details?id=com.ed_morana.iss_transit_prediction_pro
INFO:__main__:com.ed_morana.iss_transit_prediction_pro has already been purchased, skipping
INFO:__main__:Loading https://play.google.com/store/apps/details?id=com.egproject.thehouse
INFO:__main__:com.egproject.thehouse has already been purchased, skipping
INFO:__main__:Loading https://play.google.com/store/apps/details?id=com.elahinnovations.idealworkout.iwapp
INFO:__main__:com.elahinnovations.idealworkout.iwapp has already been purchased, skipping
INFO:__main__:Loading https://play.google.com/store/apps/details?id=com.eliteface.wear.watchface.efa11
INFO:__main__:com.eliteface.wear.watchface.efa11 has already been purchased, skipping
INFO:__main__:Loading https://play.google.com/store/apps/details?id=com.emailtutor.quadsolve
INFO:__main__:com.emailtutor.quadsolve has already been purchased, skipping
INFO:__main__:Loading https://play.google.com/store/apps/details?id=com.emoticons_symbols.pre
INFO:__main__:com.emoticons_symbols.pre has already been purchased, skipping
INFO:__main__:Loading https://play.google.com/store/apps/details?id=com.epublica.android.kidsmusicplayer
INFO:__main__:com.epublica.android.kidsmusicplayer has already been purchased, skipping
INFO:__main__:Loading https://play.google.com/store/apps/details?id=com.eukata.speeduh
INFO:__main__:com.eukata.speeduh has already been purchased, skipping
INFO:__main__:Loading https://play.google.com/store/apps/details?id=com.evilindiegames.chiptunerunner
INFO:__main__:com.evilindiegames.chiptunerunner has already been purchased, skipping
INFO:__main__:Loading https://play.google.com/store/apps/details?id=com.exomut.android.buzzin
INFO:__main__:com.exomut.android.buzzin has already been purchased, skipping
INFO:__main__:Loading https://play.google.com/store/apps/details?id=com.expandedlabs.behavioraltimer
INFO:__main__:com.expandedlabs.behavioraltimer has already been purchased, skipping
INFO:__main__:Loading https://play.google.com/store/apps/details?id=com.extreme3dstudios.mathlabpro
INFO:__main__:com.extreme3dstudios.mathlabpro has already been purchased, skipping
INFO:__main__:Loading https://play.google.com/store/apps/details?id=com.eyeballmonkeymedia.dodge
INFO:__main__:com.eyeballmonkeymedia.dodge has already been purchased, skipping
INFO:__main__:Loading https://play.google.com/store/apps/details?id=com.eyeballmonkeymedia.tictactoe
INFO:__main__:com.eyeballmonkeymedia.tictactoe has already been purchased, skipping
INFO:__main__:Loading https://play.google.com/store/apps/details?id=com.e_deen.nasai
INFO:__main__:com.e_deen.nasai has already been purchased, skipping
INFO:__main__:Loading https://play.google.com/store/apps/details?id=com.fakegaming.multidyndnsupater
INFO:__main__:com.fakegaming.multidyndnsupater has already been purchased, skipping
INFO:__main__:Loading https://play.google.com/store/apps/details?id=com.falkenberg.bluetoothtimer
INFO:__main__:com.falkenberg.bluetoothtimer has already been purchased, skipping
INFO:__main__:Loading https://play.google.com/store/apps/details?id=com.famlinkup.trainer
INFO:__main__:com.famlinkup.trainer has already been purchased, skipping
INFO:__main__:Loading https://play.google.com/store/apps/details?id=com.fatpixelgames.liquifyfull
INFO:__main__:com.fatpixelgames.liquifyfull has already been purchased, skipping
INFO:__main__:Loading https://play.google.com/store/apps/details?id=com.fifthdimension.financiergold
INFO:__main__:com.fifthdimension.financiergold has already been purchased, skipping
INFO:__main__:Loading https://play.google.com/store/apps/details?id=com.finestandroid.rocket
INFO:__main__:com.finestandroid.rocket has already been purchased, skipping
INFO:__main__:Loading https://play.google.com/store/apps/details?id=com.floydbloke.touristconverterpro
INFO:__main__:com.floydbloke.touristconverterpro has already been purchased, skipping
INFO:__main__:Loading https://play.google.com/store/apps/details?id=com.forwardthinking.conversionmaster
INFO:__main__:com.forwardthinking.conversionmaster has already been purchased, skipping
INFO:__main__:Loading https://play.google.com/store/apps/details?id=com.fox.wallpaper.schnuffel
INFO:__main__:com.fox.wallpaper.schnuffel has already been purchased, skipping
INFO:__main__:Loading https://play.google.com/store/apps/details?id=com.fox.wallpaper.volcanodragon
INFO:__main__:com.fox.wallpaper.volcanodragon has already been purchased, skipping
INFO:__main__:Loading https://play.google.com/store/apps/details?id=com.frantic.vlad
INFO:__main__:com.frantic.vlad has already been purchased, skipping
INFO:__main__:Loading https://play.google.com/store/apps/details?id=com.fredpitoizet.mlfw
INFO:__main__:com.fredpitoizet.mlfw has already been purchased, skipping
INFO:__main__:Loading https://play.google.com/store/apps/details?id=com.freeland.runner
INFO:__main__:com.freeland.runner has already been purchased, skipping
INFO:__main__:Loading https://play.google.com/store/apps/details?id=com.freequotesapp.pro
INFO:__main__:Clicking the first Buy button for com.freequotesapp.pro
INFO:__main__:Found the purchasing iframe
INFO:__main__:Clicking the Continue button for com.freequotesapp.pro
INFO:__main__:Clicking the second Buy button for com.freequotesapp.pro
INFO:__main__:Entering the password
INFO:__main__:Found the purchasing iframe again
ERROR:__main__:Exception buying com.freequotesapp.pro
Traceback (most recent call last):
  File "autobuy.py", line 83, in _buy
    confirm_box = WebDriverWait(driver, action_timeout).until(expected_conditions.visibility_of_element_located((By.XPATH, "//div[@class='purchase-confirm-message']")))
  File "/home/ioreyes/Programming/auto-buy/venv/lib/python3.7/site-packages/selenium/webdriver/support/wait.py", line 80, in until
    raise TimeoutException(message, screen, stacktrace)
selenium.common.exceptions.TimeoutException: Message: 

INFO:__main__:Resetting the driver frame to default
INFO:__main__:Loading https://play.google.com/store/apps/details?id=com.freezeappsstudio.calculatorpro
INFO:__main__:com.freezeappsstudio.calculatorpro has already been purchased, skipping
INFO:__main__:Loading https://play.google.com/store/apps/details?id=com.freezenova.maskedshootersfull
INFO:__main__:com.freezenova.maskedshootersfull has already been purchased, skipping
INFO:__main__:Loading https://play.google.com/store/apps/details?id=com.fruitmobile.app.backup
INFO:__main__:com.fruitmobile.app.backup has already been purchased, skipping
INFO:__main__:Loading https://play.google.com/store/apps/details?id=com.fruitmobile.app.btexplorer
INFO:__main__:com.fruitmobile.app.btexplorer has already been purchased, skipping
INFO:__main__:Loading https://play.google.com/store/apps/details?id=com.future.brainsqueeze
INFO:__main__:com.future.brainsqueeze has already been purchased, skipping
INFO:__main__:Loading https://play.google.com/store/apps/details?id=com.future.fireworkstouch
INFO:__main__:com.future.fireworkstouch has already been purchased, skipping
INFO:__main__:Loading https://play.google.com/store/apps/details?id=com.gagan.smart.lock
INFO:__main__:com.gagan.smart.lock has already been purchased, skipping
INFO:__main__:Loading https://play.google.com/store/apps/details?id=com.game.mrs_clownfish
INFO:__main__:com.game.mrs_clownfish has already been purchased, skipping
INFO:__main__:Loading https://play.google.com/store/apps/details?id=com.gameswithlogic.duo2
INFO:__main__:com.gameswithlogic.duo2 has already been purchased, skipping
INFO:__main__:Loading https://play.google.com/store/apps/details?id=com.gamezen.brixbuster_G
INFO:__main__:com.gamezen.brixbuster_G has already been purchased, skipping
INFO:__main__:Loading https://play.google.com/store/apps/details?id=com.gamezen.jewelbuster_G
INFO:__main__:com.gamezen.jewelbuster_G has already been purchased, skipping
INFO:__main__:Loading https://play.google.com/store/apps/details?id=com.gappscorp.diffuser
INFO:__main__:com.gappscorp.diffuser has already been purchased, skipping
INFO:__main__:Loading https://play.google.com/store/apps/details?id=com.gappscorp.xbooster.prime
INFO:__main__:com.gappscorp.xbooster.prime has already been purchased, skipping
INFO:__main__:Loading https://play.google.com/store/apps/details?id=com.garrok.pipes
INFO:__main__:com.garrok.pipes has already been purchased, skipping
INFO:__main__:Loading https://play.google.com/store/apps/details?id=com.geoffsgames.bomber
INFO:__main__:com.geoffsgames.bomber has already been purchased, skipping
INFO:__main__:Loading https://play.google.com/store/apps/details?id=com.ggsfx.gfz
INFO:__main__:com.ggsfx.gfz has already been purchased, skipping
INFO:__main__:Loading https://play.google.com/store/apps/details?id=com.gionel.locationsharing
INFO:__main__:com.gionel.locationsharing has already been purchased, skipping
INFO:__main__:Loading https://play.google.com/store/apps/details?id=com.gkproggy.gkproggypoker
INFO:__main__:com.gkproggy.gkproggypoker has already been purchased, skipping
INFO:__main__:Loading https://play.google.com/store/apps/details?id=com.glapplications.crazyeight
INFO:__main__:com.glapplications.crazyeight has already been purchased, skipping
INFO:__main__:Loading https://play.google.com/store/apps/details?id=com.goatella.flutedots
INFO:__main__:com.goatella.flutedots has already been purchased, skipping
INFO:__main__:Loading https://play.google.com/store/apps/details?id=com.goatella.saxdots
INFO:__main__:com.goatella.saxdots has already been purchased, skipping
INFO:__main__:Loading https://play.google.com/store/apps/details?id=com.gocapricorn.flashlightpro
INFO:__main__:com.gocapricorn.flashlightpro has already been purchased, skipping
INFO:__main__:Loading https://play.google.com/store/apps/details?id=com.gohonzon
INFO:__main__:com.gohonzon has already been purchased, skipping
INFO:__main__:Loading https://play.google.com/store/apps/details?id=com.goliathonline.android.ohioliquor
INFO:__main__:com.goliathonline.android.ohioliquor has already been purchased, skipping
INFO:__main__:Loading https://play.google.com/store/apps/details?id=com.greenrift.wordmaster
INFO:__main__:com.greenrift.wordmaster has already been purchased, skipping
INFO:__main__:Loading https://play.google.com/store/apps/details?id=com.groovyapps.simplempg
INFO:__main__:com.groovyapps.simplempg has already been purchased, skipping
INFO:__main__:Loading https://play.google.com/store/apps/details?id=com.gymsterpaid
INFO:__main__:com.gymsterpaid has already been purchased, skipping
INFO:__main__:Loading https://play.google.com/store/apps/details?id=com.hamilton.joel.physicsflakes
INFO:__main__:com.hamilton.joel.physicsflakes has already been purchased, skipping
INFO:__main__:Loading https://play.google.com/store/apps/details?id=com.hektorapps.kurves
INFO:__main__:com.hektorapps.kurves has already been purchased, skipping
INFO:__main__:Loading https://play.google.com/store/apps/details?id=com.holfeldapps.speakgreek
INFO:__main__:com.holfeldapps.speakgreek has already been purchased, skipping
INFO:__main__:Loading https://play.google.com/store/apps/details?id=com.home24.weightcontrol
INFO:__main__:com.home24.weightcontrol has already been purchased, skipping
INFO:__main__:Loading https://play.google.com/store/apps/details?id=com.hugoboss.userinterface
INFO:__main__:com.hugoboss.userinterface has already been purchased, skipping
INFO:__main__:Loading https://play.google.com/store/apps/details?id=com.hulme.inchtommpro
INFO:__main__:com.hulme.inchtommpro has already been purchased, skipping
INFO:__main__:Loading https://play.google.com/store/apps/details?id=com.hulme.tiresizeanalyzer
INFO:__main__:com.hulme.tiresizeanalyzer has already been purchased, skipping
INFO:__main__:Loading https://play.google.com/store/apps/details?id=com.icondice.screenshotpro
INFO:__main__:com.icondice.screenshotpro has already been purchased, skipping
INFO:__main__:Loading https://play.google.com/store/apps/details?id=com.iconnex.engspeak
INFO:__main__:com.iconnex.engspeak has already been purchased, skipping
INFO:__main__:Loading https://play.google.com/store/apps/details?id=com.iquestionbanks.bankexams
INFO:__main__:com.iquestionbanks.bankexams has already been purchased, skipping
INFO:__main__:Loading https://play.google.com/store/apps/details?id=com.japanesegardenlivewallpaper
INFO:__main__:com.japanesegardenlivewallpaper has already been purchased, skipping
INFO:__main__:Loading https://play.google.com/store/apps/details?id=com.jaredshack.geoimageoverlay
INFO:__main__:com.jaredshack.geoimageoverlay has already been purchased, skipping
INFO:__main__:Loading https://play.google.com/store/apps/details?id=com.jayassist.homescreenwidgetmaker
INFO:__main__:com.jayassist.homescreenwidgetmaker has already been purchased, skipping
INFO:__main__:Loading https://play.google.com/store/apps/details?id=com.JC.easy_reminder
INFO:__main__:com.JC.easy_reminder has already been purchased, skipping
INFO:__main__:Loading https://play.google.com/store/apps/details?id=com.JC.inventory_and_checkout_250
INFO:__main__:com.JC.inventory_and_checkout_250 has already been purchased, skipping
INFO:__main__:Loading https://play.google.com/store/apps/details?id=com.jdartsoft.questions
INFO:__main__:com.jdartsoft.questions has already been purchased, skipping
INFO:__main__:Loading https://play.google.com/store/apps/details?id=com.jg.spongeminds.alphabetbubbles
INFO:__main__:com.jg.spongeminds.alphabetbubbles has already been purchased, skipping
INFO:__main__:Loading https://play.google.com/store/apps/details?id=com.jns.game.socialchinesechess.markethd
INFO:__main__:com.jns.game.socialchinesechess.markethd has already been purchased, skipping
INFO:__main__:Loading https://play.google.com/store/apps/details?id=com.johnnywag.lunarcommander
INFO:__main__:com.johnnywag.lunarcommander has already been purchased, skipping
INFO:__main__:Loading https://play.google.com/store/apps/details?id=com.joynow.enruphrasebook
INFO:__main__:com.joynow.enruphrasebook has already been purchased, skipping
INFO:__main__:Loading https://play.google.com/store/apps/details?id=com.jp.readers.tools.clip2dic
INFO:__main__:com.jp.readers.tools.clip2dic has already been purchased, skipping
INFO:__main__:Loading https://play.google.com/store/apps/details?id=com.kalitechnologies.gaze.pro
INFO:__main__:com.kalitechnologies.gaze.pro has already been purchased, skipping
INFO:__main__:Loading https://play.google.com/store/apps/details?id=com.kappel.walljumpwaterfall
ERROR:__main__:Exception buying com.kappel.walljumpwaterfall
Traceback (most recent call last):
  File "autobuy.py", line 57, in _buy
    buy_button = driver.find_element_by_xpath("//button[contains(@aria-label, 'Buy')]")
  File "/home/ioreyes/Programming/auto-buy/venv/lib/python3.7/site-packages/selenium/webdriver/remote/webdriver.py", line 394, in find_element_by_xpath
    return self.find_element(by=By.XPATH, value=xpath)
  File "/home/ioreyes/Programming/auto-buy/venv/lib/python3.7/site-packages/selenium/webdriver/remote/webdriver.py", line 978, in find_element
    'value': value})['value']
  File "/home/ioreyes/Programming/auto-buy/venv/lib/python3.7/site-packages/selenium/webdriver/remote/webdriver.py", line 321, in execute
    self.error_handler.check_response(response)
  File "/home/ioreyes/Programming/auto-buy/venv/lib/python3.7/site-packages/selenium/webdriver/remote/errorhandler.py", line 242, in check_response
    raise exception_class(message, screen, stacktrace)
selenium.common.exceptions.NoSuchElementException: Message: Unable to locate element: //button[contains(@aria-label, 'Buy')]

INFO:__main__:Resetting the driver frame to default
INFO:__main__:Loading https://play.google.com/store/apps/details?id=com.kauf.birdminigolffreestylefun.google.premium
INFO:__main__:com.kauf.birdminigolffreestylefun.google.premium has already been purchased, skipping
INFO:__main__:Loading https://play.google.com/store/apps/details?id=com.keithwiley.android.wildspectramobilepro
INFO:__main__:com.keithwiley.android.wildspectramobilepro has already been purchased, skipping
INFO:__main__:Loading https://play.google.com/store/apps/details?id=com.kidswriting.everykidsapps.en
INFO:__main__:com.kidswriting.everykidsapps.en has already been purchased, skipping
INFO:__main__:Loading https://play.google.com/store/apps/details?id=com.kitalab.simplevolume
INFO:__main__:com.kitalab.simplevolume has already been purchased, skipping
INFO:__main__:Loading https://play.google.com/store/apps/details?id=com.kiumiu.ca.statusbar
INFO:__main__:com.kiumiu.ca.statusbar has already been purchased, skipping
INFO:__main__:Loading https://play.google.com/store/apps/details?id=com.kukantech.molqulator
INFO:__main__:com.kukantech.molqulator has already been purchased, skipping
INFO:__main__:Loading https://play.google.com/store/apps/details?id=com.kuriusgames.tractorcrew
INFO:__main__:com.kuriusgames.tractorcrew has already been purchased, skipping
INFO:__main__:Loading https://play.google.com/store/apps/details?id=com.landsproject.alert
INFO:__main__:com.landsproject.alert has already been purchased, skipping
INFO:__main__:Loading https://play.google.com/store/apps/details?id=com.lauracaponeeditore.ilgiocodellabottiglia
INFO:__main__:com.lauracaponeeditore.ilgiocodellabottiglia has already been purchased, skipping
INFO:__main__:Loading https://play.google.com/store/apps/details?id=com.lecacheur.android.ezshare.pro
INFO:__main__:com.lecacheur.android.ezshare.pro has already been purchased, skipping
INFO:__main__:Loading https://play.google.com/store/apps/details?id=com.leodev.real.mayafuturetellingengpro
INFO:__main__:com.leodev.real.mayafuturetellingengpro has already been purchased, skipping
INFO:__main__:Loading https://play.google.com/store/apps/details?id=com.lessonplan.lessonplan.lessonplanpro
INFO:__main__:com.lessonplan.lessonplan.lessonplanpro has already been purchased, skipping
INFO:__main__:Loading https://play.google.com/store/apps/details?id=com.linderdaum.engine.multibricks
INFO:__main__:com.linderdaum.engine.multibricks has already been purchased, skipping
INFO:__main__:Loading https://play.google.com/store/apps/details?id=com.livella.pro
INFO:__main__:com.livella.pro has already been purchased, skipping
INFO:__main__:Loading https://play.google.com/store/apps/details?id=com.lovewallpaper
INFO:__main__:com.lovewallpaper has already been purchased, skipping
INFO:__main__:Loading https://play.google.com/store/apps/details?id=com.luckyme.alertpopup
INFO:__main__:com.luckyme.alertpopup has already been purchased, skipping
INFO:__main__:Loading https://play.google.com/store/apps/details?id=com.ludicflame.minifan.full
INFO:__main__:com.ludicflame.minifan.full has already been purchased, skipping
INFO:__main__:Loading https://play.google.com/store/apps/details?id=com.luisroberto.lrpda
INFO:__main__:com.luisroberto.lrpda has already been purchased, skipping
INFO:__main__:Loading https://play.google.com/store/apps/details?id=com.lunarpixel.dragonsdungeonrpg
INFO:__main__:com.lunarpixel.dragonsdungeonrpg has already been purchased, skipping
INFO:__main__:Loading https://play.google.com/store/apps/details?id=com.magicfind.infinity
INFO:__main__:com.magicfind.infinity has already been purchased, skipping
INFO:__main__:Loading https://play.google.com/store/apps/details?id=com.maliukh.wallpaper.unreal3d
INFO:__main__:com.maliukh.wallpaper.unreal3d has already been purchased, skipping
INFO:__main__:Loading https://play.google.com/store/apps/details?id=com.massivecoding.lightmyhearts
INFO:__main__:com.massivecoding.lightmyhearts has already been purchased, skipping
INFO:__main__:Loading https://play.google.com/store/apps/details?id=com.mathathon.paid
INFO:__main__:com.mathathon.paid has already been purchased, skipping
INFO:__main__:Loading https://play.google.com/store/apps/details?id=com.Maths.fifthgradegooglepro
INFO:__main__:com.Maths.fifthgradegooglepro has already been purchased, skipping
INFO:__main__:Loading https://play.google.com/store/apps/details?id=com.mauiit.jqueryproquickguide
INFO:__main__:com.mauiit.jqueryproquickguide has already been purchased, skipping
INFO:__main__:Loading https://play.google.com/store/apps/details?id=com.mauiit.phpproquickguide
INFO:__main__:com.mauiit.phpproquickguide has already been purchased, skipping
INFO:__main__:Loading https://play.google.com/store/apps/details?id=com.mauiit.sqlproquickguide
INFO:__main__:com.mauiit.sqlproquickguide has already been purchased, skipping
INFO:__main__:Loading https://play.google.com/store/apps/details?id=com.maxcom.biorhythm
INFO:__main__:com.maxcom.biorhythm has already been purchased, skipping
INFO:__main__:Loading https://play.google.com/store/apps/details?id=com.mcmwebsite.mcmeventreminder
INFO:__main__:com.mcmwebsite.mcmeventreminder has already been purchased, skipping
INFO:__main__:Loading https://play.google.com/store/apps/details?id=com.meteo.pro
INFO:__main__:com.meteo.pro has already been purchased, skipping
INFO:__main__:Loading https://play.google.com/store/apps/details?id=com.metosphere.shoe
INFO:__main__:com.metosphere.shoe has already been purchased, skipping
INFO:__main__:Loading https://play.google.com/store/apps/details?id=com.microbull.microtorch
INFO:__main__:com.microbull.microtorch has already been purchased, skipping
INFO:__main__:Loading https://play.google.com/store/apps/details?id=com.mikhaylov.kolesov.plasticinebeach
INFO:__main__:com.mikhaylov.kolesov.plasticinebeach has already been purchased, skipping
INFO:__main__:Loading https://play.google.com/store/apps/details?id=com.mikron.ClosedAreaFull
INFO:__main__:com.mikron.ClosedAreaFull has already been purchased, skipping
INFO:__main__:Loading https://play.google.com/store/apps/details?id=com.mindsetapp
INFO:__main__:com.mindsetapp has already been purchased, skipping
INFO:__main__:Loading https://play.google.com/store/apps/details?id=com.miragelab.boomland.full
INFO:__main__:com.miragelab.boomland.full has already been purchased, skipping
INFO:__main__:Loading https://play.google.com/store/apps/details?id=com.mjdapp.decaycalc
INFO:__main__:com.mjdapp.decaycalc has already been purchased, skipping
INFO:__main__:Loading https://play.google.com/store/apps/details?id=com.mmtlabs.sparkler
INFO:__main__:com.mmtlabs.sparkler has already been purchased, skipping
INFO:__main__:Loading https://play.google.com/store/apps/details?id=com.mnocompany.pickupviber
INFO:__main__:com.mnocompany.pickupviber has already been purchased, skipping
INFO:__main__:Loading https://play.google.com/store/apps/details?id=com.mobilebabytoys.animalsounds
INFO:__main__:com.mobilebabytoys.animalsounds has already been purchased, skipping
INFO:__main__:Loading https://play.google.com/store/apps/details?id=com.mobimarketlabs.mechanic
INFO:__main__:com.mobimarketlabs.mechanic has already been purchased, skipping
INFO:__main__:Loading https://play.google.com/store/apps/details?id=com.mobisystems.msgs
INFO:__main__:com.mobisystems.msgs has already been purchased, skipping
INFO:__main__:Loading https://play.google.com/store/apps/details?id=com.mobitech.choice
INFO:__main__:com.mobitech.choice has already been purchased, skipping
INFO:__main__:Loading https://play.google.com/store/apps/details?id=com.mosync.app_ICanHebrew_Sampler
INFO:__main__:com.mosync.app_ICanHebrew_Sampler has already been purchased, skipping
INFO:__main__:Loading https://play.google.com/store/apps/details?id=com.moz.racing2015.pro
INFO:__main__:com.moz.racing2015.pro has already been purchased, skipping
INFO:__main__:Loading https://play.google.com/store/apps/details?id=com.mrmethane.fartapp
INFO:__main__:com.mrmethane.fartapp has already been purchased, skipping
INFO:__main__:Loading https://play.google.com/store/apps/details?id=com.munyanmedia.carsandtrucks
INFO:__main__:com.munyanmedia.carsandtrucks has already been purchased, skipping
INFO:__main__:Loading https://play.google.com/store/apps/details?id=com.nadisam.citybombing.pro
INFO:__main__:com.nadisam.citybombing.pro has already been purchased, skipping
INFO:__main__:Loading https://play.google.com/store/apps/details?id=com.nddev360.ice_invaders
INFO:__main__:com.nddev360.ice_invaders has already been purchased, skipping
INFO:__main__:Loading https://play.google.com/store/apps/details?id=com.nnc.launcher
INFO:__main__:com.nnc.launcher has already been purchased, skipping
INFO:__main__:Loading https://play.google.com/store/apps/details?id=com.nobu_games.android.zoolicious
INFO:__main__:com.nobu_games.android.zoolicious has already been purchased, skipping
INFO:__main__:Loading https://play.google.com/store/apps/details?id=com.nomix.significatodeinomi
INFO:__main__:com.nomix.significatodeinomi has already been purchased, skipping
INFO:__main__:Loading https://play.google.com/store/apps/details?id=com.noodlecake.leagueofevil
INFO:__main__:com.noodlecake.leagueofevil has already been purchased, skipping
INFO:__main__:Loading https://play.google.com/store/apps/details?id=com.ocean.aquarium.livewallpaper
INFO:__main__:com.ocean.aquarium.livewallpaper has already been purchased, skipping
INFO:__main__:Loading https://play.google.com/store/apps/details?id=com.onecwireless.movietrivia.full
INFO:__main__:com.onecwireless.movietrivia.full has already been purchased, skipping
INFO:__main__:Loading https://play.google.com/store/apps/details?id=com.onecwireless.spider1.full
INFO:__main__:com.onecwireless.spider1.full has already been purchased, skipping
INFO:__main__:Loading https://play.google.com/store/apps/details?id=com.ovogame.smileyspop
INFO:__main__:com.ovogame.smileyspop has already been purchased, skipping
INFO:__main__:Loading https://play.google.com/store/apps/details?id=com.paemaideas.homebuying
INFO:__main__:com.paemaideas.homebuying has already been purchased, skipping
INFO:__main__:Loading https://play.google.com/store/apps/details?id=com.partyPowered.GPS_EASY_CAR_PRO
INFO:__main__:com.partyPowered.GPS_EASY_CAR_PRO has already been purchased, skipping
INFO:__main__:Loading https://play.google.com/store/apps/details?id=com.pgc.fastfacts
INFO:__main__:com.pgc.fastfacts has already been purchased, skipping
INFO:__main__:Loading https://play.google.com/store/apps/details?id=com.pgc.heavylyrics
INFO:__main__:com.pgc.heavylyrics has already been purchased, skipping
INFO:__main__:Loading https://play.google.com/store/apps/details?id=com.pgc.pubquiz.history
INFO:__main__:com.pgc.pubquiz.history has already been purchased, skipping
INFO:__main__:Loading https://play.google.com/store/apps/details?id=com.pgc.pubquiz.music
INFO:__main__:com.pgc.pubquiz.music has already been purchased, skipping
INFO:__main__:Loading https://play.google.com/store/apps/details?id=com.pgc.pubquiz.sports
INFO:__main__:com.pgc.pubquiz.sports has already been purchased, skipping
INFO:__main__:Loading https://play.google.com/store/apps/details?id=com.pgc.tvtrivia
INFO:__main__:com.pgc.tvtrivia has already been purchased, skipping
INFO:__main__:Loading https://play.google.com/store/apps/details?id=com.philygsteak.matchgame
INFO:__main__:com.philygsteak.matchgame has already been purchased, skipping
INFO:__main__:Loading https://play.google.com/store/apps/details?id=com.philygsteak.pixelarmy
INFO:__main__:com.philygsteak.pixelarmy has already been purchased, skipping
INFO:__main__:Loading https://play.google.com/store/apps/details?id=com.phrenopolis.colorclock
INFO:__main__:com.phrenopolis.colorclock has already been purchased, skipping
INFO:__main__:Loading https://play.google.com/store/apps/details?id=com.pimentoso.android.candyfall
INFO:__main__:com.pimentoso.android.candyfall has already been purchased, skipping
INFO:__main__:Loading https://play.google.com/store/apps/details?id=com.placebo.android.livewallpapers
INFO:__main__:com.placebo.android.livewallpapers has already been purchased, skipping
INFO:__main__:Loading https://play.google.com/store/apps/details?id=com.platsnetvinsfull
INFO:__main__:com.platsnetvinsfull has already been purchased, skipping
INFO:__main__:Loading https://play.google.com/store/apps/details?id=com.playcoolzombiesportgames.mine.craft.pocket.lite.exploration.voxel.adventure.world.girl.girls.minecraft.princess.ads.free
INFO:__main__:com.playcoolzombiesportgames.mine.craft.pocket.lite.exploration.voxel.adventure.world.girl.girls.minecraft.princess.ads.free has already been purchased, skipping
INFO:__main__:Loading https://play.google.com/store/apps/details?id=com.playito.deathmetal
INFO:__main__:com.playito.deathmetal has already been purchased, skipping
INFO:__main__:Loading https://play.google.com/store/apps/details?id=com.pmadelaine.aerocalc
INFO:__main__:com.pmadelaine.aerocalc has already been purchased, skipping
INFO:__main__:Loading https://play.google.com/store/apps/details?id=com.poash.linuxreferencepro
INFO:__main__:com.poash.linuxreferencepro has already been purchased, skipping
INFO:__main__:Loading https://play.google.com/store/apps/details?id=com.poash.lwp.funnyfarm
INFO:__main__:com.poash.lwp.funnyfarm has already been purchased, skipping
INFO:__main__:Loading https://play.google.com/store/apps/details?id=com.poash.lwp.waterfall3d
INFO:__main__:com.poash.lwp.waterfall3d has already been purchased, skipping
INFO:__main__:Loading https://play.google.com/store/apps/details?id=com.protoss5482.classiclines
INFO:__main__:com.protoss5482.classiclines has already been purchased, skipping
INFO:__main__:Loading https://play.google.com/store/apps/details?id=com.ps.dmeasytrack
INFO:__main__:com.ps.dmeasytrack has already been purchased, skipping
INFO:__main__:Loading https://play.google.com/store/apps/details?id=com.puzzlehouse.santasworkout2
INFO:__main__:com.puzzlehouse.santasworkout2 has already been purchased, skipping
INFO:__main__:Loading https://play.google.com/store/apps/details?id=com.puzzles.bridges
INFO:__main__:com.puzzles.bridges has already been purchased, skipping
INFO:__main__:Loading https://play.google.com/store/apps/details?id=com.qefe.africawin.guaranteed
INFO:__main__:com.qefe.africawin.guaranteed has already been purchased, skipping
INFO:__main__:Loading https://play.google.com/store/apps/details?id=com.qefe.lottowin.guaranteed
INFO:__main__:com.qefe.lottowin.guaranteed has already been purchased, skipping
INFO:__main__:Loading https://play.google.com/store/apps/details?id=com.queen3software.DinnerBell
INFO:__main__:com.queen3software.DinnerBell has already been purchased, skipping
INFO:__main__:Loading https://play.google.com/store/apps/details?id=com.ramandeepbakshi.remotesecuritysuiteroot
INFO:__main__:com.ramandeepbakshi.remotesecuritysuiteroot has already been purchased, skipping
INFO:__main__:Loading https://play.google.com/store/apps/details?id=com.ramzichaich.emergency
INFO:__main__:com.ramzichaich.emergency has already been purchased, skipping
INFO:__main__:Loading https://play.google.com/store/apps/details?id=com.rayhouseproductions.lasercrash
INFO:__main__:com.rayhouseproductions.lasercrash has already been purchased, skipping
INFO:__main__:Loading https://play.google.com/store/apps/details?id=com.raypho.sweetcandyiconpack
INFO:__main__:com.raypho.sweetcandyiconpack has already been purchased, skipping
INFO:__main__:Loading https://play.google.com/store/apps/details?id=com.rdx.englishletters
INFO:__main__:com.rdx.englishletters has already been purchased, skipping
INFO:__main__:Loading https://play.google.com/store/apps/details?id=com.realspace3d.livewallpaper
INFO:__main__:com.realspace3d.livewallpaper has already been purchased, skipping
INFO:__main__:Loading https://play.google.com/store/apps/details?id=com.requestanapp.kenoanalyzerpaid
INFO:__main__:com.requestanapp.kenoanalyzerpaid has already been purchased, skipping
INFO:__main__:Loading https://play.google.com/store/apps/details?id=com.requestanapp.wageslavepaid
INFO:__main__:com.requestanapp.wageslavepaid has already been purchased, skipping
INFO:__main__:Loading https://play.google.com/store/apps/details?id=com.rlw.livewallpaper
INFO:__main__:com.rlw.livewallpaper has already been purchased, skipping
INFO:__main__:Loading https://play.google.com/store/apps/details?id=com.roc.dreamdays
INFO:__main__:com.roc.dreamdays has already been purchased, skipping
INFO:__main__:Loading https://play.google.com/store/apps/details?id=com.roqapps.mycurrency
INFO:__main__:com.roqapps.mycurrency has already been purchased, skipping
INFO:__main__:Loading https://play.google.com/store/apps/details?id=com.russpuppy.alphabettoddler
INFO:__main__:com.russpuppy.alphabettoddler has already been purchased, skipping
INFO:__main__:Loading https://play.google.com/store/apps/details?id=com.saicum
INFO:__main__:com.saicum has already been purchased, skipping
INFO:__main__:Loading https://play.google.com/store/apps/details?id=com.savan.discountchart
INFO:__main__:com.savan.discountchart has already been purchased, skipping
INFO:__main__:Loading https://play.google.com/store/apps/details?id=com.scorerbox.boxscoreforbb
INFO:__main__:com.scorerbox.boxscoreforbb has already been purchased, skipping
INFO:__main__:Loading https://play.google.com/store/apps/details?id=com.sd.airplaneslwp
INFO:__main__:com.sd.airplaneslwp has already been purchased, skipping
INFO:__main__:Loading https://play.google.com/store/apps/details?id=com.sd.coasterlwp
INFO:__main__:com.sd.coasterlwp has already been purchased, skipping
INFO:__main__:Loading https://play.google.com/store/apps/details?id=com.seapps.android.bills
INFO:__main__:com.seapps.android.bills has already been purchased, skipping
INFO:__main__:Loading https://play.google.com/store/apps/details?id=com.semen.simplyeconomy
INFO:__main__:com.semen.simplyeconomy has already been purchased, skipping
INFO:__main__:Loading https://play.google.com/store/apps/details?id=com.serviceme.silentmanager
INFO:__main__:com.serviceme.silentmanager has already been purchased, skipping
INFO:__main__:Loading https://play.google.com/store/apps/details?id=com.seventyeightgames.particle_fun
INFO:__main__:com.seventyeightgames.particle_fun has already been purchased, skipping
INFO:__main__:Loading https://play.google.com/store/apps/details?id=com.sheldoncooper.calculatuparo_donacion
INFO:__main__:com.sheldoncooper.calculatuparo_donacion has already been purchased, skipping
INFO:__main__:Loading https://play.google.com/store/apps/details?id=com.sheldoncooper.dontbotherme
INFO:__main__:com.sheldoncooper.dontbotherme has already been purchased, skipping
INFO:__main__:Loading https://play.google.com/store/apps/details?id=com.shen.merge55
INFO:__main__:com.shen.merge55 has already been purchased, skipping
INFO:__main__:Loading https://play.google.com/store/apps/details?id=com.silvercrk.backgammon_thd
INFO:__main__:com.silvercrk.backgammon_thd has already been purchased, skipping
INFO:__main__:Loading https://play.google.com/store/apps/details?id=com.silvercrk.euchre
INFO:__main__:com.silvercrk.euchre has already been purchased, skipping
INFO:__main__:Loading https://play.google.com/store/apps/details?id=com.silvercrk.hearts
INFO:__main__:com.silvercrk.hearts has already been purchased, skipping
INFO:__main__:Loading https://play.google.com/store/apps/details?id=com.simplyusefulapps.android.wallpaper.tesla
INFO:__main__:com.simplyusefulapps.android.wallpaper.tesla has already been purchased, skipping
INFO:__main__:Loading https://play.google.com/store/apps/details?id=com.skyarts.android.mugennumberplace
INFO:__main__:com.skyarts.android.mugennumberplace has already been purchased, skipping
INFO:__main__:Loading https://play.google.com/store/apps/details?id=com.skyarts.android.neopiano
INFO:__main__:com.skyarts.android.neopiano has already been purchased, skipping
INFO:__main__:Loading https://play.google.com/store/apps/details?id=com.slaminsoftware.android.ParachuteDrop
INFO:__main__:com.slaminsoftware.android.ParachuteDrop has already been purchased, skipping
INFO:__main__:Loading https://play.google.com/store/apps/details?id=com.smart.clipboard
INFO:__main__:com.smart.clipboard has already been purchased, skipping
