INFO:__main__:Parsing paid list file data/pricing-10-under-h.csv
INFO:__main__:['ee.arws_apps.chinese_astrology_quiz', 'in.blogspot.tmpbytak', 'org.naturemobile.dogs2pro', 'com.prosimulators.googleplay.proflightsimulator.paid', 'dgthien.english.crazyEnglish.vietnam', 'com.artifexmundi.eventide2.gp.full', 'com.artifexmundi.newera.gp.full', 'com.firstwaysoftware.tabletopicsrandomizer', 'com.handynorth.moneywise', 'com.sevensails.queensgarden2mobile', 'com.tsumanga.fairyclub', 'org.serasera.tononkira.spons', 'peacemaker.osteoalarm', 'eu.helloit.diyapp', 'com.kpraathul.gotrackpro', 'com.nchsoftware.tonegen', 'com.nissandatascan.ndatascaniii', 'com.peterfige.pocketsalsafestival.pro', 'pl.ayground.coloringbook2', 'teycode.kayra', 'com.codewai.fungipedia', 'com.slabapp.app', 'uk.co.encripta.encriptapro', 'com.austral.gpscartracker', 'com.bypn.android.app.coachpad.pro', 'com.ratana.sunsurveyor', 'com.snappyappz.ec', 'it.colucciweb.openvpn', 'net.cm3d.premium.uscitizenshiptest', 'slifkergames.com_poker_dealers_toolkit_pro', 'ch.erpsourcing.safari', 'com.beizoy.lolasworldpremium', 'com.mindboardapps.app.mbstd', 'montessori.cards.educational.games.for.toddlers.pro', 'com.droidcaddie.droidcaddie', 'bitsie.playmee.musicplayer.pro', 'lrstudios.games.ego', 'com.flyingbusstudio.dreamingclock', 'de.snorek.freeapp.full', 'es.ganttdroidpro', 'gmin.app.reservations.ds', 'com.sensodroid.countscale', 'be.weeswegwijs.android.VerkeerBE', 'com.acupuncturemeridians.acupuncturemeridians3dfull', 'com.adveniosoftware.vhftrainer', 'com.androhelm.antivirus.pro.half', 'com.ascendo.android.dictionary.fr', 'com.ascendo.android.dictionary.it', 'com.atlaswearables.ionic.androidwear', 'com.cambridgeuseofenglish.fce', 'com.criticalthinking.mindbenders1', 'com.infomir.stalkertv', 'com.innovativelanguage.wordpower.chinesetraditional', 'com.innovativelanguage.wordpower.englishus', 'com.innovativelanguage.wordpower.englishuk', 'com.innovativelanguage.wordpower.french', 'com.innovativelanguage.wordpower.indonesian', 'com.innovativelanguage.wordpower.korean', 'com.innovativelanguage.wordpower.malay', 'com.innovativelanguage.wordpower.polish', 'com.innovativelanguage.wordpower.portuguese', 'com.innovativelanguage.wordpower.swahili', 'com.ksharkapps.filebrowser', 'com.mobisystems.mobiscannerpro', 'com.orbit.orbitsmarthome.pro', 'com.sevenbit.firearmenator', 'com.tactustherapy.vat', 'com.trap.petroleum.petrophysics', 'com.zz.betting.prosupertips.pro', 'geckocreativeworks.gemmorg.full', 'org.pseudolabs.musiclounge', 'psyberia.alpinequest.full', 'com.ekoheif.nephrology_advisor', 'com.faadooengineers.pro_basicelectricalfirstyear', 'com.faadooengineers.pro_environmentalengineering', 'com.faadooengineers.pro_mathsforengineers', 'com.faadooengineers.pro_physicsforengineers2', 'com.faadooengineers.pro_strengthofmaterials', 'com.faadooengineers.pro_theoryofmachines1']
INFO:__main__:Read 79 lines
INFO:__main__:Using geckodriver /home/ioreyes/Programming/auto-buy/geckodriver/geckodriver-linux64
INFO:__main__:Using profile /tmp/tmpbqk081iy/webdriver-py-profilecopy
INFO:__main__:App 1/79: loading https://play.google.com/store/apps/details?id=ee.arws_apps.chinese_astrology_quiz
INFO:__main__:Clicking the first Buy button for ee.arws_apps.chinese_astrology_quiz
INFO:__main__:Found the purchasing iframe
INFO:__main__:Clicking the Continue button for ee.arws_apps.chinese_astrology_quiz
INFO:__main__:Clicking the second Buy button for ee.arws_apps.chinese_astrology_quiz
INFO:__main__:Entering the password
INFO:__main__:Found the purchasing iframe again
INFO:__main__:Found the purchase confirmation
INFO:__main__:Found the close purchase button
INFO:__main__:Successfully purchased ee.arws_apps.chinese_astrology_quiz
INFO:__main__:Sleeping for 5 seconds after successful purchase
INFO:__main__:Resetting the driver frame to default
INFO:__main__:App 2/79: loading https://play.google.com/store/apps/details?id=in.blogspot.tmpbytak
INFO:__main__:Clicking the first Buy button for in.blogspot.tmpbytak
INFO:__main__:Found the purchasing iframe
INFO:__main__:Clicking the Continue button for in.blogspot.tmpbytak
INFO:__main__:Clicking the second Buy button for in.blogspot.tmpbytak
INFO:__main__:Entering the password
INFO:__main__:Found the purchasing iframe again
INFO:__main__:Found the purchase confirmation
INFO:__main__:Found the close purchase button
INFO:__main__:Successfully purchased in.blogspot.tmpbytak
INFO:__main__:Sleeping for 5 seconds after successful purchase
INFO:__main__:Resetting the driver frame to default
INFO:__main__:App 3/79: loading https://play.google.com/store/apps/details?id=org.naturemobile.dogs2pro
INFO:__main__:Clicking the first Buy button for org.naturemobile.dogs2pro
INFO:__main__:Found the purchasing iframe
INFO:__main__:Clicking the Continue button for org.naturemobile.dogs2pro
INFO:__main__:Clicking the second Buy button for org.naturemobile.dogs2pro
INFO:__main__:Entering the password
INFO:__main__:Found the purchasing iframe again
INFO:__main__:Found the purchase confirmation
INFO:__main__:Found the close purchase button
INFO:__main__:Successfully purchased org.naturemobile.dogs2pro
INFO:__main__:Sleeping for 5 seconds after successful purchase
INFO:__main__:Resetting the driver frame to default
INFO:__main__:App 4/79: loading https://play.google.com/store/apps/details?id=com.prosimulators.googleplay.proflightsimulator.paid
INFO:__main__:Clicking the first Buy button for com.prosimulators.googleplay.proflightsimulator.paid
INFO:__main__:Found the purchasing iframe
INFO:__main__:Clicking the Continue button for com.prosimulators.googleplay.proflightsimulator.paid
INFO:__main__:Clicking the second Buy button for com.prosimulators.googleplay.proflightsimulator.paid
INFO:__main__:Entering the password
INFO:__main__:Found the purchasing iframe again
INFO:__main__:Found the purchase confirmation
INFO:__main__:Found the close purchase button
INFO:__main__:Successfully purchased com.prosimulators.googleplay.proflightsimulator.paid
INFO:__main__:Sleeping for 5 seconds after successful purchase
INFO:__main__:Resetting the driver frame to default
INFO:__main__:App 5/79: loading https://play.google.com/store/apps/details?id=dgthien.english.crazyEnglish.vietnam
INFO:__main__:Clicking the first Buy button for dgthien.english.crazyEnglish.vietnam
INFO:__main__:Found the purchasing iframe
INFO:__main__:Clicking the Continue button for dgthien.english.crazyEnglish.vietnam
INFO:__main__:Clicking the second Buy button for dgthien.english.crazyEnglish.vietnam
INFO:__main__:Entering the password
INFO:__main__:Found the purchasing iframe again
INFO:__main__:Found the purchase confirmation
INFO:__main__:Found the close purchase button
INFO:__main__:Successfully purchased dgthien.english.crazyEnglish.vietnam
INFO:__main__:Sleeping for 5 seconds after successful purchase
INFO:__main__:Resetting the driver frame to default
INFO:__main__:App 6/79: loading https://play.google.com/store/apps/details?id=com.artifexmundi.eventide2.gp.full
INFO:__main__:Clicking the first Buy button for com.artifexmundi.eventide2.gp.full
INFO:__main__:Found the purchasing iframe
INFO:__main__:Clicking the Continue button for com.artifexmundi.eventide2.gp.full
INFO:__main__:Clicking the second Buy button for com.artifexmundi.eventide2.gp.full
INFO:__main__:Entering the password
INFO:__main__:Found the purchasing iframe again
INFO:__main__:Found the purchase confirmation
INFO:__main__:Found the close purchase button
INFO:__main__:Successfully purchased com.artifexmundi.eventide2.gp.full
INFO:__main__:Sleeping for 5 seconds after successful purchase
INFO:__main__:Resetting the driver frame to default
INFO:__main__:App 7/79: loading https://play.google.com/store/apps/details?id=com.artifexmundi.newera.gp.full
INFO:__main__:Clicking the first Buy button for com.artifexmundi.newera.gp.full
INFO:__main__:Found the purchasing iframe
INFO:__main__:Clicking the Continue button for com.artifexmundi.newera.gp.full
INFO:__main__:Clicking the second Buy button for com.artifexmundi.newera.gp.full
INFO:__main__:Entering the password
INFO:__main__:Found the purchasing iframe again
INFO:__main__:Found the purchase confirmation
INFO:__main__:Found the close purchase button
INFO:__main__:Successfully purchased com.artifexmundi.newera.gp.full
INFO:__main__:Sleeping for 5 seconds after successful purchase
INFO:__main__:Resetting the driver frame to default
INFO:__main__:App 8/79: loading https://play.google.com/store/apps/details?id=com.firstwaysoftware.tabletopicsrandomizer
INFO:__main__:Clicking the first Buy button for com.firstwaysoftware.tabletopicsrandomizer
INFO:__main__:Found the purchasing iframe
INFO:__main__:Clicking the Continue button for com.firstwaysoftware.tabletopicsrandomizer
INFO:__main__:Clicking the second Buy button for com.firstwaysoftware.tabletopicsrandomizer
INFO:__main__:Entering the password
INFO:__main__:Found the purchasing iframe again
INFO:__main__:Found the purchase confirmation
INFO:__main__:Found the close purchase button
INFO:__main__:Successfully purchased com.firstwaysoftware.tabletopicsrandomizer
INFO:__main__:Sleeping for 5 seconds after successful purchase
INFO:__main__:Resetting the driver frame to default
INFO:__main__:App 9/79: loading https://play.google.com/store/apps/details?id=com.handynorth.moneywise
INFO:__main__:Clicking the first Buy button for com.handynorth.moneywise
INFO:__main__:Found the purchasing iframe
INFO:__main__:Clicking the Continue button for com.handynorth.moneywise
INFO:__main__:Clicking the second Buy button for com.handynorth.moneywise
INFO:__main__:Entering the password
INFO:__main__:Found the purchasing iframe again
INFO:__main__:Found the purchase confirmation
INFO:__main__:Found the close purchase button
INFO:__main__:Successfully purchased com.handynorth.moneywise
INFO:__main__:Sleeping for 5 seconds after successful purchase
INFO:__main__:Resetting the driver frame to default
INFO:__main__:App 10/79: loading https://play.google.com/store/apps/details?id=com.sevensails.queensgarden2mobile
INFO:__main__:Clicking the first Buy button for com.sevensails.queensgarden2mobile
INFO:__main__:Found the purchasing iframe
INFO:__main__:Clicking the Continue button for com.sevensails.queensgarden2mobile
INFO:__main__:Clicking the second Buy button for com.sevensails.queensgarden2mobile
INFO:__main__:Entering the password
INFO:__main__:Found the purchasing iframe again
INFO:__main__:Found the purchase confirmation
INFO:__main__:Found the close purchase button
INFO:__main__:Successfully purchased com.sevensails.queensgarden2mobile
INFO:__main__:Sleeping for 5 seconds after successful purchase
INFO:__main__:Resetting the driver frame to default
INFO:__main__:App 11/79: loading https://play.google.com/store/apps/details?id=com.tsumanga.fairyclub
INFO:__main__:Clicking the first Buy button for com.tsumanga.fairyclub
INFO:__main__:Found the purchasing iframe
INFO:__main__:Clicking the Continue button for com.tsumanga.fairyclub
INFO:__main__:Clicking the second Buy button for com.tsumanga.fairyclub
INFO:__main__:Entering the password
INFO:__main__:Found the purchasing iframe again
INFO:__main__:Found the purchase confirmation
INFO:__main__:Found the close purchase button
INFO:__main__:Successfully purchased com.tsumanga.fairyclub
INFO:__main__:Sleeping for 5 seconds after successful purchase
INFO:__main__:Resetting the driver frame to default
INFO:__main__:App 12/79: loading https://play.google.com/store/apps/details?id=org.serasera.tononkira.spons
INFO:__main__:Clicking the first Buy button for org.serasera.tononkira.spons
INFO:__main__:Found the purchasing iframe
INFO:__main__:Clicking the Continue button for org.serasera.tononkira.spons
INFO:__main__:Clicking the second Buy button for org.serasera.tononkira.spons
INFO:__main__:Entering the password
INFO:__main__:Found the purchasing iframe again
INFO:__main__:Found the purchase confirmation
INFO:__main__:Found the close purchase button
INFO:__main__:Successfully purchased org.serasera.tononkira.spons
INFO:__main__:Sleeping for 5 seconds after successful purchase
INFO:__main__:Resetting the driver frame to default
INFO:__main__:App 13/79: loading https://play.google.com/store/apps/details?id=peacemaker.osteoalarm
INFO:__main__:Clicking the first Buy button for peacemaker.osteoalarm
INFO:__main__:Found the purchasing iframe
INFO:__main__:Clicking the Continue button for peacemaker.osteoalarm
INFO:__main__:Clicking the second Buy button for peacemaker.osteoalarm
INFO:__main__:Entering the password
INFO:__main__:Found the purchasing iframe again
INFO:__main__:Found the purchase confirmation
INFO:__main__:Found the close purchase button
INFO:__main__:Successfully purchased peacemaker.osteoalarm
INFO:__main__:Sleeping for 5 seconds after successful purchase
INFO:__main__:Resetting the driver frame to default
INFO:__main__:App 14/79: loading https://play.google.com/store/apps/details?id=eu.helloit.diyapp
INFO:__main__:Clicking the first Buy button for eu.helloit.diyapp
INFO:__main__:Found the purchasing iframe
INFO:__main__:Clicking the Continue button for eu.helloit.diyapp
INFO:__main__:Clicking the second Buy button for eu.helloit.diyapp
INFO:__main__:Entering the password
INFO:__main__:Found the purchasing iframe again
INFO:__main__:Found the purchase confirmation
INFO:__main__:Found the close purchase button
INFO:__main__:Successfully purchased eu.helloit.diyapp
INFO:__main__:Sleeping for 5 seconds after successful purchase
INFO:__main__:Resetting the driver frame to default
INFO:__main__:App 15/79: loading https://play.google.com/store/apps/details?id=com.kpraathul.gotrackpro
INFO:__main__:Clicking the first Buy button for com.kpraathul.gotrackpro
INFO:__main__:Found the purchasing iframe
INFO:__main__:Clicking the Continue button for com.kpraathul.gotrackpro
INFO:__main__:Clicking the second Buy button for com.kpraathul.gotrackpro
INFO:__main__:Entering the password
INFO:__main__:Found the purchasing iframe again
INFO:__main__:Found the purchase confirmation
INFO:__main__:Found the close purchase button
INFO:__main__:Successfully purchased com.kpraathul.gotrackpro
INFO:__main__:Sleeping for 5 seconds after successful purchase
INFO:__main__:Resetting the driver frame to default
INFO:__main__:App 16/79: loading https://play.google.com/store/apps/details?id=com.nchsoftware.tonegen
INFO:__main__:Clicking the first Buy button for com.nchsoftware.tonegen
INFO:__main__:Found the purchasing iframe
INFO:__main__:Clicking the Continue button for com.nchsoftware.tonegen
INFO:__main__:Clicking the second Buy button for com.nchsoftware.tonegen
INFO:__main__:Entering the password
INFO:__main__:Found the purchasing iframe again
INFO:__main__:Found the purchase confirmation
INFO:__main__:Found the close purchase button
INFO:__main__:Successfully purchased com.nchsoftware.tonegen
INFO:__main__:Sleeping for 5 seconds after successful purchase
INFO:__main__:Resetting the driver frame to default
INFO:__main__:App 17/79: loading https://play.google.com/store/apps/details?id=com.nissandatascan.ndatascaniii
INFO:__main__:Clicking the first Buy button for com.nissandatascan.ndatascaniii
INFO:__main__:Found the purchasing iframe
INFO:__main__:Clicking the Continue button for com.nissandatascan.ndatascaniii
INFO:__main__:Clicking the second Buy button for com.nissandatascan.ndatascaniii
INFO:__main__:Entering the password
INFO:__main__:Found the purchasing iframe again
INFO:__main__:Found the purchase confirmation
INFO:__main__:Found the close purchase button
INFO:__main__:Successfully purchased com.nissandatascan.ndatascaniii
INFO:__main__:Sleeping for 5 seconds after successful purchase
INFO:__main__:Resetting the driver frame to default
INFO:__main__:App 18/79: loading https://play.google.com/store/apps/details?id=com.peterfige.pocketsalsafestival.pro
INFO:__main__:Clicking the first Buy button for com.peterfige.pocketsalsafestival.pro
INFO:__main__:Found the purchasing iframe
INFO:__main__:Clicking the Continue button for com.peterfige.pocketsalsafestival.pro
INFO:__main__:Clicking the second Buy button for com.peterfige.pocketsalsafestival.pro
INFO:__main__:Entering the password
INFO:__main__:Found the purchasing iframe again
INFO:__main__:Found the purchase confirmation
INFO:__main__:Found the close purchase button
INFO:__main__:Successfully purchased com.peterfige.pocketsalsafestival.pro
INFO:__main__:Sleeping for 5 seconds after successful purchase
INFO:__main__:Resetting the driver frame to default
INFO:__main__:App 19/79: loading https://play.google.com/store/apps/details?id=pl.ayground.coloringbook2
INFO:__main__:Clicking the first Buy button for pl.ayground.coloringbook2
INFO:__main__:Found the purchasing iframe
INFO:__main__:Clicking the Continue button for pl.ayground.coloringbook2
INFO:__main__:Clicking the second Buy button for pl.ayground.coloringbook2
INFO:__main__:Entering the password
INFO:__main__:Found the purchasing iframe again
INFO:__main__:Found the purchase confirmation
INFO:__main__:Found the close purchase button
INFO:__main__:Successfully purchased pl.ayground.coloringbook2
INFO:__main__:Sleeping for 5 seconds after successful purchase
INFO:__main__:Resetting the driver frame to default
INFO:__main__:App 20/79: loading https://play.google.com/store/apps/details?id=teycode.kayra
INFO:__main__:Clicking the first Buy button for teycode.kayra
INFO:__main__:Found the purchasing iframe
INFO:__main__:Clicking the Continue button for teycode.kayra
INFO:__main__:Clicking the second Buy button for teycode.kayra
INFO:__main__:Entering the password
INFO:__main__:Found the purchasing iframe again
INFO:__main__:Found the purchase confirmation
INFO:__main__:Found the close purchase button
INFO:__main__:Successfully purchased teycode.kayra
INFO:__main__:Sleeping for 5 seconds after successful purchase
INFO:__main__:Resetting the driver frame to default
INFO:__main__:App 21/79: loading https://play.google.com/store/apps/details?id=com.codewai.fungipedia
INFO:__main__:Clicking the first Buy button for com.codewai.fungipedia
INFO:__main__:Found the purchasing iframe
INFO:__main__:Clicking the Continue button for com.codewai.fungipedia
INFO:__main__:Clicking the second Buy button for com.codewai.fungipedia
INFO:__main__:Entering the password
INFO:__main__:Found the purchasing iframe again
INFO:__main__:Found the purchase confirmation
INFO:__main__:Found the close purchase button
INFO:__main__:Successfully purchased com.codewai.fungipedia
INFO:__main__:Sleeping for 5 seconds after successful purchase
INFO:__main__:Resetting the driver frame to default
INFO:__main__:App 22/79: loading https://play.google.com/store/apps/details?id=com.slabapp.app
INFO:__main__:Clicking the first Buy button for com.slabapp.app
INFO:__main__:Found the purchasing iframe
INFO:__main__:Clicking the Continue button for com.slabapp.app
INFO:__main__:Clicking the second Buy button for com.slabapp.app
INFO:__main__:Entering the password
INFO:__main__:Found the purchasing iframe again
INFO:__main__:Found the purchase confirmation
INFO:__main__:Found the close purchase button
INFO:__main__:Successfully purchased com.slabapp.app
INFO:__main__:Sleeping for 5 seconds after successful purchase
INFO:__main__:Resetting the driver frame to default
INFO:__main__:App 23/79: loading https://play.google.com/store/apps/details?id=uk.co.encripta.encriptapro
INFO:__main__:Clicking the first Buy button for uk.co.encripta.encriptapro
INFO:__main__:Found the purchasing iframe
INFO:__main__:Clicking the Continue button for uk.co.encripta.encriptapro
INFO:__main__:Clicking the second Buy button for uk.co.encripta.encriptapro
INFO:__main__:Entering the password
INFO:__main__:Found the purchasing iframe again
INFO:__main__:Found the purchase confirmation
INFO:__main__:Found the close purchase button
INFO:__main__:Successfully purchased uk.co.encripta.encriptapro
INFO:__main__:Sleeping for 5 seconds after successful purchase
INFO:__main__:Resetting the driver frame to default
INFO:__main__:App 24/79: loading https://play.google.com/store/apps/details?id=com.austral.gpscartracker
INFO:__main__:Clicking the first Buy button for com.austral.gpscartracker
INFO:__main__:Found the purchasing iframe
INFO:__main__:Clicking the Continue button for com.austral.gpscartracker
INFO:__main__:Clicking the second Buy button for com.austral.gpscartracker
INFO:__main__:Entering the password
INFO:__main__:Found the purchasing iframe again
INFO:__main__:Found the purchase confirmation
INFO:__main__:Found the close purchase button
INFO:__main__:Successfully purchased com.austral.gpscartracker
INFO:__main__:Sleeping for 5 seconds after successful purchase
INFO:__main__:Resetting the driver frame to default
INFO:__main__:Cooling down for 30 seconds
INFO:__main__:App 25/79: loading https://play.google.com/store/apps/details?id=com.bypn.android.app.coachpad.pro
INFO:__main__:Clicking the first Buy button for com.bypn.android.app.coachpad.pro
INFO:__main__:Found the purchasing iframe
INFO:__main__:Clicking the Continue button for com.bypn.android.app.coachpad.pro
INFO:__main__:Clicking the second Buy button for com.bypn.android.app.coachpad.pro
INFO:__main__:Entering the password
INFO:__main__:Found the purchasing iframe again
INFO:__main__:Found the purchase confirmation
INFO:__main__:Found the close purchase button
INFO:__main__:Successfully purchased com.bypn.android.app.coachpad.pro
INFO:__main__:Sleeping for 5 seconds after successful purchase
INFO:__main__:Resetting the driver frame to default
INFO:__main__:App 26/79: loading https://play.google.com/store/apps/details?id=com.ratana.sunsurveyor
INFO:__main__:Clicking the first Buy button for com.ratana.sunsurveyor
INFO:__main__:Found the purchasing iframe
INFO:__main__:Clicking the Continue button for com.ratana.sunsurveyor
INFO:__main__:Clicking the second Buy button for com.ratana.sunsurveyor
INFO:__main__:Entering the password
INFO:__main__:Found the purchasing iframe again
INFO:__main__:Found the purchase confirmation
INFO:__main__:Found the close purchase button
INFO:__main__:Successfully purchased com.ratana.sunsurveyor
INFO:__main__:Sleeping for 5 seconds after successful purchase
INFO:__main__:Resetting the driver frame to default
INFO:__main__:App 27/79: loading https://play.google.com/store/apps/details?id=com.snappyappz.ec
INFO:__main__:Clicking the first Buy button for com.snappyappz.ec
INFO:__main__:Found the purchasing iframe
INFO:__main__:Clicking the Continue button for com.snappyappz.ec
INFO:__main__:Clicking the second Buy button for com.snappyappz.ec
INFO:__main__:Entering the password
INFO:__main__:Found the purchasing iframe again
INFO:__main__:Found the purchase confirmation
INFO:__main__:Found the close purchase button
INFO:__main__:Successfully purchased com.snappyappz.ec
INFO:__main__:Sleeping for 5 seconds after successful purchase
INFO:__main__:Resetting the driver frame to default
INFO:__main__:App 28/79: loading https://play.google.com/store/apps/details?id=it.colucciweb.openvpn
INFO:__main__:Clicking the first Buy button for it.colucciweb.openvpn
INFO:__main__:Found the purchasing iframe
INFO:__main__:Clicking the Continue button for it.colucciweb.openvpn
INFO:__main__:Clicking the second Buy button for it.colucciweb.openvpn
INFO:__main__:Entering the password
INFO:__main__:Found the purchasing iframe again
INFO:__main__:Found the purchase confirmation
INFO:__main__:Found the close purchase button
INFO:__main__:Successfully purchased it.colucciweb.openvpn
INFO:__main__:Sleeping for 5 seconds after successful purchase
INFO:__main__:Resetting the driver frame to default
INFO:__main__:App 29/79: loading https://play.google.com/store/apps/details?id=net.cm3d.premium.uscitizenshiptest
INFO:__main__:Clicking the first Buy button for net.cm3d.premium.uscitizenshiptest
INFO:__main__:Found the purchasing iframe
INFO:__main__:Clicking the Continue button for net.cm3d.premium.uscitizenshiptest
INFO:__main__:Clicking the second Buy button for net.cm3d.premium.uscitizenshiptest
INFO:__main__:Entering the password
INFO:__main__:Found the purchasing iframe again
INFO:__main__:Found the purchase confirmation
INFO:__main__:Found the close purchase button
INFO:__main__:Successfully purchased net.cm3d.premium.uscitizenshiptest
INFO:__main__:Sleeping for 5 seconds after successful purchase
INFO:__main__:Resetting the driver frame to default
INFO:__main__:App 30/79: loading https://play.google.com/store/apps/details?id=slifkergames.com_poker_dealers_toolkit_pro
INFO:__main__:Clicking the first Buy button for slifkergames.com_poker_dealers_toolkit_pro
INFO:__main__:Found the purchasing iframe
INFO:__main__:Clicking the Continue button for slifkergames.com_poker_dealers_toolkit_pro
INFO:__main__:Clicking the second Buy button for slifkergames.com_poker_dealers_toolkit_pro
INFO:__main__:Entering the password
INFO:__main__:Found the purchasing iframe again
INFO:__main__:Found the purchase confirmation
INFO:__main__:Found the close purchase button
INFO:__main__:Successfully purchased slifkergames.com_poker_dealers_toolkit_pro
INFO:__main__:Sleeping for 5 seconds after successful purchase
INFO:__main__:Resetting the driver frame to default
INFO:__main__:App 31/79: loading https://play.google.com/store/apps/details?id=ch.erpsourcing.safari
INFO:__main__:Clicking the first Buy button for ch.erpsourcing.safari
INFO:__main__:Found the purchasing iframe
INFO:__main__:Clicking the Continue button for ch.erpsourcing.safari
INFO:__main__:Clicking the second Buy button for ch.erpsourcing.safari
INFO:__main__:Entering the password
INFO:__main__:Found the purchasing iframe again
INFO:__main__:Found the purchase confirmation
INFO:__main__:Found the close purchase button
INFO:__main__:Successfully purchased ch.erpsourcing.safari
INFO:__main__:Sleeping for 5 seconds after successful purchase
INFO:__main__:Resetting the driver frame to default
INFO:__main__:App 32/79: loading https://play.google.com/store/apps/details?id=com.beizoy.lolasworldpremium
INFO:__main__:Clicking the first Buy button for com.beizoy.lolasworldpremium
INFO:__main__:Found the purchasing iframe
INFO:__main__:Clicking the Continue button for com.beizoy.lolasworldpremium
INFO:__main__:Clicking the second Buy button for com.beizoy.lolasworldpremium
INFO:__main__:Entering the password
INFO:__main__:Found the purchasing iframe again
INFO:__main__:Found the purchase confirmation
INFO:__main__:Found the close purchase button
INFO:__main__:Successfully purchased com.beizoy.lolasworldpremium
INFO:__main__:Sleeping for 5 seconds after successful purchase
INFO:__main__:Resetting the driver frame to default
INFO:__main__:App 33/79: loading https://play.google.com/store/apps/details?id=com.mindboardapps.app.mbstd
INFO:__main__:Clicking the first Buy button for com.mindboardapps.app.mbstd
INFO:__main__:Found the purchasing iframe
INFO:__main__:Clicking the Continue button for com.mindboardapps.app.mbstd
INFO:__main__:Clicking the second Buy button for com.mindboardapps.app.mbstd
INFO:__main__:Entering the password
INFO:__main__:Found the purchasing iframe again
INFO:__main__:Found the purchase confirmation
INFO:__main__:Found the close purchase button
INFO:__main__:Successfully purchased com.mindboardapps.app.mbstd
INFO:__main__:Sleeping for 5 seconds after successful purchase
INFO:__main__:Resetting the driver frame to default
INFO:__main__:App 34/79: loading https://play.google.com/store/apps/details?id=montessori.cards.educational.games.for.toddlers.pro
INFO:__main__:Clicking the first Buy button for montessori.cards.educational.games.for.toddlers.pro
INFO:__main__:Found the purchasing iframe
INFO:__main__:Clicking the Continue button for montessori.cards.educational.games.for.toddlers.pro
INFO:__main__:Clicking the second Buy button for montessori.cards.educational.games.for.toddlers.pro
INFO:__main__:Entering the password
INFO:__main__:Found the purchasing iframe again
INFO:__main__:Found the purchase confirmation
INFO:__main__:Found the close purchase button
INFO:__main__:Successfully purchased montessori.cards.educational.games.for.toddlers.pro
INFO:__main__:Sleeping for 5 seconds after successful purchase
INFO:__main__:Resetting the driver frame to default
INFO:__main__:App 35/79: loading https://play.google.com/store/apps/details?id=com.droidcaddie.droidcaddie
INFO:__main__:Clicking the first Buy button for com.droidcaddie.droidcaddie
INFO:__main__:Found the purchasing iframe
INFO:__main__:Clicking the Continue button for com.droidcaddie.droidcaddie
INFO:__main__:Clicking the second Buy button for com.droidcaddie.droidcaddie
INFO:__main__:Entering the password
INFO:__main__:Found the purchasing iframe again
INFO:__main__:Found the purchase confirmation
INFO:__main__:Found the close purchase button
INFO:__main__:Successfully purchased com.droidcaddie.droidcaddie
INFO:__main__:Sleeping for 5 seconds after successful purchase
INFO:__main__:Resetting the driver frame to default
INFO:__main__:App 36/79: loading https://play.google.com/store/apps/details?id=bitsie.playmee.musicplayer.pro
INFO:__main__:Clicking the first Buy button for bitsie.playmee.musicplayer.pro
INFO:__main__:Found the purchasing iframe
INFO:__main__:Clicking the Continue button for bitsie.playmee.musicplayer.pro
INFO:__main__:Clicking the second Buy button for bitsie.playmee.musicplayer.pro
INFO:__main__:Entering the password
INFO:__main__:Found the purchasing iframe again
INFO:__main__:Found the purchase confirmation
INFO:__main__:Found the close purchase button
INFO:__main__:Successfully purchased bitsie.playmee.musicplayer.pro
INFO:__main__:Sleeping for 5 seconds after successful purchase
INFO:__main__:Resetting the driver frame to default
INFO:__main__:App 37/79: loading https://play.google.com/store/apps/details?id=lrstudios.games.ego
INFO:__main__:Clicking the first Buy button for lrstudios.games.ego
INFO:__main__:Found the purchasing iframe
INFO:__main__:Clicking the Continue button for lrstudios.games.ego
INFO:__main__:Clicking the second Buy button for lrstudios.games.ego
INFO:__main__:Entering the password
INFO:__main__:Found the purchasing iframe again
INFO:__main__:Found the purchase confirmation
INFO:__main__:Found the close purchase button
INFO:__main__:Successfully purchased lrstudios.games.ego
INFO:__main__:Sleeping for 5 seconds after successful purchase
INFO:__main__:Resetting the driver frame to default
INFO:__main__:App 38/79: loading https://play.google.com/store/apps/details?id=com.flyingbusstudio.dreamingclock
INFO:__main__:Clicking the first Buy button for com.flyingbusstudio.dreamingclock
INFO:__main__:Found the purchasing iframe
INFO:__main__:Clicking the Continue button for com.flyingbusstudio.dreamingclock
INFO:__main__:Clicking the second Buy button for com.flyingbusstudio.dreamingclock
INFO:__main__:Entering the password
INFO:__main__:Found the purchasing iframe again
INFO:__main__:Found the purchase confirmation
INFO:__main__:Found the close purchase button
INFO:__main__:Successfully purchased com.flyingbusstudio.dreamingclock
INFO:__main__:Sleeping for 5 seconds after successful purchase
INFO:__main__:Resetting the driver frame to default
INFO:__main__:App 39/79: loading https://play.google.com/store/apps/details?id=de.snorek.freeapp.full
INFO:__main__:Clicking the first Buy button for de.snorek.freeapp.full
INFO:__main__:Found the purchasing iframe
INFO:__main__:Clicking the Continue button for de.snorek.freeapp.full
INFO:__main__:Clicking the second Buy button for de.snorek.freeapp.full
INFO:__main__:Entering the password
INFO:__main__:Found the purchasing iframe again
INFO:__main__:Found the purchase confirmation
INFO:__main__:Found the close purchase button
INFO:__main__:Successfully purchased de.snorek.freeapp.full
INFO:__main__:Sleeping for 5 seconds after successful purchase
INFO:__main__:Resetting the driver frame to default
INFO:__main__:App 40/79: loading https://play.google.com/store/apps/details?id=es.ganttdroidpro
INFO:__main__:Clicking the first Buy button for es.ganttdroidpro
INFO:__main__:Found the purchasing iframe
INFO:__main__:Clicking the Continue button for es.ganttdroidpro
INFO:__main__:Clicking the second Buy button for es.ganttdroidpro
INFO:__main__:Entering the password
INFO:__main__:Found the purchasing iframe again
INFO:__main__:Found the purchase confirmation
INFO:__main__:Found the close purchase button
INFO:__main__:Successfully purchased es.ganttdroidpro
INFO:__main__:Sleeping for 5 seconds after successful purchase
INFO:__main__:Resetting the driver frame to default
INFO:__main__:App 41/79: loading https://play.google.com/store/apps/details?id=gmin.app.reservations.ds
INFO:__main__:Clicking the first Buy button for gmin.app.reservations.ds
INFO:__main__:Found the purchasing iframe
INFO:__main__:Clicking the Continue button for gmin.app.reservations.ds
INFO:__main__:Clicking the second Buy button for gmin.app.reservations.ds
INFO:__main__:Entering the password
INFO:__main__:Found the purchasing iframe again
INFO:__main__:Found the purchase confirmation
INFO:__main__:Found the close purchase button
INFO:__main__:Successfully purchased gmin.app.reservations.ds
INFO:__main__:Sleeping for 5 seconds after successful purchase
INFO:__main__:Resetting the driver frame to default
INFO:__main__:App 42/79: loading https://play.google.com/store/apps/details?id=com.sensodroid.countscale
INFO:__main__:Clicking the first Buy button for com.sensodroid.countscale
INFO:__main__:Found the purchasing iframe
INFO:__main__:Clicking the Continue button for com.sensodroid.countscale
INFO:__main__:Clicking the second Buy button for com.sensodroid.countscale
INFO:__main__:Entering the password
INFO:__main__:Found the purchasing iframe again
INFO:__main__:Found the purchase confirmation
INFO:__main__:Found the close purchase button
INFO:__main__:Successfully purchased com.sensodroid.countscale
INFO:__main__:Sleeping for 5 seconds after successful purchase
INFO:__main__:Resetting the driver frame to default
INFO:__main__:App 43/79: loading https://play.google.com/store/apps/details?id=be.weeswegwijs.android.VerkeerBE
INFO:__main__:Clicking the first Buy button for be.weeswegwijs.android.VerkeerBE
INFO:__main__:Found the purchasing iframe
INFO:__main__:Clicking the Continue button for be.weeswegwijs.android.VerkeerBE
INFO:__main__:Clicking the second Buy button for be.weeswegwijs.android.VerkeerBE
INFO:__main__:Entering the password
INFO:__main__:Found the purchasing iframe again
INFO:__main__:Found the purchase confirmation
INFO:__main__:Found the close purchase button
INFO:__main__:Successfully purchased be.weeswegwijs.android.VerkeerBE
INFO:__main__:Sleeping for 5 seconds after successful purchase
INFO:__main__:Resetting the driver frame to default
INFO:__main__:App 44/79: loading https://play.google.com/store/apps/details?id=com.acupuncturemeridians.acupuncturemeridians3dfull
INFO:__main__:Clicking the first Buy button for com.acupuncturemeridians.acupuncturemeridians3dfull
INFO:__main__:Found the purchasing iframe
INFO:__main__:Clicking the Continue button for com.acupuncturemeridians.acupuncturemeridians3dfull
INFO:__main__:Clicking the second Buy button for com.acupuncturemeridians.acupuncturemeridians3dfull
INFO:__main__:Entering the password
INFO:__main__:Found the purchasing iframe again
INFO:__main__:Found the purchase confirmation
INFO:__main__:Found the close purchase button
INFO:__main__:Successfully purchased com.acupuncturemeridians.acupuncturemeridians3dfull
INFO:__main__:Sleeping for 5 seconds after successful purchase
INFO:__main__:Resetting the driver frame to default
INFO:__main__:App 45/79: loading https://play.google.com/store/apps/details?id=com.adveniosoftware.vhftrainer
INFO:__main__:Clicking the first Buy button for com.adveniosoftware.vhftrainer
INFO:__main__:Found the purchasing iframe
INFO:__main__:Clicking the Continue button for com.adveniosoftware.vhftrainer
INFO:__main__:Clicking the second Buy button for com.adveniosoftware.vhftrainer
INFO:__main__:Entering the password
INFO:__main__:Found the purchasing iframe again
INFO:__main__:Found the purchase confirmation
INFO:__main__:Found the close purchase button
INFO:__main__:Successfully purchased com.adveniosoftware.vhftrainer
INFO:__main__:Sleeping for 5 seconds after successful purchase
INFO:__main__:Resetting the driver frame to default
INFO:__main__:App 46/79: loading https://play.google.com/store/apps/details?id=com.androhelm.antivirus.pro.half
INFO:__main__:Clicking the first Buy button for com.androhelm.antivirus.pro.half
INFO:__main__:Found the purchasing iframe
INFO:__main__:Clicking the Continue button for com.androhelm.antivirus.pro.half
INFO:__main__:Clicking the second Buy button for com.androhelm.antivirus.pro.half
INFO:__main__:Entering the password
INFO:__main__:Found the purchasing iframe again
INFO:__main__:Found the purchase confirmation
INFO:__main__:Found the close purchase button
INFO:__main__:Successfully purchased com.androhelm.antivirus.pro.half
INFO:__main__:Sleeping for 5 seconds after successful purchase
INFO:__main__:Resetting the driver frame to default
INFO:__main__:App 47/79: loading https://play.google.com/store/apps/details?id=com.ascendo.android.dictionary.fr
INFO:__main__:Clicking the first Buy button for com.ascendo.android.dictionary.fr
INFO:__main__:Found the purchasing iframe
INFO:__main__:Clicking the Continue button for com.ascendo.android.dictionary.fr
INFO:__main__:Clicking the second Buy button for com.ascendo.android.dictionary.fr
INFO:__main__:Entering the password
INFO:__main__:Found the purchasing iframe again
INFO:__main__:Found the purchase confirmation
INFO:__main__:Found the close purchase button
INFO:__main__:Successfully purchased com.ascendo.android.dictionary.fr
INFO:__main__:Sleeping for 5 seconds after successful purchase
INFO:__main__:Resetting the driver frame to default
INFO:__main__:App 48/79: loading https://play.google.com/store/apps/details?id=com.ascendo.android.dictionary.it
INFO:__main__:Clicking the first Buy button for com.ascendo.android.dictionary.it
INFO:__main__:Found the purchasing iframe
INFO:__main__:Clicking the Continue button for com.ascendo.android.dictionary.it
INFO:__main__:Clicking the second Buy button for com.ascendo.android.dictionary.it
INFO:__main__:Entering the password
INFO:__main__:Found the purchasing iframe again
INFO:__main__:Found the purchase confirmation
INFO:__main__:Found the close purchase button
INFO:__main__:Successfully purchased com.ascendo.android.dictionary.it
INFO:__main__:Sleeping for 5 seconds after successful purchase
INFO:__main__:Resetting the driver frame to default
INFO:__main__:App 49/79: loading https://play.google.com/store/apps/details?id=com.atlaswearables.ionic.androidwear
INFO:__main__:Clicking the first Buy button for com.atlaswearables.ionic.androidwear
INFO:__main__:Found the purchasing iframe
INFO:__main__:Clicking the Continue button for com.atlaswearables.ionic.androidwear
INFO:__main__:Clicking the second Buy button for com.atlaswearables.ionic.androidwear
INFO:__main__:Entering the password
INFO:__main__:Found the purchasing iframe again
INFO:__main__:Found the purchase confirmation
INFO:__main__:Found the close purchase button
INFO:__main__:Successfully purchased com.atlaswearables.ionic.androidwear
INFO:__main__:Sleeping for 5 seconds after successful purchase
INFO:__main__:Resetting the driver frame to default
INFO:__main__:Cooling down for 30 seconds
INFO:__main__:App 50/79: loading https://play.google.com/store/apps/details?id=com.cambridgeuseofenglish.fce
INFO:__main__:Clicking the first Buy button for com.cambridgeuseofenglish.fce
INFO:__main__:Found the purchasing iframe
INFO:__main__:Clicking the Continue button for com.cambridgeuseofenglish.fce
INFO:__main__:Clicking the second Buy button for com.cambridgeuseofenglish.fce
INFO:__main__:Entering the password
INFO:__main__:Found the purchasing iframe again
INFO:__main__:Found the purchase confirmation
INFO:__main__:Found the close purchase button
INFO:__main__:Successfully purchased com.cambridgeuseofenglish.fce
INFO:__main__:Sleeping for 5 seconds after successful purchase
INFO:__main__:Resetting the driver frame to default
INFO:__main__:App 51/79: loading https://play.google.com/store/apps/details?id=com.criticalthinking.mindbenders1
INFO:__main__:Clicking the first Buy button for com.criticalthinking.mindbenders1
INFO:__main__:Found the purchasing iframe
INFO:__main__:Clicking the Continue button for com.criticalthinking.mindbenders1
INFO:__main__:Clicking the second Buy button for com.criticalthinking.mindbenders1
INFO:__main__:Entering the password
INFO:__main__:Found the purchasing iframe again
INFO:__main__:Found the purchase confirmation
INFO:__main__:Found the close purchase button
INFO:__main__:Successfully purchased com.criticalthinking.mindbenders1
INFO:__main__:Sleeping for 5 seconds after successful purchase
INFO:__main__:Resetting the driver frame to default
INFO:__main__:App 52/79: loading https://play.google.com/store/apps/details?id=com.infomir.stalkertv
INFO:__main__:Clicking the first Buy button for com.infomir.stalkertv
INFO:__main__:Found the purchasing iframe
INFO:__main__:Clicking the Continue button for com.infomir.stalkertv
INFO:__main__:Clicking the second Buy button for com.infomir.stalkertv
INFO:__main__:Entering the password
INFO:__main__:Found the purchasing iframe again
INFO:__main__:Found the purchase confirmation
INFO:__main__:Found the close purchase button
INFO:__main__:Successfully purchased com.infomir.stalkertv
INFO:__main__:Sleeping for 5 seconds after successful purchase
INFO:__main__:Resetting the driver frame to default
INFO:__main__:App 53/79: loading https://play.google.com/store/apps/details?id=com.innovativelanguage.wordpower.chinesetraditional
INFO:__main__:Clicking the first Buy button for com.innovativelanguage.wordpower.chinesetraditional
INFO:__main__:Found the purchasing iframe
INFO:__main__:Clicking the Continue button for com.innovativelanguage.wordpower.chinesetraditional
INFO:__main__:Clicking the second Buy button for com.innovativelanguage.wordpower.chinesetraditional
INFO:__main__:Entering the password
INFO:__main__:Found the purchasing iframe again
INFO:__main__:Found the purchase confirmation
INFO:__main__:Found the close purchase button
INFO:__main__:Successfully purchased com.innovativelanguage.wordpower.chinesetraditional
INFO:__main__:Sleeping for 5 seconds after successful purchase
INFO:__main__:Resetting the driver frame to default
INFO:__main__:App 54/79: loading https://play.google.com/store/apps/details?id=com.innovativelanguage.wordpower.englishus
INFO:__main__:Clicking the first Buy button for com.innovativelanguage.wordpower.englishus
INFO:__main__:Found the purchasing iframe
INFO:__main__:Clicking the Continue button for com.innovativelanguage.wordpower.englishus
INFO:__main__:Clicking the second Buy button for com.innovativelanguage.wordpower.englishus
INFO:__main__:Entering the password
INFO:__main__:Found the purchasing iframe again
INFO:__main__:Found the purchase confirmation
INFO:__main__:Found the close purchase button
INFO:__main__:Successfully purchased com.innovativelanguage.wordpower.englishus
INFO:__main__:Sleeping for 5 seconds after successful purchase
INFO:__main__:Resetting the driver frame to default
INFO:__main__:App 55/79: loading https://play.google.com/store/apps/details?id=com.innovativelanguage.wordpower.englishuk
INFO:__main__:Clicking the first Buy button for com.innovativelanguage.wordpower.englishuk
INFO:__main__:Found the purchasing iframe
INFO:__main__:Clicking the Continue button for com.innovativelanguage.wordpower.englishuk
INFO:__main__:Clicking the second Buy button for com.innovativelanguage.wordpower.englishuk
INFO:__main__:Entering the password
INFO:__main__:Found the purchasing iframe again
INFO:__main__:Found the purchase confirmation
INFO:__main__:Found the close purchase button
INFO:__main__:Successfully purchased com.innovativelanguage.wordpower.englishuk
INFO:__main__:Sleeping for 5 seconds after successful purchase
INFO:__main__:Resetting the driver frame to default
INFO:__main__:App 56/79: loading https://play.google.com/store/apps/details?id=com.innovativelanguage.wordpower.french
INFO:__main__:Clicking the first Buy button for com.innovativelanguage.wordpower.french
INFO:__main__:Found the purchasing iframe
INFO:__main__:Clicking the Continue button for com.innovativelanguage.wordpower.french
INFO:__main__:Clicking the second Buy button for com.innovativelanguage.wordpower.french
INFO:__main__:Entering the password
INFO:__main__:Found the purchasing iframe again
INFO:__main__:Found the purchase confirmation
INFO:__main__:Found the close purchase button
INFO:__main__:Successfully purchased com.innovativelanguage.wordpower.french
INFO:__main__:Sleeping for 5 seconds after successful purchase
INFO:__main__:Resetting the driver frame to default
INFO:__main__:App 57/79: loading https://play.google.com/store/apps/details?id=com.innovativelanguage.wordpower.indonesian
INFO:__main__:Clicking the first Buy button for com.innovativelanguage.wordpower.indonesian
INFO:__main__:Found the purchasing iframe
INFO:__main__:Clicking the Continue button for com.innovativelanguage.wordpower.indonesian
INFO:__main__:Clicking the second Buy button for com.innovativelanguage.wordpower.indonesian
INFO:__main__:Entering the password
INFO:__main__:Found the purchasing iframe again
INFO:__main__:Found the purchase confirmation
INFO:__main__:Found the close purchase button
INFO:__main__:Successfully purchased com.innovativelanguage.wordpower.indonesian
INFO:__main__:Sleeping for 5 seconds after successful purchase
INFO:__main__:Resetting the driver frame to default
INFO:__main__:App 58/79: loading https://play.google.com/store/apps/details?id=com.innovativelanguage.wordpower.korean
INFO:__main__:Clicking the first Buy button for com.innovativelanguage.wordpower.korean
INFO:__main__:Found the purchasing iframe
INFO:__main__:Clicking the Continue button for com.innovativelanguage.wordpower.korean
INFO:__main__:Clicking the second Buy button for com.innovativelanguage.wordpower.korean
INFO:__main__:Entering the password
INFO:__main__:Found the purchasing iframe again
INFO:__main__:Found the purchase confirmation
INFO:__main__:Found the close purchase button
INFO:__main__:Successfully purchased com.innovativelanguage.wordpower.korean
INFO:__main__:Sleeping for 5 seconds after successful purchase
INFO:__main__:Resetting the driver frame to default
INFO:__main__:App 59/79: loading https://play.google.com/store/apps/details?id=com.innovativelanguage.wordpower.malay
INFO:__main__:Clicking the first Buy button for com.innovativelanguage.wordpower.malay
INFO:__main__:Found the purchasing iframe
INFO:__main__:Clicking the Continue button for com.innovativelanguage.wordpower.malay
INFO:__main__:Clicking the second Buy button for com.innovativelanguage.wordpower.malay
INFO:__main__:Entering the password
INFO:__main__:Found the purchasing iframe again
INFO:__main__:Found the purchase confirmation
INFO:__main__:Found the close purchase button
INFO:__main__:Successfully purchased com.innovativelanguage.wordpower.malay
INFO:__main__:Sleeping for 5 seconds after successful purchase
INFO:__main__:Resetting the driver frame to default
INFO:__main__:App 60/79: loading https://play.google.com/store/apps/details?id=com.innovativelanguage.wordpower.polish
INFO:__main__:Clicking the first Buy button for com.innovativelanguage.wordpower.polish
INFO:__main__:Found the purchasing iframe
INFO:__main__:Clicking the Continue button for com.innovativelanguage.wordpower.polish
INFO:__main__:Clicking the second Buy button for com.innovativelanguage.wordpower.polish
INFO:__main__:Entering the password
INFO:__main__:Found the purchasing iframe again
INFO:__main__:Found the purchase confirmation
INFO:__main__:Found the close purchase button
INFO:__main__:Successfully purchased com.innovativelanguage.wordpower.polish
INFO:__main__:Sleeping for 5 seconds after successful purchase
INFO:__main__:Resetting the driver frame to default
INFO:__main__:App 61/79: loading https://play.google.com/store/apps/details?id=com.innovativelanguage.wordpower.portuguese
INFO:__main__:Clicking the first Buy button for com.innovativelanguage.wordpower.portuguese
INFO:__main__:Found the purchasing iframe
INFO:__main__:Clicking the Continue button for com.innovativelanguage.wordpower.portuguese
INFO:__main__:Clicking the second Buy button for com.innovativelanguage.wordpower.portuguese
INFO:__main__:Entering the password
INFO:__main__:Found the purchasing iframe again
INFO:__main__:Found the purchase confirmation
INFO:__main__:Found the close purchase button
INFO:__main__:Successfully purchased com.innovativelanguage.wordpower.portuguese
INFO:__main__:Sleeping for 5 seconds after successful purchase
INFO:__main__:Resetting the driver frame to default
INFO:__main__:App 62/79: loading https://play.google.com/store/apps/details?id=com.innovativelanguage.wordpower.swahili
INFO:__main__:Clicking the first Buy button for com.innovativelanguage.wordpower.swahili
INFO:__main__:Found the purchasing iframe
INFO:__main__:Clicking the Continue button for com.innovativelanguage.wordpower.swahili
INFO:__main__:Clicking the second Buy button for com.innovativelanguage.wordpower.swahili
INFO:__main__:Entering the password
INFO:__main__:Found the purchasing iframe again
INFO:__main__:Found the purchase confirmation
INFO:__main__:Found the close purchase button
INFO:__main__:Successfully purchased com.innovativelanguage.wordpower.swahili
INFO:__main__:Sleeping for 5 seconds after successful purchase
INFO:__main__:Resetting the driver frame to default
INFO:__main__:App 63/79: loading https://play.google.com/store/apps/details?id=com.ksharkapps.filebrowser
INFO:__main__:Clicking the first Buy button for com.ksharkapps.filebrowser
INFO:__main__:Found the purchasing iframe
INFO:__main__:Clicking the Continue button for com.ksharkapps.filebrowser
INFO:__main__:Clicking the second Buy button for com.ksharkapps.filebrowser
INFO:__main__:Entering the password
INFO:__main__:Found the purchasing iframe again
INFO:__main__:Found the purchase confirmation
INFO:__main__:Found the close purchase button
INFO:__main__:Successfully purchased com.ksharkapps.filebrowser
INFO:__main__:Sleeping for 5 seconds after successful purchase
INFO:__main__:Resetting the driver frame to default
INFO:__main__:App 64/79: loading https://play.google.com/store/apps/details?id=com.mobisystems.mobiscannerpro
INFO:__main__:Clicking the first Buy button for com.mobisystems.mobiscannerpro
INFO:__main__:Found the purchasing iframe
INFO:__main__:Clicking the Continue button for com.mobisystems.mobiscannerpro
INFO:__main__:Clicking the second Buy button for com.mobisystems.mobiscannerpro
INFO:__main__:Entering the password
INFO:__main__:Found the purchasing iframe again
INFO:__main__:Found the purchase confirmation
INFO:__main__:Found the close purchase button
INFO:__main__:Successfully purchased com.mobisystems.mobiscannerpro
INFO:__main__:Sleeping for 5 seconds after successful purchase
INFO:__main__:Resetting the driver frame to default
INFO:__main__:App 65/79: loading https://play.google.com/store/apps/details?id=com.orbit.orbitsmarthome.pro
INFO:__main__:Clicking the first Buy button for com.orbit.orbitsmarthome.pro
INFO:__main__:Found the purchasing iframe
INFO:__main__:Clicking the Continue button for com.orbit.orbitsmarthome.pro
INFO:__main__:Clicking the second Buy button for com.orbit.orbitsmarthome.pro
INFO:__main__:Entering the password
INFO:__main__:Found the purchasing iframe again
INFO:__main__:Found the purchase confirmation
INFO:__main__:Found the close purchase button
INFO:__main__:Successfully purchased com.orbit.orbitsmarthome.pro
INFO:__main__:Sleeping for 5 seconds after successful purchase
INFO:__main__:Resetting the driver frame to default
INFO:__main__:App 66/79: loading https://play.google.com/store/apps/details?id=com.sevenbit.firearmenator
INFO:__main__:Clicking the first Buy button for com.sevenbit.firearmenator
INFO:__main__:Found the purchasing iframe
INFO:__main__:Clicking the Continue button for com.sevenbit.firearmenator
INFO:__main__:Clicking the second Buy button for com.sevenbit.firearmenator
INFO:__main__:Entering the password
INFO:__main__:Found the purchasing iframe again
INFO:__main__:Found the purchase confirmation
INFO:__main__:Found the close purchase button
INFO:__main__:Successfully purchased com.sevenbit.firearmenator
INFO:__main__:Sleeping for 5 seconds after successful purchase
INFO:__main__:Resetting the driver frame to default
INFO:__main__:App 67/79: loading https://play.google.com/store/apps/details?id=com.tactustherapy.vat
INFO:__main__:Clicking the first Buy button for com.tactustherapy.vat
INFO:__main__:Found the purchasing iframe
INFO:__main__:Clicking the Continue button for com.tactustherapy.vat
INFO:__main__:Clicking the second Buy button for com.tactustherapy.vat
INFO:__main__:Entering the password
INFO:__main__:Found the purchasing iframe again
INFO:__main__:Found the purchase confirmation
INFO:__main__:Found the close purchase button
INFO:__main__:Successfully purchased com.tactustherapy.vat
INFO:__main__:Sleeping for 5 seconds after successful purchase
INFO:__main__:Resetting the driver frame to default
INFO:__main__:App 68/79: loading https://play.google.com/store/apps/details?id=com.trap.petroleum.petrophysics
INFO:__main__:Clicking the first Buy button for com.trap.petroleum.petrophysics
INFO:__main__:Found the purchasing iframe
INFO:__main__:Clicking the Continue button for com.trap.petroleum.petrophysics
INFO:__main__:Clicking the second Buy button for com.trap.petroleum.petrophysics
INFO:__main__:Entering the password
INFO:__main__:Found the purchasing iframe again
INFO:__main__:Found the purchase confirmation
INFO:__main__:Found the close purchase button
INFO:__main__:Successfully purchased com.trap.petroleum.petrophysics
INFO:__main__:Sleeping for 5 seconds after successful purchase
INFO:__main__:Resetting the driver frame to default
INFO:__main__:App 69/79: loading https://play.google.com/store/apps/details?id=com.zz.betting.prosupertips.pro
INFO:__main__:Clicking the first Buy button for com.zz.betting.prosupertips.pro
INFO:__main__:Found the purchasing iframe
INFO:__main__:Clicking the Continue button for com.zz.betting.prosupertips.pro
INFO:__main__:Clicking the second Buy button for com.zz.betting.prosupertips.pro
INFO:__main__:Entering the password
INFO:__main__:Found the purchasing iframe again
INFO:__main__:Found the purchase confirmation
INFO:__main__:Found the close purchase button
INFO:__main__:Successfully purchased com.zz.betting.prosupertips.pro
INFO:__main__:Sleeping for 5 seconds after successful purchase
INFO:__main__:Resetting the driver frame to default
INFO:__main__:App 70/79: loading https://play.google.com/store/apps/details?id=geckocreativeworks.gemmorg.full
INFO:__main__:Clicking the first Buy button for geckocreativeworks.gemmorg.full
INFO:__main__:Found the purchasing iframe
INFO:__main__:Clicking the Continue button for geckocreativeworks.gemmorg.full
INFO:__main__:Clicking the second Buy button for geckocreativeworks.gemmorg.full
INFO:__main__:Entering the password
INFO:__main__:Found the purchasing iframe again
INFO:__main__:Found the purchase confirmation
INFO:__main__:Found the close purchase button
INFO:__main__:Successfully purchased geckocreativeworks.gemmorg.full
INFO:__main__:Sleeping for 5 seconds after successful purchase
INFO:__main__:Resetting the driver frame to default
INFO:__main__:App 71/79: loading https://play.google.com/store/apps/details?id=org.pseudolabs.musiclounge
INFO:__main__:Clicking the first Buy button for org.pseudolabs.musiclounge
INFO:__main__:Found the purchasing iframe
INFO:__main__:Clicking the Continue button for org.pseudolabs.musiclounge
INFO:__main__:Clicking the second Buy button for org.pseudolabs.musiclounge
INFO:__main__:Entering the password
INFO:__main__:Found the purchasing iframe again
INFO:__main__:Found the purchase confirmation
INFO:__main__:Found the close purchase button
INFO:__main__:Successfully purchased org.pseudolabs.musiclounge
INFO:__main__:Sleeping for 5 seconds after successful purchase
INFO:__main__:Resetting the driver frame to default
INFO:__main__:App 72/79: loading https://play.google.com/store/apps/details?id=psyberia.alpinequest.full
INFO:__main__:Clicking the first Buy button for psyberia.alpinequest.full
INFO:__main__:Found the purchasing iframe
INFO:__main__:Clicking the Continue button for psyberia.alpinequest.full
INFO:__main__:Clicking the second Buy button for psyberia.alpinequest.full
INFO:__main__:Entering the password
INFO:__main__:Found the purchasing iframe again
INFO:__main__:Found the purchase confirmation
INFO:__main__:Found the close purchase button
INFO:__main__:Successfully purchased psyberia.alpinequest.full
INFO:__main__:Sleeping for 5 seconds after successful purchase
INFO:__main__:Resetting the driver frame to default
INFO:__main__:App 73/79: loading https://play.google.com/store/apps/details?id=com.ekoheif.nephrology_advisor
INFO:__main__:Clicking the first Buy button for com.ekoheif.nephrology_advisor
INFO:__main__:Found the purchasing iframe
INFO:__main__:Clicking the Continue button for com.ekoheif.nephrology_advisor
INFO:__main__:Clicking the second Buy button for com.ekoheif.nephrology_advisor
INFO:__main__:Entering the password
INFO:__main__:Found the purchasing iframe again
INFO:__main__:Found the purchase confirmation
INFO:__main__:Found the close purchase button
INFO:__main__:Successfully purchased com.ekoheif.nephrology_advisor
INFO:__main__:Sleeping for 5 seconds after successful purchase
INFO:__main__:Resetting the driver frame to default
INFO:__main__:App 74/79: loading https://play.google.com/store/apps/details?id=com.faadooengineers.pro_basicelectricalfirstyear
INFO:__main__:Clicking the first Buy button for com.faadooengineers.pro_basicelectricalfirstyear
INFO:__main__:Found the purchasing iframe
INFO:__main__:Clicking the Continue button for com.faadooengineers.pro_basicelectricalfirstyear
INFO:__main__:Clicking the second Buy button for com.faadooengineers.pro_basicelectricalfirstyear
INFO:__main__:Entering the password
INFO:__main__:Found the purchasing iframe again
INFO:__main__:Found the purchase confirmation
INFO:__main__:Found the close purchase button
INFO:__main__:Successfully purchased com.faadooengineers.pro_basicelectricalfirstyear
INFO:__main__:Sleeping for 5 seconds after successful purchase
INFO:__main__:Resetting the driver frame to default
INFO:__main__:Cooling down for 30 seconds
INFO:__main__:App 75/79: loading https://play.google.com/store/apps/details?id=com.faadooengineers.pro_environmentalengineering
INFO:__main__:Clicking the first Buy button for com.faadooengineers.pro_environmentalengineering
INFO:__main__:Found the purchasing iframe
INFO:__main__:Clicking the Continue button for com.faadooengineers.pro_environmentalengineering
INFO:__main__:Clicking the second Buy button for com.faadooengineers.pro_environmentalengineering
ERROR:__main__:Exception buying com.faadooengineers.pro_environmentalengineering
Traceback (most recent call last):
  File "autobuy.py", line 82, in _buy
    password_field = WebDriverWait(driver, action_timeout).until(expected_conditions.visibility_of_element_located((By.XPATH, "//input[@type='password' and @aria-label='Enter your password']")))
  File "/home/ioreyes/Programming/auto-buy/venv/lib/python3.7/site-packages/selenium/webdriver/support/wait.py", line 80, in until
    raise TimeoutException(message, screen, stacktrace)
selenium.common.exceptions.TimeoutException: Message: 

INFO:__main__:Resetting the driver frame to default
INFO:__main__:App 76/79: loading https://play.google.com/store/apps/details?id=com.faadooengineers.pro_mathsforengineers
INFO:__main__:Clicking the first Buy button for com.faadooengineers.pro_mathsforengineers
INFO:__main__:Found the purchasing iframe
INFO:__main__:Clicking the Continue button for com.faadooengineers.pro_mathsforengineers
INFO:__main__:Clicking the second Buy button for com.faadooengineers.pro_mathsforengineers
ERROR:__main__:Exception buying com.faadooengineers.pro_mathsforengineers
Traceback (most recent call last):
  File "autobuy.py", line 82, in _buy
    password_field = WebDriverWait(driver, action_timeout).until(expected_conditions.visibility_of_element_located((By.XPATH, "//input[@type='password' and @aria-label='Enter your password']")))
  File "/home/ioreyes/Programming/auto-buy/venv/lib/python3.7/site-packages/selenium/webdriver/support/wait.py", line 80, in until
    raise TimeoutException(message, screen, stacktrace)
selenium.common.exceptions.TimeoutException: Message: 

INFO:__main__:Resetting the driver frame to default
INFO:__main__:App 77/79: loading https://play.google.com/store/apps/details?id=com.faadooengineers.pro_physicsforengineers2
INFO:__main__:Clicking the first Buy button for com.faadooengineers.pro_physicsforengineers2
INFO:__main__:Found the purchasing iframe
INFO:__main__:Clicking the Continue button for com.faadooengineers.pro_physicsforengineers2
INFO:__main__:Clicking the second Buy button for com.faadooengineers.pro_physicsforengineers2
ERROR:__main__:Exception buying com.faadooengineers.pro_physicsforengineers2
Traceback (most recent call last):
  File "autobuy.py", line 82, in _buy
    password_field = WebDriverWait(driver, action_timeout).until(expected_conditions.visibility_of_element_located((By.XPATH, "//input[@type='password' and @aria-label='Enter your password']")))
  File "/home/ioreyes/Programming/auto-buy/venv/lib/python3.7/site-packages/selenium/webdriver/support/wait.py", line 80, in until
    raise TimeoutException(message, screen, stacktrace)
selenium.common.exceptions.TimeoutException: Message: 

INFO:__main__:Resetting the driver frame to default
INFO:__main__:App 78/79: loading https://play.google.com/store/apps/details?id=com.faadooengineers.pro_strengthofmaterials
INFO:__main__:Clicking the first Buy button for com.faadooengineers.pro_strengthofmaterials
INFO:__main__:Found the purchasing iframe
INFO:__main__:Clicking the Continue button for com.faadooengineers.pro_strengthofmaterials
INFO:__main__:Clicking the second Buy button for com.faadooengineers.pro_strengthofmaterials
ERROR:__main__:Exception buying com.faadooengineers.pro_strengthofmaterials
Traceback (most recent call last):
  File "autobuy.py", line 82, in _buy
    password_field = WebDriverWait(driver, action_timeout).until(expected_conditions.visibility_of_element_located((By.XPATH, "//input[@type='password' and @aria-label='Enter your password']")))
  File "/home/ioreyes/Programming/auto-buy/venv/lib/python3.7/site-packages/selenium/webdriver/support/wait.py", line 80, in until
    raise TimeoutException(message, screen, stacktrace)
selenium.common.exceptions.TimeoutException: Message: 

INFO:__main__:Resetting the driver frame to default
INFO:__main__:App 79/79: loading https://play.google.com/store/apps/details?id=com.faadooengineers.pro_theoryofmachines1
INFO:__main__:Clicking the first Buy button for com.faadooengineers.pro_theoryofmachines1
INFO:__main__:Found the purchasing iframe
INFO:__main__:Clicking the Continue button for com.faadooengineers.pro_theoryofmachines1
INFO:__main__:Clicking the second Buy button for com.faadooengineers.pro_theoryofmachines1
ERROR:__main__:Exception buying com.faadooengineers.pro_theoryofmachines1
Traceback (most recent call last):
  File "autobuy.py", line 82, in _buy
    password_field = WebDriverWait(driver, action_timeout).until(expected_conditions.visibility_of_element_located((By.XPATH, "//input[@type='password' and @aria-label='Enter your password']")))
  File "/home/ioreyes/Programming/auto-buy/venv/lib/python3.7/site-packages/selenium/webdriver/support/wait.py", line 80, in until
    raise TimeoutException(message, screen, stacktrace)
selenium.common.exceptions.TimeoutException: Message: 

INFO:__main__:Resetting the driver frame to default
INFO:__main__:Closing the driver
