INFO:__main__:Parsing paid list file data/pricing-10-under-c.rerun-1.csv
INFO:__main__:['com.welch.hushbuddy', 'com.whitetigergames.blossomy_premium', 'com.whitetigergames.chemistry_premium', 'com.whodunnit.medicalphysics.dosecalculator', 'com.whodunnit.medicalphysics.xrayattenuationpro', 'com.ycdroid.voicecallid', 'com.z299studio.pb', 'com.zanyatocorp.formulaonelwp', 'com.zoolax.spacecity', 'counter.app', 'es.virtualcode.lw.khali', 'jp.ogawa.hideki.hodirecttransfer', 'jr.rf.pedidoscarnicero', 'jsoft.stroborpmhzlight', 'juno.dice.paid', 'juno.kagurarss.paid', 'kalloc.android.Top2', 'komp.tirai.spherelw.full', 'martin.mfa', 'me.zheteng.android.stitchcraft', 'org.abubu.cartoonclouds', 'org.fogproject.naughtydice', 'pic.puzzle.picturepuzzle', 'pt.joaormf.mtkcontrol', 'rolf.livewallpaper.nodebattlepaid', 'ru.gonorovsky.kv.livewall.earthhddon', 'ru.levberezkin.emblemofrussia', 'ru.logomotiv.android.watercalculator', 'ru.logomotiv.android.whattobuy', 'ru.qappstd.fixtime.pro', 'ru.sergey.abadzhev.colorballpro', 'ru.touchcube', 'saru.tak.rngagainsthumanit', 'se.cnq.acesremain.full', 'se.commind.wallpaper.bouncyrugby', 'se.commind.wallpaper.bouncysoccer', 'se.rudhs.autoprofiler', 'she.games.bajaNoAds', 'sikk.android.math.drill', 'simernes.snakegame', 'talker.droid', 'tarasB.ChaosMinesweeper', 'tarasB.FluidArkanoid', 'tc.engsoft.jumpingcat', 'torxentertainment.keysandchords', 'trinity.valentinelovespecialpro', 'uk.co.digiment.mtm2', 'uk.co.digiment.mtmtwb', 'uk.org.zuki.magiclifecounterperspective', 'webbusterz.gas_sonic_velocity_in_pipes', 'xdk.intel.jklassen.music.full', 'zekitez.com.satellitedirectorng', 'com.apps.mdev.conversionspro', 'com.blogspot.andmonahov.surfacewave', 'com.exacron.cybersheep', 'com.grantojanen.intentprompter', 'com.grantsgames.usdcounter', 'com.gudensoft.nwsservice', 'com.hexappon.starking', 'com.lmofitness.musclemate', 'com.mindplanet.android.mado', 'com.odinight.gradeonemath', 'com.oxothuk.gorodki.full', 'com.ruje.hry.pexeso', 'com.stem.bulbs', 'com.webclap.sweetstyle.sweetIconChange_strawberrybox_paid', 'cz.plajt.touchofimpress', 'goldenhammer.scribbleworm', 'org.androidworks.livewallpapertulip', 'tatik.pexe_puzzle', 'com.guizard.application', 'dph.tools.photos.cloudphotomanager', 'com.timegalore.magicbattle', 'com.adidiego.lasfinge', 'de.fun4mobile.galaxyhopper', 'com.binzin.playerunlocker', 'air.com.znappy.darts.scoreboard.pro', 'com.glaucopercopo.app.classicalguitarpro', 'com.midimaster.ballerburgfull', 'de.lukasheidenreich.gpsmapexplorer', 'com.ermteam.emmo', 'com.res.restuarantapp', 'chemasalamanca.Valentines_live_wallpaper', 'com.ticogroup.gocodeindia', 'com.acteon.sports.scorecounter', 'com.lanius.kenoma.pob', 'com.mecasa.shadowballs', 'com.huntergames.runbillyrun', 'com.antent.planetconqueror', 'com.fluerapps.scaredcreatures', 'com.makarovsoftware.android.flyingphotos', 'com.blogspot.andmonahov.magicdistortion', 'jp.ne.atech.android.movepaint.forchild.paid', 'teddydroid.app.loa.pro', 'nimeproject.vr.vrskiing', 'com.driftwood.wallpaper.homestead', 'com.driftwood.wallpaper.sleepypanda', 'com.grantojanen.numberwordswriter', 'com.jw.lwp.aqua.pro', 'jp.co.vibe.Christmas', 'es.en.gand.gapp', 'jp.ne.honmaitlabo.android.nicknamephone']
INFO:__main__:Read 102 lines
INFO:__main__:Using geckodriver /home/ioreyes/Programming/auto-buy/geckodriver/geckodriver-linux64
INFO:__main__:Using profile /tmp/tmplm4ta74p/webdriver-py-profilecopy
INFO:__main__:Loading https://play.google.com/store/apps/details?id=com.welch.hushbuddy
INFO:__main__:Clicking the first Buy button for com.welch.hushbuddy
INFO:__main__:Found the purchasing iframe
INFO:__main__:Clicking the Continue button for com.welch.hushbuddy
INFO:__main__:Clicking the second Buy button for com.welch.hushbuddy
INFO:__main__:Entering the password
INFO:__main__:Found the purchasing iframe again
INFO:__main__:Found the purchase confirmation
INFO:__main__:Found the close purchase button
INFO:__main__:Successfully purchased com.welch.hushbuddy
INFO:__main__:Sleeping for 5 seconds after successful purchase
INFO:__main__:Resetting the driver frame to default
INFO:__main__:Loading https://play.google.com/store/apps/details?id=com.whitetigergames.blossomy_premium
INFO:__main__:Clicking the first Buy button for com.whitetigergames.blossomy_premium
INFO:__main__:Found the purchasing iframe
INFO:__main__:Clicking the Continue button for com.whitetigergames.blossomy_premium
INFO:__main__:Clicking the second Buy button for com.whitetigergames.blossomy_premium
INFO:__main__:Entering the password
INFO:__main__:Found the purchasing iframe again
INFO:__main__:Found the purchase confirmation
INFO:__main__:Found the close purchase button
INFO:__main__:Successfully purchased com.whitetigergames.blossomy_premium
INFO:__main__:Sleeping for 5 seconds after successful purchase
INFO:__main__:Resetting the driver frame to default
INFO:__main__:Loading https://play.google.com/store/apps/details?id=com.whitetigergames.chemistry_premium
INFO:__main__:Clicking the first Buy button for com.whitetigergames.chemistry_premium
INFO:__main__:Found the purchasing iframe
INFO:__main__:Clicking the Continue button for com.whitetigergames.chemistry_premium
INFO:__main__:Clicking the second Buy button for com.whitetigergames.chemistry_premium
INFO:__main__:Entering the password
INFO:__main__:Found the purchasing iframe again
INFO:__main__:Found the purchase confirmation
INFO:__main__:Found the close purchase button
INFO:__main__:Successfully purchased com.whitetigergames.chemistry_premium
INFO:__main__:Sleeping for 5 seconds after successful purchase
INFO:__main__:Resetting the driver frame to default
INFO:__main__:Loading https://play.google.com/store/apps/details?id=com.whodunnit.medicalphysics.dosecalculator
INFO:__main__:Clicking the first Buy button for com.whodunnit.medicalphysics.dosecalculator
INFO:__main__:Found the purchasing iframe
INFO:__main__:Clicking the Continue button for com.whodunnit.medicalphysics.dosecalculator
INFO:__main__:Clicking the second Buy button for com.whodunnit.medicalphysics.dosecalculator
INFO:__main__:Entering the password
INFO:__main__:Found the purchasing iframe again
INFO:__main__:Found the purchase confirmation
INFO:__main__:Found the close purchase button
INFO:__main__:Successfully purchased com.whodunnit.medicalphysics.dosecalculator
INFO:__main__:Sleeping for 5 seconds after successful purchase
INFO:__main__:Resetting the driver frame to default
INFO:__main__:Loading https://play.google.com/store/apps/details?id=com.whodunnit.medicalphysics.xrayattenuationpro
INFO:__main__:Clicking the first Buy button for com.whodunnit.medicalphysics.xrayattenuationpro
INFO:__main__:Found the purchasing iframe
INFO:__main__:Clicking the Continue button for com.whodunnit.medicalphysics.xrayattenuationpro
INFO:__main__:Clicking the second Buy button for com.whodunnit.medicalphysics.xrayattenuationpro
INFO:__main__:Entering the password
INFO:__main__:Found the purchasing iframe again
INFO:__main__:Found the purchase confirmation
INFO:__main__:Found the close purchase button
INFO:__main__:Successfully purchased com.whodunnit.medicalphysics.xrayattenuationpro
INFO:__main__:Sleeping for 5 seconds after successful purchase
INFO:__main__:Resetting the driver frame to default
INFO:__main__:Loading https://play.google.com/store/apps/details?id=com.ycdroid.voicecallid
INFO:__main__:Clicking the first Buy button for com.ycdroid.voicecallid
INFO:__main__:Found the purchasing iframe
INFO:__main__:Clicking the Continue button for com.ycdroid.voicecallid
INFO:__main__:Clicking the second Buy button for com.ycdroid.voicecallid
INFO:__main__:Entering the password
INFO:__main__:Found the purchasing iframe again
INFO:__main__:Found the purchase confirmation
INFO:__main__:Found the close purchase button
INFO:__main__:Successfully purchased com.ycdroid.voicecallid
INFO:__main__:Sleeping for 5 seconds after successful purchase
INFO:__main__:Resetting the driver frame to default
INFO:__main__:Loading https://play.google.com/store/apps/details?id=com.z299studio.pb
INFO:__main__:Clicking the first Buy button for com.z299studio.pb
INFO:__main__:Found the purchasing iframe
INFO:__main__:Clicking the Continue button for com.z299studio.pb
INFO:__main__:Clicking the second Buy button for com.z299studio.pb
INFO:__main__:Entering the password
INFO:__main__:Found the purchasing iframe again
ERROR:__main__:Exception buying com.z299studio.pb
Traceback (most recent call last):
  File "autobuy.py", line 90, in _buy
    confirm_box = WebDriverWait(driver, action_timeout).until(expected_conditions.visibility_of_element_located((By.XPATH, "//div[@class='purchase-confirm-message']")))
  File "/home/ioreyes/Programming/auto-buy/venv/lib/python3.7/site-packages/selenium/webdriver/support/wait.py", line 80, in until
    raise TimeoutException(message, screen, stacktrace)
selenium.common.exceptions.TimeoutException: Message: 

INFO:__main__:Resetting the driver frame to default
INFO:__main__:Loading https://play.google.com/store/apps/details?id=com.zanyatocorp.formulaonelwp
INFO:__main__:Clicking the first Buy button for com.zanyatocorp.formulaonelwp
INFO:__main__:Found the purchasing iframe
INFO:__main__:Clicking the Continue button for com.zanyatocorp.formulaonelwp
INFO:__main__:Clicking the second Buy button for com.zanyatocorp.formulaonelwp
INFO:__main__:Entering the password
INFO:__main__:Found the purchasing iframe again
INFO:__main__:Found the purchase confirmation
INFO:__main__:Found the close purchase button
INFO:__main__:Successfully purchased com.zanyatocorp.formulaonelwp
INFO:__main__:Sleeping for 5 seconds after successful purchase
INFO:__main__:Resetting the driver frame to default
INFO:__main__:Loading https://play.google.com/store/apps/details?id=com.zoolax.spacecity
INFO:__main__:Clicking the first Buy button for com.zoolax.spacecity
INFO:__main__:Found the purchasing iframe
INFO:__main__:Clicking the Continue button for com.zoolax.spacecity
INFO:__main__:Clicking the second Buy button for com.zoolax.spacecity
INFO:__main__:Entering the password
INFO:__main__:Found the purchasing iframe again
INFO:__main__:Found the purchase confirmation
INFO:__main__:Found the close purchase button
INFO:__main__:Successfully purchased com.zoolax.spacecity
INFO:__main__:Sleeping for 5 seconds after successful purchase
INFO:__main__:Resetting the driver frame to default
INFO:__main__:Loading https://play.google.com/store/apps/details?id=counter.app
INFO:__main__:Clicking the first Buy button for counter.app
INFO:__main__:Found the purchasing iframe
INFO:__main__:Clicking the Continue button for counter.app
INFO:__main__:Clicking the second Buy button for counter.app
INFO:__main__:Entering the password
INFO:__main__:Found the purchasing iframe again
INFO:__main__:Found the purchase confirmation
INFO:__main__:Found the close purchase button
INFO:__main__:Successfully purchased counter.app
INFO:__main__:Sleeping for 5 seconds after successful purchase
INFO:__main__:Resetting the driver frame to default
INFO:__main__:Loading https://play.google.com/store/apps/details?id=es.virtualcode.lw.khali
INFO:__main__:Clicking the first Buy button for es.virtualcode.lw.khali
INFO:__main__:Found the purchasing iframe
INFO:__main__:Clicking the Continue button for es.virtualcode.lw.khali
INFO:__main__:Clicking the second Buy button for es.virtualcode.lw.khali
INFO:__main__:Entering the password
INFO:__main__:Found the purchasing iframe again
INFO:__main__:Found the purchase confirmation
INFO:__main__:Found the close purchase button
INFO:__main__:Successfully purchased es.virtualcode.lw.khali
INFO:__main__:Sleeping for 5 seconds after successful purchase
INFO:__main__:Resetting the driver frame to default
INFO:__main__:Loading https://play.google.com/store/apps/details?id=jp.ogawa.hideki.hodirecttransfer
INFO:__main__:Clicking the first Buy button for jp.ogawa.hideki.hodirecttransfer
INFO:__main__:Found the purchasing iframe
INFO:__main__:Clicking the Continue button for jp.ogawa.hideki.hodirecttransfer
INFO:__main__:Clicking the second Buy button for jp.ogawa.hideki.hodirecttransfer
INFO:__main__:Entering the password
INFO:__main__:Found the purchasing iframe again
INFO:__main__:Found the purchase confirmation
INFO:__main__:Found the close purchase button
INFO:__main__:Successfully purchased jp.ogawa.hideki.hodirecttransfer
INFO:__main__:Sleeping for 5 seconds after successful purchase
INFO:__main__:Resetting the driver frame to default
INFO:__main__:Loading https://play.google.com/store/apps/details?id=jr.rf.pedidoscarnicero
INFO:__main__:Clicking the first Buy button for jr.rf.pedidoscarnicero
INFO:__main__:Found the purchasing iframe
INFO:__main__:Clicking the Continue button for jr.rf.pedidoscarnicero
INFO:__main__:Clicking the second Buy button for jr.rf.pedidoscarnicero
INFO:__main__:Entering the password
INFO:__main__:Found the purchasing iframe again
INFO:__main__:Found the purchase confirmation
INFO:__main__:Found the close purchase button
INFO:__main__:Successfully purchased jr.rf.pedidoscarnicero
INFO:__main__:Sleeping for 5 seconds after successful purchase
INFO:__main__:Resetting the driver frame to default
INFO:__main__:Loading https://play.google.com/store/apps/details?id=jsoft.stroborpmhzlight
INFO:__main__:Clicking the first Buy button for jsoft.stroborpmhzlight
INFO:__main__:Found the purchasing iframe
INFO:__main__:Clicking the Continue button for jsoft.stroborpmhzlight
INFO:__main__:Clicking the second Buy button for jsoft.stroborpmhzlight
INFO:__main__:Entering the password
INFO:__main__:Found the purchasing iframe again
INFO:__main__:Found the purchase confirmation
INFO:__main__:Found the close purchase button
INFO:__main__:Successfully purchased jsoft.stroborpmhzlight
INFO:__main__:Sleeping for 5 seconds after successful purchase
INFO:__main__:Resetting the driver frame to default
INFO:__main__:Loading https://play.google.com/store/apps/details?id=juno.dice.paid
INFO:__main__:Clicking the first Buy button for juno.dice.paid
INFO:__main__:Found the purchasing iframe
INFO:__main__:Clicking the Continue button for juno.dice.paid
INFO:__main__:Clicking the second Buy button for juno.dice.paid
INFO:__main__:Entering the password
INFO:__main__:Found the purchasing iframe again
INFO:__main__:Found the purchase confirmation
INFO:__main__:Found the close purchase button
INFO:__main__:Successfully purchased juno.dice.paid
INFO:__main__:Sleeping for 5 seconds after successful purchase
INFO:__main__:Resetting the driver frame to default
INFO:__main__:Loading https://play.google.com/store/apps/details?id=juno.kagurarss.paid
INFO:__main__:Clicking the first Buy button for juno.kagurarss.paid
INFO:__main__:Found the purchasing iframe
INFO:__main__:Clicking the Continue button for juno.kagurarss.paid
INFO:__main__:Clicking the second Buy button for juno.kagurarss.paid
INFO:__main__:Entering the password
INFO:__main__:Found the purchasing iframe again
INFO:__main__:Found the purchase confirmation
INFO:__main__:Found the close purchase button
INFO:__main__:Successfully purchased juno.kagurarss.paid
INFO:__main__:Sleeping for 5 seconds after successful purchase
INFO:__main__:Resetting the driver frame to default
INFO:__main__:Loading https://play.google.com/store/apps/details?id=kalloc.android.Top2
INFO:__main__:Clicking the first Buy button for kalloc.android.Top2
INFO:__main__:Found the purchasing iframe
INFO:__main__:Clicking the Continue button for kalloc.android.Top2
INFO:__main__:Clicking the second Buy button for kalloc.android.Top2
INFO:__main__:Entering the password
INFO:__main__:Found the purchasing iframe again
INFO:__main__:Found the purchase confirmation
INFO:__main__:Found the close purchase button
INFO:__main__:Successfully purchased kalloc.android.Top2
INFO:__main__:Sleeping for 5 seconds after successful purchase
INFO:__main__:Resetting the driver frame to default
INFO:__main__:Loading https://play.google.com/store/apps/details?id=komp.tirai.spherelw.full
INFO:__main__:Clicking the first Buy button for komp.tirai.spherelw.full
INFO:__main__:Found the purchasing iframe
INFO:__main__:Clicking the Continue button for komp.tirai.spherelw.full
INFO:__main__:Clicking the second Buy button for komp.tirai.spherelw.full
INFO:__main__:Entering the password
INFO:__main__:Found the purchasing iframe again
INFO:__main__:Found the purchase confirmation
INFO:__main__:Found the close purchase button
INFO:__main__:Successfully purchased komp.tirai.spherelw.full
INFO:__main__:Sleeping for 5 seconds after successful purchase
INFO:__main__:Resetting the driver frame to default
INFO:__main__:Loading https://play.google.com/store/apps/details?id=martin.mfa
INFO:__main__:Clicking the first Buy button for martin.mfa
INFO:__main__:Found the purchasing iframe
INFO:__main__:Clicking the Continue button for martin.mfa
INFO:__main__:Clicking the second Buy button for martin.mfa
INFO:__main__:Entering the password
INFO:__main__:Found the purchasing iframe again
INFO:__main__:Found the purchase confirmation
INFO:__main__:Found the close purchase button
INFO:__main__:Successfully purchased martin.mfa
INFO:__main__:Sleeping for 5 seconds after successful purchase
INFO:__main__:Resetting the driver frame to default
INFO:__main__:Loading https://play.google.com/store/apps/details?id=me.zheteng.android.stitchcraft
INFO:__main__:Clicking the first Buy button for me.zheteng.android.stitchcraft
INFO:__main__:Found the purchasing iframe
INFO:__main__:Clicking the Continue button for me.zheteng.android.stitchcraft
INFO:__main__:Clicking the second Buy button for me.zheteng.android.stitchcraft
INFO:__main__:Entering the password
INFO:__main__:Found the purchasing iframe again
INFO:__main__:Found the purchase confirmation
INFO:__main__:Found the close purchase button
INFO:__main__:Successfully purchased me.zheteng.android.stitchcraft
INFO:__main__:Sleeping for 5 seconds after successful purchase
INFO:__main__:Resetting the driver frame to default
INFO:__main__:Loading https://play.google.com/store/apps/details?id=org.abubu.cartoonclouds
INFO:__main__:Clicking the first Buy button for org.abubu.cartoonclouds
INFO:__main__:Found the purchasing iframe
INFO:__main__:Clicking the Continue button for org.abubu.cartoonclouds
INFO:__main__:Clicking the second Buy button for org.abubu.cartoonclouds
INFO:__main__:Entering the password
INFO:__main__:Found the purchasing iframe again
INFO:__main__:Found the purchase confirmation
INFO:__main__:Found the close purchase button
INFO:__main__:Successfully purchased org.abubu.cartoonclouds
INFO:__main__:Sleeping for 5 seconds after successful purchase
INFO:__main__:Resetting the driver frame to default
INFO:__main__:Loading https://play.google.com/store/apps/details?id=org.fogproject.naughtydice
INFO:__main__:Clicking the first Buy button for org.fogproject.naughtydice
INFO:__main__:Found the purchasing iframe
INFO:__main__:Clicking the Continue button for org.fogproject.naughtydice
INFO:__main__:Clicking the second Buy button for org.fogproject.naughtydice
INFO:__main__:Entering the password
INFO:__main__:Found the purchasing iframe again
INFO:__main__:Found the purchase confirmation
INFO:__main__:Found the close purchase button
INFO:__main__:Successfully purchased org.fogproject.naughtydice
INFO:__main__:Sleeping for 5 seconds after successful purchase
INFO:__main__:Resetting the driver frame to default
INFO:__main__:Loading https://play.google.com/store/apps/details?id=pic.puzzle.picturepuzzle
INFO:__main__:Clicking the first Buy button for pic.puzzle.picturepuzzle
INFO:__main__:Found the purchasing iframe
INFO:__main__:Clicking the Continue button for pic.puzzle.picturepuzzle
INFO:__main__:Clicking the second Buy button for pic.puzzle.picturepuzzle
INFO:__main__:Entering the password
INFO:__main__:Found the purchasing iframe again
ERROR:__main__:Exception buying pic.puzzle.picturepuzzle
Traceback (most recent call last):
  File "autobuy.py", line 90, in _buy
    confirm_box = WebDriverWait(driver, action_timeout).until(expected_conditions.visibility_of_element_located((By.XPATH, "//div[@class='purchase-confirm-message']")))
  File "/home/ioreyes/Programming/auto-buy/venv/lib/python3.7/site-packages/selenium/webdriver/support/wait.py", line 80, in until
    raise TimeoutException(message, screen, stacktrace)
selenium.common.exceptions.TimeoutException: Message: 

INFO:__main__:Resetting the driver frame to default
INFO:__main__:Loading https://play.google.com/store/apps/details?id=pt.joaormf.mtkcontrol
INFO:__main__:Clicking the first Buy button for pt.joaormf.mtkcontrol
INFO:__main__:Found the purchasing iframe
INFO:__main__:Clicking the Continue button for pt.joaormf.mtkcontrol
INFO:__main__:Clicking the second Buy button for pt.joaormf.mtkcontrol
INFO:__main__:Entering the password
INFO:__main__:Found the purchasing iframe again
INFO:__main__:Found the purchase confirmation
INFO:__main__:Found the close purchase button
INFO:__main__:Successfully purchased pt.joaormf.mtkcontrol
INFO:__main__:Sleeping for 5 seconds after successful purchase
INFO:__main__:Resetting the driver frame to default
INFO:__main__:Cooling down for 45 seconds
INFO:__main__:Loading https://play.google.com/store/apps/details?id=rolf.livewallpaper.nodebattlepaid
INFO:__main__:Clicking the first Buy button for rolf.livewallpaper.nodebattlepaid
INFO:__main__:Found the purchasing iframe
INFO:__main__:Clicking the Continue button for rolf.livewallpaper.nodebattlepaid
INFO:__main__:Clicking the second Buy button for rolf.livewallpaper.nodebattlepaid
INFO:__main__:Entering the password
INFO:__main__:Found the purchasing iframe again
INFO:__main__:Found the purchase confirmation
INFO:__main__:Found the close purchase button
INFO:__main__:Successfully purchased rolf.livewallpaper.nodebattlepaid
INFO:__main__:Sleeping for 5 seconds after successful purchase
INFO:__main__:Resetting the driver frame to default
INFO:__main__:Loading https://play.google.com/store/apps/details?id=ru.gonorovsky.kv.livewall.earthhddon
ERROR:__main__:Exception buying ru.gonorovsky.kv.livewall.earthhddon
Traceback (most recent call last):
  File "autobuy.py", line 64, in _buy
    buy_button = driver.find_element_by_xpath("//button[contains(@aria-label, 'Buy')]")
  File "/home/ioreyes/Programming/auto-buy/venv/lib/python3.7/site-packages/selenium/webdriver/remote/webdriver.py", line 394, in find_element_by_xpath
    return self.find_element(by=By.XPATH, value=xpath)
  File "/home/ioreyes/Programming/auto-buy/venv/lib/python3.7/site-packages/selenium/webdriver/remote/webdriver.py", line 978, in find_element
    'value': value})['value']
  File "/home/ioreyes/Programming/auto-buy/venv/lib/python3.7/site-packages/selenium/webdriver/remote/webdriver.py", line 321, in execute
    self.error_handler.check_response(response)
  File "/home/ioreyes/Programming/auto-buy/venv/lib/python3.7/site-packages/selenium/webdriver/remote/errorhandler.py", line 242, in check_response
    raise exception_class(message, screen, stacktrace)
selenium.common.exceptions.NoSuchElementException: Message: Unable to locate element: //button[contains(@aria-label, 'Buy')]

INFO:__main__:Resetting the driver frame to default
INFO:__main__:Loading https://play.google.com/store/apps/details?id=ru.levberezkin.emblemofrussia
INFO:__main__:Clicking the first Buy button for ru.levberezkin.emblemofrussia
INFO:__main__:Found the purchasing iframe
INFO:__main__:Clicking the Continue button for ru.levberezkin.emblemofrussia
INFO:__main__:Clicking the second Buy button for ru.levberezkin.emblemofrussia
INFO:__main__:Entering the password
INFO:__main__:Found the purchasing iframe again
INFO:__main__:Found the purchase confirmation
INFO:__main__:Found the close purchase button
INFO:__main__:Successfully purchased ru.levberezkin.emblemofrussia
INFO:__main__:Sleeping for 5 seconds after successful purchase
INFO:__main__:Resetting the driver frame to default
INFO:__main__:Loading https://play.google.com/store/apps/details?id=ru.logomotiv.android.watercalculator
INFO:__main__:Clicking the first Buy button for ru.logomotiv.android.watercalculator
INFO:__main__:Found the purchasing iframe
INFO:__main__:Clicking the Continue button for ru.logomotiv.android.watercalculator
INFO:__main__:Clicking the second Buy button for ru.logomotiv.android.watercalculator
INFO:__main__:Entering the password
INFO:__main__:Found the purchasing iframe again
INFO:__main__:Found the purchase confirmation
INFO:__main__:Found the close purchase button
INFO:__main__:Successfully purchased ru.logomotiv.android.watercalculator
INFO:__main__:Sleeping for 5 seconds after successful purchase
INFO:__main__:Resetting the driver frame to default
INFO:__main__:Loading https://play.google.com/store/apps/details?id=ru.logomotiv.android.whattobuy
INFO:__main__:Clicking the first Buy button for ru.logomotiv.android.whattobuy
INFO:__main__:Found the purchasing iframe
INFO:__main__:Clicking the Continue button for ru.logomotiv.android.whattobuy
INFO:__main__:Clicking the second Buy button for ru.logomotiv.android.whattobuy
INFO:__main__:Entering the password
INFO:__main__:Found the purchasing iframe again
INFO:__main__:Found the purchase confirmation
INFO:__main__:Found the close purchase button
INFO:__main__:Successfully purchased ru.logomotiv.android.whattobuy
INFO:__main__:Sleeping for 5 seconds after successful purchase
INFO:__main__:Resetting the driver frame to default
INFO:__main__:Loading https://play.google.com/store/apps/details?id=ru.qappstd.fixtime.pro
INFO:__main__:Clicking the first Buy button for ru.qappstd.fixtime.pro
INFO:__main__:Found the purchasing iframe
INFO:__main__:Clicking the Continue button for ru.qappstd.fixtime.pro
INFO:__main__:Clicking the second Buy button for ru.qappstd.fixtime.pro
INFO:__main__:Entering the password
INFO:__main__:Found the purchasing iframe again
INFO:__main__:Found the purchase confirmation
INFO:__main__:Found the close purchase button
INFO:__main__:Successfully purchased ru.qappstd.fixtime.pro
INFO:__main__:Sleeping for 5 seconds after successful purchase
INFO:__main__:Resetting the driver frame to default
INFO:__main__:Loading https://play.google.com/store/apps/details?id=ru.sergey.abadzhev.colorballpro
INFO:__main__:Clicking the first Buy button for ru.sergey.abadzhev.colorballpro
INFO:__main__:Found the purchasing iframe
INFO:__main__:Clicking the Continue button for ru.sergey.abadzhev.colorballpro
INFO:__main__:Clicking the second Buy button for ru.sergey.abadzhev.colorballpro
INFO:__main__:Entering the password
INFO:__main__:Found the purchasing iframe again
INFO:__main__:Found the purchase confirmation
INFO:__main__:Found the close purchase button
INFO:__main__:Successfully purchased ru.sergey.abadzhev.colorballpro
INFO:__main__:Sleeping for 5 seconds after successful purchase
INFO:__main__:Resetting the driver frame to default
INFO:__main__:Loading https://play.google.com/store/apps/details?id=ru.touchcube
INFO:__main__:Clicking the first Buy button for ru.touchcube
INFO:__main__:Found the purchasing iframe
INFO:__main__:Clicking the Continue button for ru.touchcube
INFO:__main__:Clicking the second Buy button for ru.touchcube
INFO:__main__:Entering the password
INFO:__main__:Found the purchasing iframe again
INFO:__main__:Found the purchase confirmation
INFO:__main__:Found the close purchase button
INFO:__main__:Successfully purchased ru.touchcube
INFO:__main__:Sleeping for 5 seconds after successful purchase
INFO:__main__:Resetting the driver frame to default
INFO:__main__:Loading https://play.google.com/store/apps/details?id=saru.tak.rngagainsthumanit
INFO:__main__:Clicking the first Buy button for saru.tak.rngagainsthumanit
INFO:__main__:Found the purchasing iframe
INFO:__main__:Clicking the Continue button for saru.tak.rngagainsthumanit
INFO:__main__:Clicking the second Buy button for saru.tak.rngagainsthumanit
INFO:__main__:Entering the password
INFO:__main__:Found the purchasing iframe again
INFO:__main__:Found the purchase confirmation
INFO:__main__:Found the close purchase button
INFO:__main__:Successfully purchased saru.tak.rngagainsthumanit
INFO:__main__:Sleeping for 5 seconds after successful purchase
INFO:__main__:Resetting the driver frame to default
INFO:__main__:Loading https://play.google.com/store/apps/details?id=se.cnq.acesremain.full
INFO:__main__:Clicking the first Buy button for se.cnq.acesremain.full
INFO:__main__:Found the purchasing iframe
INFO:__main__:Clicking the Continue button for se.cnq.acesremain.full
INFO:__main__:Clicking the second Buy button for se.cnq.acesremain.full
INFO:__main__:Entering the password
INFO:__main__:Found the purchasing iframe again
INFO:__main__:Found the purchase confirmation
INFO:__main__:Found the close purchase button
INFO:__main__:Successfully purchased se.cnq.acesremain.full
INFO:__main__:Sleeping for 5 seconds after successful purchase
INFO:__main__:Resetting the driver frame to default
INFO:__main__:Loading https://play.google.com/store/apps/details?id=se.commind.wallpaper.bouncyrugby
INFO:__main__:Clicking the first Buy button for se.commind.wallpaper.bouncyrugby
INFO:__main__:Found the purchasing iframe
INFO:__main__:Clicking the Continue button for se.commind.wallpaper.bouncyrugby
INFO:__main__:Clicking the second Buy button for se.commind.wallpaper.bouncyrugby
INFO:__main__:Entering the password
INFO:__main__:Found the purchasing iframe again
INFO:__main__:Found the purchase confirmation
INFO:__main__:Found the close purchase button
INFO:__main__:Successfully purchased se.commind.wallpaper.bouncyrugby
INFO:__main__:Sleeping for 5 seconds after successful purchase
INFO:__main__:Resetting the driver frame to default
INFO:__main__:Loading https://play.google.com/store/apps/details?id=se.commind.wallpaper.bouncysoccer
INFO:__main__:Clicking the first Buy button for se.commind.wallpaper.bouncysoccer
INFO:__main__:Found the purchasing iframe
INFO:__main__:Clicking the Continue button for se.commind.wallpaper.bouncysoccer
INFO:__main__:Clicking the second Buy button for se.commind.wallpaper.bouncysoccer
INFO:__main__:Entering the password
INFO:__main__:Found the purchasing iframe again
INFO:__main__:Found the purchase confirmation
INFO:__main__:Found the close purchase button
INFO:__main__:Successfully purchased se.commind.wallpaper.bouncysoccer
INFO:__main__:Sleeping for 5 seconds after successful purchase
INFO:__main__:Resetting the driver frame to default
INFO:__main__:Loading https://play.google.com/store/apps/details?id=se.rudhs.autoprofiler
INFO:__main__:Clicking the first Buy button for se.rudhs.autoprofiler
INFO:__main__:Found the purchasing iframe
INFO:__main__:Clicking the Continue button for se.rudhs.autoprofiler
INFO:__main__:Clicking the second Buy button for se.rudhs.autoprofiler
INFO:__main__:Entering the password
INFO:__main__:Found the purchasing iframe again
ERROR:__main__:Exception buying se.rudhs.autoprofiler
Traceback (most recent call last):
  File "autobuy.py", line 90, in _buy
    confirm_box = WebDriverWait(driver, action_timeout).until(expected_conditions.visibility_of_element_located((By.XPATH, "//div[@class='purchase-confirm-message']")))
  File "/home/ioreyes/Programming/auto-buy/venv/lib/python3.7/site-packages/selenium/webdriver/support/wait.py", line 80, in until
    raise TimeoutException(message, screen, stacktrace)
selenium.common.exceptions.TimeoutException: Message: 

INFO:__main__:Resetting the driver frame to default
INFO:__main__:Loading https://play.google.com/store/apps/details?id=she.games.bajaNoAds
INFO:__main__:Clicking the first Buy button for she.games.bajaNoAds
INFO:__main__:Found the purchasing iframe
INFO:__main__:Clicking the Continue button for she.games.bajaNoAds
INFO:__main__:Clicking the second Buy button for she.games.bajaNoAds
INFO:__main__:Entering the password
INFO:__main__:Found the purchasing iframe again
INFO:__main__:Found the purchase confirmation
INFO:__main__:Found the close purchase button
INFO:__main__:Successfully purchased she.games.bajaNoAds
INFO:__main__:Sleeping for 5 seconds after successful purchase
INFO:__main__:Resetting the driver frame to default
INFO:__main__:Loading https://play.google.com/store/apps/details?id=sikk.android.math.drill
INFO:__main__:Clicking the first Buy button for sikk.android.math.drill
INFO:__main__:Found the purchasing iframe
INFO:__main__:Clicking the Continue button for sikk.android.math.drill
INFO:__main__:Clicking the second Buy button for sikk.android.math.drill
INFO:__main__:Entering the password
INFO:__main__:Found the purchasing iframe again
INFO:__main__:Found the purchase confirmation
INFO:__main__:Found the close purchase button
INFO:__main__:Successfully purchased sikk.android.math.drill
INFO:__main__:Sleeping for 5 seconds after successful purchase
INFO:__main__:Resetting the driver frame to default
INFO:__main__:Loading https://play.google.com/store/apps/details?id=simernes.snakegame
INFO:__main__:Clicking the first Buy button for simernes.snakegame
INFO:__main__:Found the purchasing iframe
INFO:__main__:Clicking the Continue button for simernes.snakegame
INFO:__main__:Clicking the second Buy button for simernes.snakegame
INFO:__main__:Entering the password
INFO:__main__:Found the purchasing iframe again
INFO:__main__:Found the purchase confirmation
INFO:__main__:Found the close purchase button
INFO:__main__:Successfully purchased simernes.snakegame
INFO:__main__:Sleeping for 5 seconds after successful purchase
INFO:__main__:Resetting the driver frame to default
INFO:__main__:Loading https://play.google.com/store/apps/details?id=talker.droid
INFO:__main__:Clicking the first Buy button for talker.droid
INFO:__main__:Found the purchasing iframe
INFO:__main__:Clicking the Continue button for talker.droid
INFO:__main__:Clicking the second Buy button for talker.droid
INFO:__main__:Entering the password
INFO:__main__:Found the purchasing iframe again
INFO:__main__:Found the purchase confirmation
INFO:__main__:Found the close purchase button
INFO:__main__:Successfully purchased talker.droid
INFO:__main__:Sleeping for 5 seconds after successful purchase
INFO:__main__:Resetting the driver frame to default
INFO:__main__:Loading https://play.google.com/store/apps/details?id=tarasB.ChaosMinesweeper
INFO:__main__:Clicking the first Buy button for tarasB.ChaosMinesweeper
INFO:__main__:Found the purchasing iframe
INFO:__main__:Clicking the Continue button for tarasB.ChaosMinesweeper
INFO:__main__:Clicking the second Buy button for tarasB.ChaosMinesweeper
INFO:__main__:Entering the password
INFO:__main__:Found the purchasing iframe again
INFO:__main__:Found the purchase confirmation
INFO:__main__:Found the close purchase button
INFO:__main__:Successfully purchased tarasB.ChaosMinesweeper
INFO:__main__:Sleeping for 5 seconds after successful purchase
INFO:__main__:Resetting the driver frame to default
INFO:__main__:Loading https://play.google.com/store/apps/details?id=tarasB.FluidArkanoid
INFO:__main__:Clicking the first Buy button for tarasB.FluidArkanoid
INFO:__main__:Found the purchasing iframe
INFO:__main__:Clicking the Continue button for tarasB.FluidArkanoid
INFO:__main__:Clicking the second Buy button for tarasB.FluidArkanoid
INFO:__main__:Entering the password
INFO:__main__:Found the purchasing iframe again
INFO:__main__:Found the purchase confirmation
INFO:__main__:Found the close purchase button
INFO:__main__:Successfully purchased tarasB.FluidArkanoid
INFO:__main__:Sleeping for 5 seconds after successful purchase
INFO:__main__:Resetting the driver frame to default
INFO:__main__:Loading https://play.google.com/store/apps/details?id=tc.engsoft.jumpingcat
INFO:__main__:Clicking the first Buy button for tc.engsoft.jumpingcat
INFO:__main__:Found the purchasing iframe
INFO:__main__:Clicking the Continue button for tc.engsoft.jumpingcat
INFO:__main__:Clicking the second Buy button for tc.engsoft.jumpingcat
INFO:__main__:Entering the password
INFO:__main__:Found the purchasing iframe again
INFO:__main__:Found the purchase confirmation
INFO:__main__:Found the close purchase button
INFO:__main__:Successfully purchased tc.engsoft.jumpingcat
INFO:__main__:Sleeping for 5 seconds after successful purchase
INFO:__main__:Resetting the driver frame to default
INFO:__main__:Loading https://play.google.com/store/apps/details?id=torxentertainment.keysandchords
INFO:__main__:Clicking the first Buy button for torxentertainment.keysandchords
INFO:__main__:Found the purchasing iframe
INFO:__main__:Clicking the Continue button for torxentertainment.keysandchords
INFO:__main__:Clicking the second Buy button for torxentertainment.keysandchords
INFO:__main__:Entering the password
INFO:__main__:Found the purchasing iframe again
INFO:__main__:Found the purchase confirmation
INFO:__main__:Found the close purchase button
INFO:__main__:Successfully purchased torxentertainment.keysandchords
INFO:__main__:Sleeping for 5 seconds after successful purchase
INFO:__main__:Resetting the driver frame to default
INFO:__main__:Loading https://play.google.com/store/apps/details?id=trinity.valentinelovespecialpro
INFO:__main__:Clicking the first Buy button for trinity.valentinelovespecialpro
INFO:__main__:Found the purchasing iframe
INFO:__main__:Clicking the Continue button for trinity.valentinelovespecialpro
INFO:__main__:Clicking the second Buy button for trinity.valentinelovespecialpro
INFO:__main__:Entering the password
INFO:__main__:Found the purchasing iframe again
INFO:__main__:Found the purchase confirmation
INFO:__main__:Found the close purchase button
INFO:__main__:Successfully purchased trinity.valentinelovespecialpro
INFO:__main__:Sleeping for 5 seconds after successful purchase
INFO:__main__:Resetting the driver frame to default
INFO:__main__:Loading https://play.google.com/store/apps/details?id=uk.co.digiment.mtm2
INFO:__main__:Clicking the first Buy button for uk.co.digiment.mtm2
INFO:__main__:Found the purchasing iframe
INFO:__main__:Clicking the Continue button for uk.co.digiment.mtm2
INFO:__main__:Clicking the second Buy button for uk.co.digiment.mtm2
INFO:__main__:Entering the password
INFO:__main__:Found the purchasing iframe again
INFO:__main__:Found the purchase confirmation
INFO:__main__:Found the close purchase button
INFO:__main__:Successfully purchased uk.co.digiment.mtm2
INFO:__main__:Sleeping for 5 seconds after successful purchase
INFO:__main__:Resetting the driver frame to default
INFO:__main__:Loading https://play.google.com/store/apps/details?id=uk.co.digiment.mtmtwb
INFO:__main__:Clicking the first Buy button for uk.co.digiment.mtmtwb
INFO:__main__:Found the purchasing iframe
INFO:__main__:Clicking the Continue button for uk.co.digiment.mtmtwb
INFO:__main__:Clicking the second Buy button for uk.co.digiment.mtmtwb
INFO:__main__:Entering the password
INFO:__main__:Found the purchasing iframe again
INFO:__main__:Found the purchase confirmation
INFO:__main__:Found the close purchase button
INFO:__main__:Successfully purchased uk.co.digiment.mtmtwb
INFO:__main__:Sleeping for 5 seconds after successful purchase
INFO:__main__:Resetting the driver frame to default
INFO:__main__:Loading https://play.google.com/store/apps/details?id=uk.org.zuki.magiclifecounterperspective
INFO:__main__:Clicking the first Buy button for uk.org.zuki.magiclifecounterperspective
INFO:__main__:Found the purchasing iframe
INFO:__main__:Clicking the Continue button for uk.org.zuki.magiclifecounterperspective
INFO:__main__:Clicking the second Buy button for uk.org.zuki.magiclifecounterperspective
INFO:__main__:Entering the password
INFO:__main__:Found the purchasing iframe again
INFO:__main__:Found the purchase confirmation
INFO:__main__:Found the close purchase button
INFO:__main__:Successfully purchased uk.org.zuki.magiclifecounterperspective
INFO:__main__:Sleeping for 5 seconds after successful purchase
INFO:__main__:Resetting the driver frame to default
INFO:__main__:Cooling down for 45 seconds
INFO:__main__:Loading https://play.google.com/store/apps/details?id=webbusterz.gas_sonic_velocity_in_pipes
INFO:__main__:Clicking the first Buy button for webbusterz.gas_sonic_velocity_in_pipes
INFO:__main__:Found the purchasing iframe
INFO:__main__:Clicking the Continue button for webbusterz.gas_sonic_velocity_in_pipes
INFO:__main__:Clicking the second Buy button for webbusterz.gas_sonic_velocity_in_pipes
INFO:__main__:Entering the password
INFO:__main__:Found the purchasing iframe again
INFO:__main__:Found the purchase confirmation
INFO:__main__:Found the close purchase button
INFO:__main__:Successfully purchased webbusterz.gas_sonic_velocity_in_pipes
INFO:__main__:Sleeping for 5 seconds after successful purchase
INFO:__main__:Resetting the driver frame to default
INFO:__main__:Loading https://play.google.com/store/apps/details?id=xdk.intel.jklassen.music.full
INFO:__main__:Clicking the first Buy button for xdk.intel.jklassen.music.full
INFO:__main__:Found the purchasing iframe
INFO:__main__:Clicking the Continue button for xdk.intel.jklassen.music.full
INFO:__main__:Clicking the second Buy button for xdk.intel.jklassen.music.full
INFO:__main__:Entering the password
INFO:__main__:Found the purchasing iframe again
INFO:__main__:Found the purchase confirmation
INFO:__main__:Found the close purchase button
INFO:__main__:Successfully purchased xdk.intel.jklassen.music.full
INFO:__main__:Sleeping for 5 seconds after successful purchase
INFO:__main__:Resetting the driver frame to default
INFO:__main__:Loading https://play.google.com/store/apps/details?id=zekitez.com.satellitedirectorng
INFO:__main__:Clicking the first Buy button for zekitez.com.satellitedirectorng
INFO:__main__:Found the purchasing iframe
INFO:__main__:Clicking the Continue button for zekitez.com.satellitedirectorng
INFO:__main__:Clicking the second Buy button for zekitez.com.satellitedirectorng
INFO:__main__:Entering the password
INFO:__main__:Found the purchasing iframe again
INFO:__main__:Found the purchase confirmation
INFO:__main__:Found the close purchase button
INFO:__main__:Successfully purchased zekitez.com.satellitedirectorng
INFO:__main__:Sleeping for 5 seconds after successful purchase
INFO:__main__:Resetting the driver frame to default
INFO:__main__:Loading https://play.google.com/store/apps/details?id=com.apps.mdev.conversionspro
INFO:__main__:Clicking the first Buy button for com.apps.mdev.conversionspro
INFO:__main__:Found the purchasing iframe
INFO:__main__:Clicking the Continue button for com.apps.mdev.conversionspro
INFO:__main__:Clicking the second Buy button for com.apps.mdev.conversionspro
INFO:__main__:Entering the password
INFO:__main__:Found the purchasing iframe again
INFO:__main__:Found the purchase confirmation
INFO:__main__:Found the close purchase button
INFO:__main__:Successfully purchased com.apps.mdev.conversionspro
INFO:__main__:Sleeping for 5 seconds after successful purchase
INFO:__main__:Resetting the driver frame to default
INFO:__main__:Loading https://play.google.com/store/apps/details?id=com.blogspot.andmonahov.surfacewave
INFO:__main__:Clicking the first Buy button for com.blogspot.andmonahov.surfacewave
INFO:__main__:Found the purchasing iframe
INFO:__main__:Clicking the Continue button for com.blogspot.andmonahov.surfacewave
INFO:__main__:Clicking the second Buy button for com.blogspot.andmonahov.surfacewave
INFO:__main__:Entering the password
INFO:__main__:Found the purchasing iframe again
INFO:__main__:Found the purchase confirmation
INFO:__main__:Found the close purchase button
INFO:__main__:Successfully purchased com.blogspot.andmonahov.surfacewave
INFO:__main__:Sleeping for 5 seconds after successful purchase
INFO:__main__:Resetting the driver frame to default
INFO:__main__:Loading https://play.google.com/store/apps/details?id=com.exacron.cybersheep
INFO:__main__:Clicking the first Buy button for com.exacron.cybersheep
INFO:__main__:Found the purchasing iframe
INFO:__main__:Clicking the Continue button for com.exacron.cybersheep
INFO:__main__:Clicking the second Buy button for com.exacron.cybersheep
INFO:__main__:Entering the password
INFO:__main__:Found the purchasing iframe again
INFO:__main__:Found the purchase confirmation
INFO:__main__:Found the close purchase button
INFO:__main__:Successfully purchased com.exacron.cybersheep
INFO:__main__:Sleeping for 5 seconds after successful purchase
INFO:__main__:Resetting the driver frame to default
INFO:__main__:Loading https://play.google.com/store/apps/details?id=com.grantojanen.intentprompter
INFO:__main__:Clicking the first Buy button for com.grantojanen.intentprompter
INFO:__main__:Found the purchasing iframe
INFO:__main__:Clicking the Continue button for com.grantojanen.intentprompter
INFO:__main__:Clicking the second Buy button for com.grantojanen.intentprompter
INFO:__main__:Entering the password
INFO:__main__:Found the purchasing iframe again
INFO:__main__:Found the purchase confirmation
INFO:__main__:Found the close purchase button
INFO:__main__:Successfully purchased com.grantojanen.intentprompter
INFO:__main__:Sleeping for 5 seconds after successful purchase
INFO:__main__:Resetting the driver frame to default
INFO:__main__:Loading https://play.google.com/store/apps/details?id=com.grantsgames.usdcounter
INFO:__main__:Clicking the first Buy button for com.grantsgames.usdcounter
INFO:__main__:Found the purchasing iframe
INFO:__main__:Clicking the Continue button for com.grantsgames.usdcounter
INFO:__main__:Clicking the second Buy button for com.grantsgames.usdcounter
INFO:__main__:Entering the password
INFO:__main__:Found the purchasing iframe again
INFO:__main__:Found the purchase confirmation
INFO:__main__:Found the close purchase button
INFO:__main__:Successfully purchased com.grantsgames.usdcounter
INFO:__main__:Sleeping for 5 seconds after successful purchase
INFO:__main__:Resetting the driver frame to default
INFO:__main__:Loading https://play.google.com/store/apps/details?id=com.gudensoft.nwsservice
INFO:__main__:Clicking the first Buy button for com.gudensoft.nwsservice
INFO:__main__:Found the purchasing iframe
INFO:__main__:Clicking the Continue button for com.gudensoft.nwsservice
INFO:__main__:Clicking the second Buy button for com.gudensoft.nwsservice
INFO:__main__:Entering the password
INFO:__main__:Found the purchasing iframe again
INFO:__main__:Found the purchase confirmation
INFO:__main__:Found the close purchase button
INFO:__main__:Successfully purchased com.gudensoft.nwsservice
INFO:__main__:Sleeping for 5 seconds after successful purchase
INFO:__main__:Resetting the driver frame to default
INFO:__main__:Loading https://play.google.com/store/apps/details?id=com.hexappon.starking
INFO:__main__:Clicking the first Buy button for com.hexappon.starking
INFO:__main__:Found the purchasing iframe
INFO:__main__:Clicking the Continue button for com.hexappon.starking
INFO:__main__:Clicking the second Buy button for com.hexappon.starking
INFO:__main__:Entering the password
INFO:__main__:Found the purchasing iframe again
INFO:__main__:Found the purchase confirmation
INFO:__main__:Found the close purchase button
INFO:__main__:Successfully purchased com.hexappon.starking
INFO:__main__:Sleeping for 5 seconds after successful purchase
INFO:__main__:Resetting the driver frame to default
INFO:__main__:Loading https://play.google.com/store/apps/details?id=com.lmofitness.musclemate
INFO:__main__:Clicking the first Buy button for com.lmofitness.musclemate
INFO:__main__:Found the purchasing iframe
INFO:__main__:Clicking the Continue button for com.lmofitness.musclemate
INFO:__main__:Clicking the second Buy button for com.lmofitness.musclemate
INFO:__main__:Entering the password
INFO:__main__:Found the purchasing iframe again
INFO:__main__:Found the purchase confirmation
INFO:__main__:Found the close purchase button
INFO:__main__:Successfully purchased com.lmofitness.musclemate
INFO:__main__:Sleeping for 5 seconds after successful purchase
INFO:__main__:Resetting the driver frame to default
INFO:__main__:Loading https://play.google.com/store/apps/details?id=com.mindplanet.android.mado
INFO:__main__:Clicking the first Buy button for com.mindplanet.android.mado
INFO:__main__:Found the purchasing iframe
INFO:__main__:Clicking the Continue button for com.mindplanet.android.mado
INFO:__main__:Clicking the second Buy button for com.mindplanet.android.mado
INFO:__main__:Entering the password
INFO:__main__:Found the purchasing iframe again
INFO:__main__:Found the purchase confirmation
INFO:__main__:Found the close purchase button
INFO:__main__:Successfully purchased com.mindplanet.android.mado
INFO:__main__:Sleeping for 5 seconds after successful purchase
INFO:__main__:Resetting the driver frame to default
INFO:__main__:Loading https://play.google.com/store/apps/details?id=com.odinight.gradeonemath
INFO:__main__:Clicking the first Buy button for com.odinight.gradeonemath
INFO:__main__:Found the purchasing iframe
INFO:__main__:Clicking the Continue button for com.odinight.gradeonemath
INFO:__main__:Clicking the second Buy button for com.odinight.gradeonemath
INFO:__main__:Entering the password
INFO:__main__:Found the purchasing iframe again
INFO:__main__:Found the purchase confirmation
INFO:__main__:Found the close purchase button
INFO:__main__:Successfully purchased com.odinight.gradeonemath
INFO:__main__:Sleeping for 5 seconds after successful purchase
INFO:__main__:Resetting the driver frame to default
INFO:__main__:Loading https://play.google.com/store/apps/details?id=com.oxothuk.gorodki.full
INFO:__main__:Clicking the first Buy button for com.oxothuk.gorodki.full
INFO:__main__:Found the purchasing iframe
INFO:__main__:Clicking the Continue button for com.oxothuk.gorodki.full
INFO:__main__:Clicking the second Buy button for com.oxothuk.gorodki.full
INFO:__main__:Entering the password
INFO:__main__:Found the purchasing iframe again
INFO:__main__:Found the purchase confirmation
INFO:__main__:Found the close purchase button
INFO:__main__:Successfully purchased com.oxothuk.gorodki.full
INFO:__main__:Sleeping for 5 seconds after successful purchase
INFO:__main__:Resetting the driver frame to default
INFO:__main__:Loading https://play.google.com/store/apps/details?id=com.ruje.hry.pexeso
INFO:__main__:Clicking the first Buy button for com.ruje.hry.pexeso
INFO:__main__:Found the purchasing iframe
INFO:__main__:Clicking the Continue button for com.ruje.hry.pexeso
INFO:__main__:Clicking the second Buy button for com.ruje.hry.pexeso
INFO:__main__:Entering the password
INFO:__main__:Found the purchasing iframe again
INFO:__main__:Found the purchase confirmation
INFO:__main__:Found the close purchase button
INFO:__main__:Successfully purchased com.ruje.hry.pexeso
INFO:__main__:Sleeping for 5 seconds after successful purchase
INFO:__main__:Resetting the driver frame to default
INFO:__main__:Loading https://play.google.com/store/apps/details?id=com.stem.bulbs
INFO:__main__:Clicking the first Buy button for com.stem.bulbs
INFO:__main__:Found the purchasing iframe
INFO:__main__:Clicking the Continue button for com.stem.bulbs
INFO:__main__:Clicking the second Buy button for com.stem.bulbs
INFO:__main__:Entering the password
INFO:__main__:Found the purchasing iframe again
INFO:__main__:Found the purchase confirmation
INFO:__main__:Found the close purchase button
INFO:__main__:Successfully purchased com.stem.bulbs
INFO:__main__:Sleeping for 5 seconds after successful purchase
INFO:__main__:Resetting the driver frame to default
INFO:__main__:Loading https://play.google.com/store/apps/details?id=com.webclap.sweetstyle.sweetIconChange_strawberrybox_paid
ERROR:__main__:Exception buying com.webclap.sweetstyle.sweetIconChange_strawberrybox_paid
Traceback (most recent call last):
  File "autobuy.py", line 64, in _buy
    buy_button = driver.find_element_by_xpath("//button[contains(@aria-label, 'Buy')]")
  File "/home/ioreyes/Programming/auto-buy/venv/lib/python3.7/site-packages/selenium/webdriver/remote/webdriver.py", line 394, in find_element_by_xpath
    return self.find_element(by=By.XPATH, value=xpath)
  File "/home/ioreyes/Programming/auto-buy/venv/lib/python3.7/site-packages/selenium/webdriver/remote/webdriver.py", line 978, in find_element
    'value': value})['value']
  File "/home/ioreyes/Programming/auto-buy/venv/lib/python3.7/site-packages/selenium/webdriver/remote/webdriver.py", line 321, in execute
    self.error_handler.check_response(response)
  File "/home/ioreyes/Programming/auto-buy/venv/lib/python3.7/site-packages/selenium/webdriver/remote/errorhandler.py", line 242, in check_response
    raise exception_class(message, screen, stacktrace)
selenium.common.exceptions.NoSuchElementException: Message: Unable to locate element: //button[contains(@aria-label, 'Buy')]

INFO:__main__:Resetting the driver frame to default
INFO:__main__:Loading https://play.google.com/store/apps/details?id=cz.plajt.touchofimpress
INFO:__main__:Clicking the first Buy button for cz.plajt.touchofimpress
INFO:__main__:Found the purchasing iframe
INFO:__main__:Clicking the Continue button for cz.plajt.touchofimpress
INFO:__main__:Clicking the second Buy button for cz.plajt.touchofimpress
INFO:__main__:Entering the password
INFO:__main__:Found the purchasing iframe again
INFO:__main__:Found the purchase confirmation
INFO:__main__:Found the close purchase button
INFO:__main__:Successfully purchased cz.plajt.touchofimpress
INFO:__main__:Sleeping for 5 seconds after successful purchase
INFO:__main__:Resetting the driver frame to default
INFO:__main__:Loading https://play.google.com/store/apps/details?id=goldenhammer.scribbleworm
INFO:__main__:Clicking the first Buy button for goldenhammer.scribbleworm
INFO:__main__:Found the purchasing iframe
INFO:__main__:Clicking the Continue button for goldenhammer.scribbleworm
INFO:__main__:Clicking the second Buy button for goldenhammer.scribbleworm
INFO:__main__:Entering the password
INFO:__main__:Found the purchasing iframe again
INFO:__main__:Found the purchase confirmation
INFO:__main__:Found the close purchase button
INFO:__main__:Successfully purchased goldenhammer.scribbleworm
INFO:__main__:Sleeping for 5 seconds after successful purchase
INFO:__main__:Resetting the driver frame to default
INFO:__main__:Loading https://play.google.com/store/apps/details?id=org.androidworks.livewallpapertulip
INFO:__main__:Clicking the first Buy button for org.androidworks.livewallpapertulip
INFO:__main__:Found the purchasing iframe
INFO:__main__:Clicking the Continue button for org.androidworks.livewallpapertulip
INFO:__main__:Clicking the second Buy button for org.androidworks.livewallpapertulip
INFO:__main__:Entering the password
INFO:__main__:Found the purchasing iframe again
INFO:__main__:Found the purchase confirmation
INFO:__main__:Found the close purchase button
INFO:__main__:Successfully purchased org.androidworks.livewallpapertulip
INFO:__main__:Sleeping for 5 seconds after successful purchase
INFO:__main__:Resetting the driver frame to default
INFO:__main__:Loading https://play.google.com/store/apps/details?id=tatik.pexe_puzzle
INFO:__main__:Clicking the first Buy button for tatik.pexe_puzzle
INFO:__main__:Found the purchasing iframe
INFO:__main__:Clicking the Continue button for tatik.pexe_puzzle
INFO:__main__:Clicking the second Buy button for tatik.pexe_puzzle
INFO:__main__:Entering the password
INFO:__main__:Found the purchasing iframe again
ERROR:__main__:Exception buying tatik.pexe_puzzle
Traceback (most recent call last):
  File "autobuy.py", line 90, in _buy
    confirm_box = WebDriverWait(driver, action_timeout).until(expected_conditions.visibility_of_element_located((By.XPATH, "//div[@class='purchase-confirm-message']")))
  File "/home/ioreyes/Programming/auto-buy/venv/lib/python3.7/site-packages/selenium/webdriver/support/wait.py", line 80, in until
    raise TimeoutException(message, screen, stacktrace)
selenium.common.exceptions.TimeoutException: Message: 

INFO:__main__:Resetting the driver frame to default
INFO:__main__:Loading https://play.google.com/store/apps/details?id=com.guizard.application
INFO:__main__:Clicking the first Buy button for com.guizard.application
INFO:__main__:Found the purchasing iframe
INFO:__main__:Clicking the Continue button for com.guizard.application
INFO:__main__:Clicking the second Buy button for com.guizard.application
INFO:__main__:Entering the password
INFO:__main__:Found the purchasing iframe again
ERROR:__main__:Exception buying com.guizard.application
Traceback (most recent call last):
  File "autobuy.py", line 90, in _buy
    confirm_box = WebDriverWait(driver, action_timeout).until(expected_conditions.visibility_of_element_located((By.XPATH, "//div[@class='purchase-confirm-message']")))
  File "/home/ioreyes/Programming/auto-buy/venv/lib/python3.7/site-packages/selenium/webdriver/support/wait.py", line 80, in until
    raise TimeoutException(message, screen, stacktrace)
selenium.common.exceptions.TimeoutException: Message: 

INFO:__main__:Resetting the driver frame to default
INFO:__main__:Loading https://play.google.com/store/apps/details?id=dph.tools.photos.cloudphotomanager
INFO:__main__:Clicking the first Buy button for dph.tools.photos.cloudphotomanager
INFO:__main__:Found the purchasing iframe
INFO:__main__:Clicking the Continue button for dph.tools.photos.cloudphotomanager
INFO:__main__:Clicking the second Buy button for dph.tools.photos.cloudphotomanager
INFO:__main__:Entering the password
INFO:__main__:Found the purchasing iframe again
INFO:__main__:Found the purchase confirmation
INFO:__main__:Found the close purchase button
INFO:__main__:Successfully purchased dph.tools.photos.cloudphotomanager
INFO:__main__:Sleeping for 5 seconds after successful purchase
INFO:__main__:Resetting the driver frame to default
INFO:__main__:Loading https://play.google.com/store/apps/details?id=com.timegalore.magicbattle
INFO:__main__:Clicking the first Buy button for com.timegalore.magicbattle
INFO:__main__:Found the purchasing iframe
INFO:__main__:Clicking the Continue button for com.timegalore.magicbattle
INFO:__main__:Clicking the second Buy button for com.timegalore.magicbattle
INFO:__main__:Entering the password
INFO:__main__:Found the purchasing iframe again
ERROR:__main__:Exception buying com.timegalore.magicbattle
Traceback (most recent call last):
  File "autobuy.py", line 90, in _buy
    confirm_box = WebDriverWait(driver, action_timeout).until(expected_conditions.visibility_of_element_located((By.XPATH, "//div[@class='purchase-confirm-message']")))
  File "/home/ioreyes/Programming/auto-buy/venv/lib/python3.7/site-packages/selenium/webdriver/support/wait.py", line 80, in until
    raise TimeoutException(message, screen, stacktrace)
selenium.common.exceptions.TimeoutException: Message: 

INFO:__main__:Resetting the driver frame to default
INFO:__main__:Loading https://play.google.com/store/apps/details?id=com.adidiego.lasfinge
INFO:__main__:Clicking the first Buy button for com.adidiego.lasfinge
INFO:__main__:Found the purchasing iframe
INFO:__main__:Clicking the Continue button for com.adidiego.lasfinge
INFO:__main__:Clicking the second Buy button for com.adidiego.lasfinge
INFO:__main__:Entering the password
INFO:__main__:Found the purchasing iframe again
ERROR:__main__:Exception buying com.adidiego.lasfinge
Traceback (most recent call last):
  File "autobuy.py", line 90, in _buy
    confirm_box = WebDriverWait(driver, action_timeout).until(expected_conditions.visibility_of_element_located((By.XPATH, "//div[@class='purchase-confirm-message']")))
  File "/home/ioreyes/Programming/auto-buy/venv/lib/python3.7/site-packages/selenium/webdriver/support/wait.py", line 80, in until
    raise TimeoutException(message, screen, stacktrace)
selenium.common.exceptions.TimeoutException: Message: 

INFO:__main__:Resetting the driver frame to default
INFO:__main__:Cooling down for 45 seconds
INFO:__main__:Loading https://play.google.com/store/apps/details?id=de.fun4mobile.galaxyhopper
INFO:__main__:Clicking the first Buy button for de.fun4mobile.galaxyhopper
INFO:__main__:Found the purchasing iframe
INFO:__main__:Clicking the Continue button for de.fun4mobile.galaxyhopper
INFO:__main__:Clicking the second Buy button for de.fun4mobile.galaxyhopper
INFO:__main__:Entering the password
INFO:__main__:Found the purchasing iframe again
INFO:__main__:Found the purchase confirmation
INFO:__main__:Found the close purchase button
INFO:__main__:Successfully purchased de.fun4mobile.galaxyhopper
INFO:__main__:Sleeping for 5 seconds after successful purchase
INFO:__main__:Resetting the driver frame to default
INFO:__main__:Loading https://play.google.com/store/apps/details?id=com.binzin.playerunlocker
INFO:__main__:Clicking the first Buy button for com.binzin.playerunlocker
INFO:__main__:Found the purchasing iframe
INFO:__main__:Clicking the Continue button for com.binzin.playerunlocker
INFO:__main__:Clicking the second Buy button for com.binzin.playerunlocker
INFO:__main__:Entering the password
INFO:__main__:Found the purchasing iframe again
ERROR:__main__:Exception buying com.binzin.playerunlocker
Traceback (most recent call last):
  File "autobuy.py", line 90, in _buy
    confirm_box = WebDriverWait(driver, action_timeout).until(expected_conditions.visibility_of_element_located((By.XPATH, "//div[@class='purchase-confirm-message']")))
  File "/home/ioreyes/Programming/auto-buy/venv/lib/python3.7/site-packages/selenium/webdriver/support/wait.py", line 80, in until
    raise TimeoutException(message, screen, stacktrace)
selenium.common.exceptions.TimeoutException: Message: 

INFO:__main__:Resetting the driver frame to default
INFO:__main__:Loading https://play.google.com/store/apps/details?id=air.com.znappy.darts.scoreboard.pro
INFO:__main__:Clicking the first Buy button for air.com.znappy.darts.scoreboard.pro
INFO:__main__:Found the purchasing iframe
INFO:__main__:Clicking the Continue button for air.com.znappy.darts.scoreboard.pro
INFO:__main__:Clicking the second Buy button for air.com.znappy.darts.scoreboard.pro
INFO:__main__:Entering the password
INFO:__main__:Found the purchasing iframe again
INFO:__main__:Found the purchase confirmation
INFO:__main__:Found the close purchase button
INFO:__main__:Successfully purchased air.com.znappy.darts.scoreboard.pro
INFO:__main__:Sleeping for 5 seconds after successful purchase
INFO:__main__:Resetting the driver frame to default
INFO:__main__:Loading https://play.google.com/store/apps/details?id=com.glaucopercopo.app.classicalguitarpro
INFO:__main__:Clicking the first Buy button for com.glaucopercopo.app.classicalguitarpro
INFO:__main__:Found the purchasing iframe
INFO:__main__:Clicking the Continue button for com.glaucopercopo.app.classicalguitarpro
INFO:__main__:Clicking the second Buy button for com.glaucopercopo.app.classicalguitarpro
INFO:__main__:Entering the password
INFO:__main__:Found the purchasing iframe again
INFO:__main__:Found the purchase confirmation
INFO:__main__:Found the close purchase button
INFO:__main__:Successfully purchased com.glaucopercopo.app.classicalguitarpro
INFO:__main__:Sleeping for 5 seconds after successful purchase
INFO:__main__:Resetting the driver frame to default
INFO:__main__:Loading https://play.google.com/store/apps/details?id=com.midimaster.ballerburgfull
INFO:__main__:Clicking the first Buy button for com.midimaster.ballerburgfull
INFO:__main__:Found the purchasing iframe
INFO:__main__:Clicking the Continue button for com.midimaster.ballerburgfull
INFO:__main__:Clicking the second Buy button for com.midimaster.ballerburgfull
INFO:__main__:Entering the password
INFO:__main__:Found the purchasing iframe again
INFO:__main__:Found the purchase confirmation
INFO:__main__:Found the close purchase button
INFO:__main__:Successfully purchased com.midimaster.ballerburgfull
INFO:__main__:Sleeping for 5 seconds after successful purchase
INFO:__main__:Resetting the driver frame to default
INFO:__main__:Loading https://play.google.com/store/apps/details?id=de.lukasheidenreich.gpsmapexplorer
INFO:__main__:Clicking the first Buy button for de.lukasheidenreich.gpsmapexplorer
INFO:__main__:Found the purchasing iframe
INFO:__main__:Clicking the Continue button for de.lukasheidenreich.gpsmapexplorer
INFO:__main__:Clicking the second Buy button for de.lukasheidenreich.gpsmapexplorer
INFO:__main__:Entering the password
INFO:__main__:Found the purchasing iframe again
ERROR:__main__:Exception buying de.lukasheidenreich.gpsmapexplorer
Traceback (most recent call last):
  File "autobuy.py", line 90, in _buy
    confirm_box = WebDriverWait(driver, action_timeout).until(expected_conditions.visibility_of_element_located((By.XPATH, "//div[@class='purchase-confirm-message']")))
  File "/home/ioreyes/Programming/auto-buy/venv/lib/python3.7/site-packages/selenium/webdriver/support/wait.py", line 80, in until
    raise TimeoutException(message, screen, stacktrace)
selenium.common.exceptions.TimeoutException: Message: 

INFO:__main__:Resetting the driver frame to default
INFO:__main__:Loading https://play.google.com/store/apps/details?id=com.ermteam.emmo
INFO:__main__:Clicking the first Buy button for com.ermteam.emmo
INFO:__main__:Found the purchasing iframe
INFO:__main__:Clicking the Continue button for com.ermteam.emmo
INFO:__main__:Clicking the second Buy button for com.ermteam.emmo
INFO:__main__:Entering the password
INFO:__main__:Found the purchasing iframe again
INFO:__main__:Found the purchase confirmation
INFO:__main__:Found the close purchase button
INFO:__main__:Successfully purchased com.ermteam.emmo
INFO:__main__:Sleeping for 5 seconds after successful purchase
INFO:__main__:Resetting the driver frame to default
INFO:__main__:Loading https://play.google.com/store/apps/details?id=com.res.restuarantapp
INFO:__main__:Clicking the first Buy button for com.res.restuarantapp
INFO:__main__:Found the purchasing iframe
INFO:__main__:Clicking the Continue button for com.res.restuarantapp
INFO:__main__:Clicking the second Buy button for com.res.restuarantapp
INFO:__main__:Entering the password
INFO:__main__:Found the purchasing iframe again
ERROR:__main__:Exception buying com.res.restuarantapp
Traceback (most recent call last):
  File "autobuy.py", line 90, in _buy
    confirm_box = WebDriverWait(driver, action_timeout).until(expected_conditions.visibility_of_element_located((By.XPATH, "//div[@class='purchase-confirm-message']")))
  File "/home/ioreyes/Programming/auto-buy/venv/lib/python3.7/site-packages/selenium/webdriver/support/wait.py", line 80, in until
    raise TimeoutException(message, screen, stacktrace)
selenium.common.exceptions.TimeoutException: Message: 

INFO:__main__:Resetting the driver frame to default
INFO:__main__:Loading https://play.google.com/store/apps/details?id=chemasalamanca.Valentines_live_wallpaper
INFO:__main__:Clicking the first Buy button for chemasalamanca.Valentines_live_wallpaper
INFO:__main__:Found the purchasing iframe
INFO:__main__:Clicking the Continue button for chemasalamanca.Valentines_live_wallpaper
INFO:__main__:Clicking the second Buy button for chemasalamanca.Valentines_live_wallpaper
INFO:__main__:Entering the password
INFO:__main__:Found the purchasing iframe again
ERROR:__main__:Exception buying chemasalamanca.Valentines_live_wallpaper
Traceback (most recent call last):
  File "autobuy.py", line 90, in _buy
    confirm_box = WebDriverWait(driver, action_timeout).until(expected_conditions.visibility_of_element_located((By.XPATH, "//div[@class='purchase-confirm-message']")))
  File "/home/ioreyes/Programming/auto-buy/venv/lib/python3.7/site-packages/selenium/webdriver/support/wait.py", line 80, in until
    raise TimeoutException(message, screen, stacktrace)
selenium.common.exceptions.TimeoutException: Message: 

INFO:__main__:Resetting the driver frame to default
INFO:__main__:Loading https://play.google.com/store/apps/details?id=com.ticogroup.gocodeindia
INFO:__main__:Clicking the first Buy button for com.ticogroup.gocodeindia
INFO:__main__:Found the purchasing iframe
INFO:__main__:Clicking the Continue button for com.ticogroup.gocodeindia
INFO:__main__:Clicking the second Buy button for com.ticogroup.gocodeindia
INFO:__main__:Entering the password
INFO:__main__:Found the purchasing iframe again
ERROR:__main__:Exception buying com.ticogroup.gocodeindia
Traceback (most recent call last):
  File "autobuy.py", line 90, in _buy
    confirm_box = WebDriverWait(driver, action_timeout).until(expected_conditions.visibility_of_element_located((By.XPATH, "//div[@class='purchase-confirm-message']")))
  File "/home/ioreyes/Programming/auto-buy/venv/lib/python3.7/site-packages/selenium/webdriver/support/wait.py", line 80, in until
    raise TimeoutException(message, screen, stacktrace)
selenium.common.exceptions.TimeoutException: Message: 

INFO:__main__:Resetting the driver frame to default
INFO:__main__:Loading https://play.google.com/store/apps/details?id=com.acteon.sports.scorecounter
INFO:__main__:Clicking the first Buy button for com.acteon.sports.scorecounter
INFO:__main__:Found the purchasing iframe
INFO:__main__:Clicking the Continue button for com.acteon.sports.scorecounter
INFO:__main__:Clicking the second Buy button for com.acteon.sports.scorecounter
INFO:__main__:Entering the password
INFO:__main__:Found the purchasing iframe again
INFO:__main__:Found the purchase confirmation
INFO:__main__:Found the close purchase button
INFO:__main__:Successfully purchased com.acteon.sports.scorecounter
INFO:__main__:Sleeping for 5 seconds after successful purchase
INFO:__main__:Resetting the driver frame to default
INFO:__main__:Loading https://play.google.com/store/apps/details?id=com.lanius.kenoma.pob
INFO:__main__:Clicking the first Buy button for com.lanius.kenoma.pob
INFO:__main__:Found the purchasing iframe
INFO:__main__:Clicking the Continue button for com.lanius.kenoma.pob
INFO:__main__:Clicking the second Buy button for com.lanius.kenoma.pob
INFO:__main__:Entering the password
INFO:__main__:Found the purchasing iframe again
ERROR:__main__:Exception buying com.lanius.kenoma.pob
Traceback (most recent call last):
  File "autobuy.py", line 90, in _buy
    confirm_box = WebDriverWait(driver, action_timeout).until(expected_conditions.visibility_of_element_located((By.XPATH, "//div[@class='purchase-confirm-message']")))
  File "/home/ioreyes/Programming/auto-buy/venv/lib/python3.7/site-packages/selenium/webdriver/support/wait.py", line 80, in until
    raise TimeoutException(message, screen, stacktrace)
selenium.common.exceptions.TimeoutException: Message: 

INFO:__main__:Resetting the driver frame to default
INFO:__main__:Loading https://play.google.com/store/apps/details?id=com.mecasa.shadowballs
INFO:__main__:Clicking the first Buy button for com.mecasa.shadowballs
INFO:__main__:Found the purchasing iframe
INFO:__main__:Clicking the Continue button for com.mecasa.shadowballs
INFO:__main__:Clicking the second Buy button for com.mecasa.shadowballs
INFO:__main__:Entering the password
INFO:__main__:Found the purchasing iframe again
INFO:__main__:Found the purchase confirmation
INFO:__main__:Found the close purchase button
INFO:__main__:Successfully purchased com.mecasa.shadowballs
INFO:__main__:Sleeping for 5 seconds after successful purchase
INFO:__main__:Resetting the driver frame to default
INFO:__main__:Loading https://play.google.com/store/apps/details?id=com.huntergames.runbillyrun
INFO:__main__:Clicking the first Buy button for com.huntergames.runbillyrun
INFO:__main__:Found the purchasing iframe
INFO:__main__:Clicking the Continue button for com.huntergames.runbillyrun
INFO:__main__:Clicking the second Buy button for com.huntergames.runbillyrun
INFO:__main__:Entering the password
INFO:__main__:Found the purchasing iframe again
ERROR:__main__:Exception buying com.huntergames.runbillyrun
Traceback (most recent call last):
  File "autobuy.py", line 90, in _buy
    confirm_box = WebDriverWait(driver, action_timeout).until(expected_conditions.visibility_of_element_located((By.XPATH, "//div[@class='purchase-confirm-message']")))
  File "/home/ioreyes/Programming/auto-buy/venv/lib/python3.7/site-packages/selenium/webdriver/support/wait.py", line 80, in until
    raise TimeoutException(message, screen, stacktrace)
selenium.common.exceptions.TimeoutException: Message: 

INFO:__main__:Resetting the driver frame to default
INFO:__main__:Loading https://play.google.com/store/apps/details?id=com.antent.planetconqueror
INFO:__main__:Clicking the first Buy button for com.antent.planetconqueror
INFO:__main__:Found the purchasing iframe
INFO:__main__:Clicking the Continue button for com.antent.planetconqueror
INFO:__main__:Clicking the second Buy button for com.antent.planetconqueror
INFO:__main__:Entering the password
INFO:__main__:Found the purchasing iframe again
INFO:__main__:Found the purchase confirmation
INFO:__main__:Found the close purchase button
INFO:__main__:Successfully purchased com.antent.planetconqueror
INFO:__main__:Sleeping for 5 seconds after successful purchase
INFO:__main__:Resetting the driver frame to default
INFO:__main__:Loading https://play.google.com/store/apps/details?id=com.fluerapps.scaredcreatures
INFO:__main__:Clicking the first Buy button for com.fluerapps.scaredcreatures
INFO:__main__:Found the purchasing iframe
INFO:__main__:Clicking the Continue button for com.fluerapps.scaredcreatures
INFO:__main__:Clicking the second Buy button for com.fluerapps.scaredcreatures
INFO:__main__:Entering the password
INFO:__main__:Found the purchasing iframe again
INFO:__main__:Found the purchase confirmation
INFO:__main__:Found the close purchase button
INFO:__main__:Successfully purchased com.fluerapps.scaredcreatures
INFO:__main__:Sleeping for 5 seconds after successful purchase
INFO:__main__:Resetting the driver frame to default
INFO:__main__:Loading https://play.google.com/store/apps/details?id=com.makarovsoftware.android.flyingphotos
INFO:__main__:Clicking the first Buy button for com.makarovsoftware.android.flyingphotos
INFO:__main__:Found the purchasing iframe
INFO:__main__:Clicking the Continue button for com.makarovsoftware.android.flyingphotos
INFO:__main__:Clicking the second Buy button for com.makarovsoftware.android.flyingphotos
INFO:__main__:Entering the password
INFO:__main__:Found the purchasing iframe again
INFO:__main__:Found the purchase confirmation
INFO:__main__:Found the close purchase button
INFO:__main__:Successfully purchased com.makarovsoftware.android.flyingphotos
INFO:__main__:Sleeping for 5 seconds after successful purchase
INFO:__main__:Resetting the driver frame to default
INFO:__main__:Loading https://play.google.com/store/apps/details?id=com.blogspot.andmonahov.magicdistortion
INFO:__main__:Clicking the first Buy button for com.blogspot.andmonahov.magicdistortion
INFO:__main__:Found the purchasing iframe
INFO:__main__:Clicking the Continue button for com.blogspot.andmonahov.magicdistortion
INFO:__main__:Clicking the second Buy button for com.blogspot.andmonahov.magicdistortion
INFO:__main__:Entering the password
INFO:__main__:Found the purchasing iframe again
INFO:__main__:Found the purchase confirmation
INFO:__main__:Found the close purchase button
INFO:__main__:Successfully purchased com.blogspot.andmonahov.magicdistortion
INFO:__main__:Sleeping for 5 seconds after successful purchase
INFO:__main__:Resetting the driver frame to default
INFO:__main__:Loading https://play.google.com/store/apps/details?id=jp.ne.atech.android.movepaint.forchild.paid
INFO:__main__:Clicking the first Buy button for jp.ne.atech.android.movepaint.forchild.paid
INFO:__main__:Found the purchasing iframe
INFO:__main__:Clicking the Continue button for jp.ne.atech.android.movepaint.forchild.paid
INFO:__main__:Clicking the second Buy button for jp.ne.atech.android.movepaint.forchild.paid
INFO:__main__:Entering the password
INFO:__main__:Found the purchasing iframe again
INFO:__main__:Found the purchase confirmation
INFO:__main__:Found the close purchase button
INFO:__main__:Successfully purchased jp.ne.atech.android.movepaint.forchild.paid
INFO:__main__:Sleeping for 5 seconds after successful purchase
INFO:__main__:Resetting the driver frame to default
INFO:__main__:Loading https://play.google.com/store/apps/details?id=teddydroid.app.loa.pro
INFO:__main__:Clicking the first Buy button for teddydroid.app.loa.pro
INFO:__main__:Found the purchasing iframe
INFO:__main__:Clicking the Continue button for teddydroid.app.loa.pro
INFO:__main__:Clicking the second Buy button for teddydroid.app.loa.pro
INFO:__main__:Entering the password
INFO:__main__:Found the purchasing iframe again
ERROR:__main__:Exception buying teddydroid.app.loa.pro
Traceback (most recent call last):
  File "autobuy.py", line 90, in _buy
    confirm_box = WebDriverWait(driver, action_timeout).until(expected_conditions.visibility_of_element_located((By.XPATH, "//div[@class='purchase-confirm-message']")))
  File "/home/ioreyes/Programming/auto-buy/venv/lib/python3.7/site-packages/selenium/webdriver/support/wait.py", line 80, in until
    raise TimeoutException(message, screen, stacktrace)
selenium.common.exceptions.TimeoutException: Message: 

INFO:__main__:Resetting the driver frame to default
INFO:__main__:Loading https://play.google.com/store/apps/details?id=nimeproject.vr.vrskiing
INFO:__main__:Clicking the first Buy button for nimeproject.vr.vrskiing
INFO:__main__:Found the purchasing iframe
INFO:__main__:Clicking the Continue button for nimeproject.vr.vrskiing
INFO:__main__:Clicking the second Buy button for nimeproject.vr.vrskiing
INFO:__main__:Entering the password
INFO:__main__:Found the purchasing iframe again
ERROR:__main__:Exception buying nimeproject.vr.vrskiing
Traceback (most recent call last):
  File "autobuy.py", line 90, in _buy
    confirm_box = WebDriverWait(driver, action_timeout).until(expected_conditions.visibility_of_element_located((By.XPATH, "//div[@class='purchase-confirm-message']")))
  File "/home/ioreyes/Programming/auto-buy/venv/lib/python3.7/site-packages/selenium/webdriver/support/wait.py", line 80, in until
    raise TimeoutException(message, screen, stacktrace)
selenium.common.exceptions.TimeoutException: Message: 

INFO:__main__:Resetting the driver frame to default
INFO:__main__:Loading https://play.google.com/store/apps/details?id=com.driftwood.wallpaper.homestead
INFO:__main__:Clicking the first Buy button for com.driftwood.wallpaper.homestead
INFO:__main__:Found the purchasing iframe
INFO:__main__:Clicking the Continue button for com.driftwood.wallpaper.homestead
INFO:__main__:Clicking the second Buy button for com.driftwood.wallpaper.homestead
INFO:__main__:Entering the password
INFO:__main__:Found the purchasing iframe again
INFO:__main__:Found the purchase confirmation
INFO:__main__:Found the close purchase button
INFO:__main__:Successfully purchased com.driftwood.wallpaper.homestead
INFO:__main__:Sleeping for 5 seconds after successful purchase
INFO:__main__:Resetting the driver frame to default
INFO:__main__:Loading https://play.google.com/store/apps/details?id=com.driftwood.wallpaper.sleepypanda
INFO:__main__:Clicking the first Buy button for com.driftwood.wallpaper.sleepypanda
INFO:__main__:Found the purchasing iframe
INFO:__main__:Clicking the Continue button for com.driftwood.wallpaper.sleepypanda
INFO:__main__:Clicking the second Buy button for com.driftwood.wallpaper.sleepypanda
INFO:__main__:Entering the password
INFO:__main__:Found the purchasing iframe again
INFO:__main__:Found the purchase confirmation
INFO:__main__:Found the close purchase button
INFO:__main__:Successfully purchased com.driftwood.wallpaper.sleepypanda
INFO:__main__:Sleeping for 5 seconds after successful purchase
INFO:__main__:Resetting the driver frame to default
INFO:__main__:Loading https://play.google.com/store/apps/details?id=com.grantojanen.numberwordswriter
INFO:__main__:Clicking the first Buy button for com.grantojanen.numberwordswriter
INFO:__main__:Found the purchasing iframe
INFO:__main__:Clicking the Continue button for com.grantojanen.numberwordswriter
INFO:__main__:Clicking the second Buy button for com.grantojanen.numberwordswriter
INFO:__main__:Entering the password
INFO:__main__:Found the purchasing iframe again
INFO:__main__:Found the purchase confirmation
INFO:__main__:Found the close purchase button
INFO:__main__:Successfully purchased com.grantojanen.numberwordswriter
INFO:__main__:Sleeping for 5 seconds after successful purchase
INFO:__main__:Resetting the driver frame to default
INFO:__main__:Loading https://play.google.com/store/apps/details?id=com.jw.lwp.aqua.pro
INFO:__main__:Clicking the first Buy button for com.jw.lwp.aqua.pro
INFO:__main__:Found the purchasing iframe
INFO:__main__:Clicking the Continue button for com.jw.lwp.aqua.pro
INFO:__main__:Clicking the second Buy button for com.jw.lwp.aqua.pro
INFO:__main__:Entering the password
INFO:__main__:Found the purchasing iframe again
INFO:__main__:Found the purchase confirmation
INFO:__main__:Found the close purchase button
INFO:__main__:Successfully purchased com.jw.lwp.aqua.pro
INFO:__main__:Sleeping for 5 seconds after successful purchase
INFO:__main__:Resetting the driver frame to default
INFO:__main__:Cooling down for 45 seconds
INFO:__main__:Loading https://play.google.com/store/apps/details?id=jp.co.vibe.Christmas
INFO:__main__:Clicking the first Buy button for jp.co.vibe.Christmas
INFO:__main__:Found the purchasing iframe
INFO:__main__:Clicking the Continue button for jp.co.vibe.Christmas
INFO:__main__:Clicking the second Buy button for jp.co.vibe.Christmas
ERROR:__main__:Exception buying jp.co.vibe.Christmas
Traceback (most recent call last):
  File "autobuy.py", line 81, in _buy
    password_field = WebDriverWait(driver, action_timeout).until(expected_conditions.visibility_of_element_located((By.XPATH, "//input[@type='password' and @aria-label='Enter your password']")))
  File "/home/ioreyes/Programming/auto-buy/venv/lib/python3.7/site-packages/selenium/webdriver/support/wait.py", line 80, in until
    raise TimeoutException(message, screen, stacktrace)
selenium.common.exceptions.TimeoutException: Message: 

INFO:__main__:Resetting the driver frame to default
INFO:__main__:Loading https://play.google.com/store/apps/details?id=es.en.gand.gapp
INFO:__main__:Clicking the first Buy button for es.en.gand.gapp
INFO:__main__:Found the purchasing iframe
INFO:__main__:Clicking the Continue button for es.en.gand.gapp
INFO:__main__:Clicking the second Buy button for es.en.gand.gapp
INFO:__main__:Entering the password
INFO:__main__:Found the purchasing iframe again
INFO:__main__:Found the purchase confirmation
INFO:__main__:Found the close purchase button
INFO:__main__:Successfully purchased es.en.gand.gapp
INFO:__main__:Sleeping for 5 seconds after successful purchase
INFO:__main__:Resetting the driver frame to default
INFO:__main__:Loading https://play.google.com/store/apps/details?id=jp.ne.honmaitlabo.android.nicknamephone
INFO:__main__:Clicking the first Buy button for jp.ne.honmaitlabo.android.nicknamephone
INFO:__main__:Found the purchasing iframe
INFO:__main__:Clicking the Continue button for jp.ne.honmaitlabo.android.nicknamephone
INFO:__main__:Clicking the second Buy button for jp.ne.honmaitlabo.android.nicknamephone
INFO:__main__:Entering the password
INFO:__main__:Found the purchasing iframe again
ERROR:__main__:Exception buying jp.ne.honmaitlabo.android.nicknamephone
Traceback (most recent call last):
  File "autobuy.py", line 90, in _buy
    confirm_box = WebDriverWait(driver, action_timeout).until(expected_conditions.visibility_of_element_located((By.XPATH, "//div[@class='purchase-confirm-message']")))
  File "/home/ioreyes/Programming/auto-buy/venv/lib/python3.7/site-packages/selenium/webdriver/support/wait.py", line 80, in until
    raise TimeoutException(message, screen, stacktrace)
selenium.common.exceptions.TimeoutException: Message: 

INFO:__main__:Resetting the driver frame to default
